ARM GAS  /var/folders/jr/lt9tb7vj2871x9rxdxc0hz4h0000gn/T//cctm4ulB.s 			page 1


   1              		.cpu cortex-m4
   2              		.arch armv7e-m
   3              		.fpu fpv4-sp-d16
   4              		.eabi_attribute 27, 1
   5              		.eabi_attribute 28, 1
   6              		.eabi_attribute 20, 1
   7              		.eabi_attribute 21, 1
   8              		.eabi_attribute 23, 3
   9              		.eabi_attribute 24, 1
  10              		.eabi_attribute 25, 1
  11              		.eabi_attribute 26, 1
  12              		.eabi_attribute 30, 1
  13              		.eabi_attribute 34, 1
  14              		.eabi_attribute 18, 4
  15              		.file	"stm32f4xx_hal_exti.c"
  16              		.text
  17              	.Ltext0:
  18              		.cfi_sections	.debug_frame
  19              		.section	.text.HAL_EXTI_SetConfigLine,"ax",%progbits
  20              		.align	1
  21              		.global	HAL_EXTI_SetConfigLine
  22              		.syntax unified
  23              		.thumb
  24              		.thumb_func
  26              	HAL_EXTI_SetConfigLine:
  27              	.LVL0:
  28              	.LFB130:
  29              		.file 1 "Drivers/STM32F4xx_HAL_Driver/Src/stm32f4xx_hal_exti.c"
   1:Drivers/STM32F4xx_HAL_Driver/Src/stm32f4xx_hal_exti.c **** /**
   2:Drivers/STM32F4xx_HAL_Driver/Src/stm32f4xx_hal_exti.c ****   ******************************************************************************
   3:Drivers/STM32F4xx_HAL_Driver/Src/stm32f4xx_hal_exti.c ****   * @file    stm32f4xx_hal_exti.c
   4:Drivers/STM32F4xx_HAL_Driver/Src/stm32f4xx_hal_exti.c ****   * @author  MCD Application Team
   5:Drivers/STM32F4xx_HAL_Driver/Src/stm32f4xx_hal_exti.c ****   * @brief   EXTI HAL module driver.
   6:Drivers/STM32F4xx_HAL_Driver/Src/stm32f4xx_hal_exti.c ****   *          This file provides firmware functions to manage the following
   7:Drivers/STM32F4xx_HAL_Driver/Src/stm32f4xx_hal_exti.c ****   *          functionalities of the Extended Interrupts and events controller (EXTI) peripheral:
   8:Drivers/STM32F4xx_HAL_Driver/Src/stm32f4xx_hal_exti.c ****   *           + Initialization and de-initialization functions
   9:Drivers/STM32F4xx_HAL_Driver/Src/stm32f4xx_hal_exti.c ****   *           + IO operation functions
  10:Drivers/STM32F4xx_HAL_Driver/Src/stm32f4xx_hal_exti.c ****   *
  11:Drivers/STM32F4xx_HAL_Driver/Src/stm32f4xx_hal_exti.c ****   @verbatim
  12:Drivers/STM32F4xx_HAL_Driver/Src/stm32f4xx_hal_exti.c ****   ==============================================================================
  13:Drivers/STM32F4xx_HAL_Driver/Src/stm32f4xx_hal_exti.c ****                     ##### EXTI Peripheral features #####
  14:Drivers/STM32F4xx_HAL_Driver/Src/stm32f4xx_hal_exti.c ****   ==============================================================================
  15:Drivers/STM32F4xx_HAL_Driver/Src/stm32f4xx_hal_exti.c ****   [..]
  16:Drivers/STM32F4xx_HAL_Driver/Src/stm32f4xx_hal_exti.c ****     (+) Each Exti line can be configured within this driver.
  17:Drivers/STM32F4xx_HAL_Driver/Src/stm32f4xx_hal_exti.c **** 
  18:Drivers/STM32F4xx_HAL_Driver/Src/stm32f4xx_hal_exti.c ****     (+) Exti line can be configured in 3 different modes
  19:Drivers/STM32F4xx_HAL_Driver/Src/stm32f4xx_hal_exti.c ****         (++) Interrupt
  20:Drivers/STM32F4xx_HAL_Driver/Src/stm32f4xx_hal_exti.c ****         (++) Event
  21:Drivers/STM32F4xx_HAL_Driver/Src/stm32f4xx_hal_exti.c ****         (++) Both of them
  22:Drivers/STM32F4xx_HAL_Driver/Src/stm32f4xx_hal_exti.c **** 
  23:Drivers/STM32F4xx_HAL_Driver/Src/stm32f4xx_hal_exti.c ****     (+) Configurable Exti lines can be configured with 3 different triggers
  24:Drivers/STM32F4xx_HAL_Driver/Src/stm32f4xx_hal_exti.c ****         (++) Rising
  25:Drivers/STM32F4xx_HAL_Driver/Src/stm32f4xx_hal_exti.c ****         (++) Falling
  26:Drivers/STM32F4xx_HAL_Driver/Src/stm32f4xx_hal_exti.c ****         (++) Both of them
  27:Drivers/STM32F4xx_HAL_Driver/Src/stm32f4xx_hal_exti.c **** 
  28:Drivers/STM32F4xx_HAL_Driver/Src/stm32f4xx_hal_exti.c ****     (+) When set in interrupt mode, configurable Exti lines have two different
  29:Drivers/STM32F4xx_HAL_Driver/Src/stm32f4xx_hal_exti.c ****         interrupts pending registers which allow to distinguish which transition
ARM GAS  /var/folders/jr/lt9tb7vj2871x9rxdxc0hz4h0000gn/T//cctm4ulB.s 			page 2


  30:Drivers/STM32F4xx_HAL_Driver/Src/stm32f4xx_hal_exti.c ****         occurs:
  31:Drivers/STM32F4xx_HAL_Driver/Src/stm32f4xx_hal_exti.c ****         (++) Rising edge pending interrupt
  32:Drivers/STM32F4xx_HAL_Driver/Src/stm32f4xx_hal_exti.c ****         (++) Falling
  33:Drivers/STM32F4xx_HAL_Driver/Src/stm32f4xx_hal_exti.c **** 
  34:Drivers/STM32F4xx_HAL_Driver/Src/stm32f4xx_hal_exti.c ****     (+) Exti lines 0 to 15 are linked to gpio pin number 0 to 15. Gpio port can
  35:Drivers/STM32F4xx_HAL_Driver/Src/stm32f4xx_hal_exti.c ****         be selected through multiplexer.
  36:Drivers/STM32F4xx_HAL_Driver/Src/stm32f4xx_hal_exti.c **** 
  37:Drivers/STM32F4xx_HAL_Driver/Src/stm32f4xx_hal_exti.c ****                      ##### How to use this driver #####
  38:Drivers/STM32F4xx_HAL_Driver/Src/stm32f4xx_hal_exti.c ****   ==============================================================================
  39:Drivers/STM32F4xx_HAL_Driver/Src/stm32f4xx_hal_exti.c ****   [..]
  40:Drivers/STM32F4xx_HAL_Driver/Src/stm32f4xx_hal_exti.c **** 
  41:Drivers/STM32F4xx_HAL_Driver/Src/stm32f4xx_hal_exti.c ****     (#) Configure the EXTI line using HAL_EXTI_SetConfigLine().
  42:Drivers/STM32F4xx_HAL_Driver/Src/stm32f4xx_hal_exti.c ****         (++) Choose the interrupt line number by setting "Line" member from
  43:Drivers/STM32F4xx_HAL_Driver/Src/stm32f4xx_hal_exti.c ****              EXTI_ConfigTypeDef structure.
  44:Drivers/STM32F4xx_HAL_Driver/Src/stm32f4xx_hal_exti.c ****         (++) Configure the interrupt and/or event mode using "Mode" member from
  45:Drivers/STM32F4xx_HAL_Driver/Src/stm32f4xx_hal_exti.c ****              EXTI_ConfigTypeDef structure.
  46:Drivers/STM32F4xx_HAL_Driver/Src/stm32f4xx_hal_exti.c ****         (++) For configurable lines, configure rising and/or falling trigger
  47:Drivers/STM32F4xx_HAL_Driver/Src/stm32f4xx_hal_exti.c ****              "Trigger" member from EXTI_ConfigTypeDef structure.
  48:Drivers/STM32F4xx_HAL_Driver/Src/stm32f4xx_hal_exti.c ****         (++) For Exti lines linked to gpio, choose gpio port using "GPIOSel"
  49:Drivers/STM32F4xx_HAL_Driver/Src/stm32f4xx_hal_exti.c ****              member from GPIO_InitTypeDef structure.
  50:Drivers/STM32F4xx_HAL_Driver/Src/stm32f4xx_hal_exti.c **** 
  51:Drivers/STM32F4xx_HAL_Driver/Src/stm32f4xx_hal_exti.c ****     (#) Get current Exti configuration of a dedicated line using
  52:Drivers/STM32F4xx_HAL_Driver/Src/stm32f4xx_hal_exti.c ****         HAL_EXTI_GetConfigLine().
  53:Drivers/STM32F4xx_HAL_Driver/Src/stm32f4xx_hal_exti.c ****         (++) Provide exiting handle as parameter.
  54:Drivers/STM32F4xx_HAL_Driver/Src/stm32f4xx_hal_exti.c ****         (++) Provide pointer on EXTI_ConfigTypeDef structure as second parameter.
  55:Drivers/STM32F4xx_HAL_Driver/Src/stm32f4xx_hal_exti.c **** 
  56:Drivers/STM32F4xx_HAL_Driver/Src/stm32f4xx_hal_exti.c ****     (#) Clear Exti configuration of a dedicated line using HAL_EXTI_GetConfigLine().
  57:Drivers/STM32F4xx_HAL_Driver/Src/stm32f4xx_hal_exti.c ****         (++) Provide exiting handle as parameter.
  58:Drivers/STM32F4xx_HAL_Driver/Src/stm32f4xx_hal_exti.c **** 
  59:Drivers/STM32F4xx_HAL_Driver/Src/stm32f4xx_hal_exti.c ****     (#) Register callback to treat Exti interrupts using HAL_EXTI_RegisterCallback().
  60:Drivers/STM32F4xx_HAL_Driver/Src/stm32f4xx_hal_exti.c ****         (++) Provide exiting handle as first parameter.
  61:Drivers/STM32F4xx_HAL_Driver/Src/stm32f4xx_hal_exti.c ****         (++) Provide which callback will be registered using one value from
  62:Drivers/STM32F4xx_HAL_Driver/Src/stm32f4xx_hal_exti.c ****              EXTI_CallbackIDTypeDef.
  63:Drivers/STM32F4xx_HAL_Driver/Src/stm32f4xx_hal_exti.c ****         (++) Provide callback function pointer.
  64:Drivers/STM32F4xx_HAL_Driver/Src/stm32f4xx_hal_exti.c **** 
  65:Drivers/STM32F4xx_HAL_Driver/Src/stm32f4xx_hal_exti.c ****     (#) Get interrupt pending bit using HAL_EXTI_GetPending().
  66:Drivers/STM32F4xx_HAL_Driver/Src/stm32f4xx_hal_exti.c **** 
  67:Drivers/STM32F4xx_HAL_Driver/Src/stm32f4xx_hal_exti.c ****     (#) Clear interrupt pending bit using HAL_EXTI_GetPending().
  68:Drivers/STM32F4xx_HAL_Driver/Src/stm32f4xx_hal_exti.c **** 
  69:Drivers/STM32F4xx_HAL_Driver/Src/stm32f4xx_hal_exti.c ****     (#) Generate software interrupt using HAL_EXTI_GenerateSWI().
  70:Drivers/STM32F4xx_HAL_Driver/Src/stm32f4xx_hal_exti.c **** 
  71:Drivers/STM32F4xx_HAL_Driver/Src/stm32f4xx_hal_exti.c ****   @endverbatim
  72:Drivers/STM32F4xx_HAL_Driver/Src/stm32f4xx_hal_exti.c ****   ******************************************************************************
  73:Drivers/STM32F4xx_HAL_Driver/Src/stm32f4xx_hal_exti.c ****   * @attention
  74:Drivers/STM32F4xx_HAL_Driver/Src/stm32f4xx_hal_exti.c ****   *
  75:Drivers/STM32F4xx_HAL_Driver/Src/stm32f4xx_hal_exti.c ****   * <h2><center>&copy; Copyright (c) 2018 STMicroelectronics.
  76:Drivers/STM32F4xx_HAL_Driver/Src/stm32f4xx_hal_exti.c ****   * All rights reserved.</center></h2>
  77:Drivers/STM32F4xx_HAL_Driver/Src/stm32f4xx_hal_exti.c ****   *
  78:Drivers/STM32F4xx_HAL_Driver/Src/stm32f4xx_hal_exti.c ****   * This software component is licensed by ST under BSD 3-Clause license,
  79:Drivers/STM32F4xx_HAL_Driver/Src/stm32f4xx_hal_exti.c ****   * the "License"; You may not use this file except in compliance with the
  80:Drivers/STM32F4xx_HAL_Driver/Src/stm32f4xx_hal_exti.c ****   * License. You may obtain a copy of the License at:
  81:Drivers/STM32F4xx_HAL_Driver/Src/stm32f4xx_hal_exti.c ****   *                        opensource.org/licenses/BSD-3-Clause
  82:Drivers/STM32F4xx_HAL_Driver/Src/stm32f4xx_hal_exti.c ****   *
  83:Drivers/STM32F4xx_HAL_Driver/Src/stm32f4xx_hal_exti.c ****   ******************************************************************************
  84:Drivers/STM32F4xx_HAL_Driver/Src/stm32f4xx_hal_exti.c ****   */
  85:Drivers/STM32F4xx_HAL_Driver/Src/stm32f4xx_hal_exti.c **** 
  86:Drivers/STM32F4xx_HAL_Driver/Src/stm32f4xx_hal_exti.c **** /* Includes ------------------------------------------------------------------*/
ARM GAS  /var/folders/jr/lt9tb7vj2871x9rxdxc0hz4h0000gn/T//cctm4ulB.s 			page 3


  87:Drivers/STM32F4xx_HAL_Driver/Src/stm32f4xx_hal_exti.c **** #include "stm32f4xx_hal.h"
  88:Drivers/STM32F4xx_HAL_Driver/Src/stm32f4xx_hal_exti.c **** 
  89:Drivers/STM32F4xx_HAL_Driver/Src/stm32f4xx_hal_exti.c **** /** @addtogroup STM32F4xx_HAL_Driver
  90:Drivers/STM32F4xx_HAL_Driver/Src/stm32f4xx_hal_exti.c ****   * @{
  91:Drivers/STM32F4xx_HAL_Driver/Src/stm32f4xx_hal_exti.c ****   */
  92:Drivers/STM32F4xx_HAL_Driver/Src/stm32f4xx_hal_exti.c **** 
  93:Drivers/STM32F4xx_HAL_Driver/Src/stm32f4xx_hal_exti.c **** /** @addtogroup EXTI
  94:Drivers/STM32F4xx_HAL_Driver/Src/stm32f4xx_hal_exti.c ****   * @{
  95:Drivers/STM32F4xx_HAL_Driver/Src/stm32f4xx_hal_exti.c ****   */
  96:Drivers/STM32F4xx_HAL_Driver/Src/stm32f4xx_hal_exti.c **** /** MISRA C:2012 deviation rule has been granted for following rule:
  97:Drivers/STM32F4xx_HAL_Driver/Src/stm32f4xx_hal_exti.c ****   * Rule-18.1_b - Medium: Array `EXTICR' 1st subscript interval [0,7] may be out
  98:Drivers/STM32F4xx_HAL_Driver/Src/stm32f4xx_hal_exti.c ****   * of bounds [0,3] in following API :
  99:Drivers/STM32F4xx_HAL_Driver/Src/stm32f4xx_hal_exti.c ****   * HAL_EXTI_SetConfigLine
 100:Drivers/STM32F4xx_HAL_Driver/Src/stm32f4xx_hal_exti.c ****   * HAL_EXTI_GetConfigLine
 101:Drivers/STM32F4xx_HAL_Driver/Src/stm32f4xx_hal_exti.c ****   * HAL_EXTI_ClearConfigLine
 102:Drivers/STM32F4xx_HAL_Driver/Src/stm32f4xx_hal_exti.c ****   */
 103:Drivers/STM32F4xx_HAL_Driver/Src/stm32f4xx_hal_exti.c **** 
 104:Drivers/STM32F4xx_HAL_Driver/Src/stm32f4xx_hal_exti.c **** #ifdef HAL_EXTI_MODULE_ENABLED
 105:Drivers/STM32F4xx_HAL_Driver/Src/stm32f4xx_hal_exti.c **** 
 106:Drivers/STM32F4xx_HAL_Driver/Src/stm32f4xx_hal_exti.c **** /* Private typedef -----------------------------------------------------------*/
 107:Drivers/STM32F4xx_HAL_Driver/Src/stm32f4xx_hal_exti.c **** /* Private defines -----------------------------------------------------------*/
 108:Drivers/STM32F4xx_HAL_Driver/Src/stm32f4xx_hal_exti.c **** /** @defgroup EXTI_Private_Constants EXTI Private Constants
 109:Drivers/STM32F4xx_HAL_Driver/Src/stm32f4xx_hal_exti.c ****   * @{
 110:Drivers/STM32F4xx_HAL_Driver/Src/stm32f4xx_hal_exti.c ****   */
 111:Drivers/STM32F4xx_HAL_Driver/Src/stm32f4xx_hal_exti.c **** 
 112:Drivers/STM32F4xx_HAL_Driver/Src/stm32f4xx_hal_exti.c **** /**
 113:Drivers/STM32F4xx_HAL_Driver/Src/stm32f4xx_hal_exti.c ****   * @}
 114:Drivers/STM32F4xx_HAL_Driver/Src/stm32f4xx_hal_exti.c ****   */
 115:Drivers/STM32F4xx_HAL_Driver/Src/stm32f4xx_hal_exti.c **** 
 116:Drivers/STM32F4xx_HAL_Driver/Src/stm32f4xx_hal_exti.c **** /* Private macros ------------------------------------------------------------*/
 117:Drivers/STM32F4xx_HAL_Driver/Src/stm32f4xx_hal_exti.c **** /* Private variables ---------------------------------------------------------*/
 118:Drivers/STM32F4xx_HAL_Driver/Src/stm32f4xx_hal_exti.c **** /* Private function prototypes -----------------------------------------------*/
 119:Drivers/STM32F4xx_HAL_Driver/Src/stm32f4xx_hal_exti.c **** /* Exported functions --------------------------------------------------------*/
 120:Drivers/STM32F4xx_HAL_Driver/Src/stm32f4xx_hal_exti.c **** 
 121:Drivers/STM32F4xx_HAL_Driver/Src/stm32f4xx_hal_exti.c **** /** @addtogroup EXTI_Exported_Functions
 122:Drivers/STM32F4xx_HAL_Driver/Src/stm32f4xx_hal_exti.c ****   * @{
 123:Drivers/STM32F4xx_HAL_Driver/Src/stm32f4xx_hal_exti.c ****   */
 124:Drivers/STM32F4xx_HAL_Driver/Src/stm32f4xx_hal_exti.c **** 
 125:Drivers/STM32F4xx_HAL_Driver/Src/stm32f4xx_hal_exti.c **** /** @addtogroup EXTI_Exported_Functions_Group1
 126:Drivers/STM32F4xx_HAL_Driver/Src/stm32f4xx_hal_exti.c ****   *  @brief    Configuration functions
 127:Drivers/STM32F4xx_HAL_Driver/Src/stm32f4xx_hal_exti.c ****   *
 128:Drivers/STM32F4xx_HAL_Driver/Src/stm32f4xx_hal_exti.c **** @verbatim
 129:Drivers/STM32F4xx_HAL_Driver/Src/stm32f4xx_hal_exti.c ****  ===============================================================================
 130:Drivers/STM32F4xx_HAL_Driver/Src/stm32f4xx_hal_exti.c ****               ##### Configuration functions #####
 131:Drivers/STM32F4xx_HAL_Driver/Src/stm32f4xx_hal_exti.c ****  ===============================================================================
 132:Drivers/STM32F4xx_HAL_Driver/Src/stm32f4xx_hal_exti.c **** 
 133:Drivers/STM32F4xx_HAL_Driver/Src/stm32f4xx_hal_exti.c **** @endverbatim
 134:Drivers/STM32F4xx_HAL_Driver/Src/stm32f4xx_hal_exti.c ****   * @{
 135:Drivers/STM32F4xx_HAL_Driver/Src/stm32f4xx_hal_exti.c ****   */
 136:Drivers/STM32F4xx_HAL_Driver/Src/stm32f4xx_hal_exti.c **** 
 137:Drivers/STM32F4xx_HAL_Driver/Src/stm32f4xx_hal_exti.c **** /**
 138:Drivers/STM32F4xx_HAL_Driver/Src/stm32f4xx_hal_exti.c ****   * @brief  Set configuration of a dedicated Exti line.
 139:Drivers/STM32F4xx_HAL_Driver/Src/stm32f4xx_hal_exti.c ****   * @param  hexti Exti handle.
 140:Drivers/STM32F4xx_HAL_Driver/Src/stm32f4xx_hal_exti.c ****   * @param  pExtiConfig Pointer on EXTI configuration to be set.
 141:Drivers/STM32F4xx_HAL_Driver/Src/stm32f4xx_hal_exti.c ****   * @retval HAL Status.
 142:Drivers/STM32F4xx_HAL_Driver/Src/stm32f4xx_hal_exti.c ****   */
 143:Drivers/STM32F4xx_HAL_Driver/Src/stm32f4xx_hal_exti.c **** HAL_StatusTypeDef HAL_EXTI_SetConfigLine(EXTI_HandleTypeDef *hexti, EXTI_ConfigTypeDef *pExtiConfig
ARM GAS  /var/folders/jr/lt9tb7vj2871x9rxdxc0hz4h0000gn/T//cctm4ulB.s 			page 4


 144:Drivers/STM32F4xx_HAL_Driver/Src/stm32f4xx_hal_exti.c **** {
  30              		.loc 1 144 1 view -0
  31              		.cfi_startproc
  32              		@ args = 0, pretend = 0, frame = 0
  33              		@ frame_needed = 0, uses_anonymous_args = 0
  34              		@ link register save eliminated.
 145:Drivers/STM32F4xx_HAL_Driver/Src/stm32f4xx_hal_exti.c ****   uint32_t regval;
  35              		.loc 1 145 3 view .LVU1
 146:Drivers/STM32F4xx_HAL_Driver/Src/stm32f4xx_hal_exti.c ****   uint32_t linepos;
  36              		.loc 1 146 3 view .LVU2
 147:Drivers/STM32F4xx_HAL_Driver/Src/stm32f4xx_hal_exti.c ****   uint32_t maskline;
  37              		.loc 1 147 3 view .LVU3
 148:Drivers/STM32F4xx_HAL_Driver/Src/stm32f4xx_hal_exti.c **** 
 149:Drivers/STM32F4xx_HAL_Driver/Src/stm32f4xx_hal_exti.c ****   /* Check null pointer */
 150:Drivers/STM32F4xx_HAL_Driver/Src/stm32f4xx_hal_exti.c ****   if ((hexti == NULL) || (pExtiConfig == NULL))
  38              		.loc 1 150 3 view .LVU4
  39              		.loc 1 150 6 is_stmt 0 view .LVU5
  40 0000 0028     		cmp	r0, #0
  41 0002 60D0     		beq	.L11
  42              		.loc 1 150 23 discriminator 1 view .LVU6
  43 0004 0029     		cmp	r1, #0
  44 0006 60D0     		beq	.L12
 144:Drivers/STM32F4xx_HAL_Driver/Src/stm32f4xx_hal_exti.c ****   uint32_t regval;
  45              		.loc 1 144 1 view .LVU7
  46 0008 70B4     		push	{r4, r5, r6}
  47              	.LCFI0:
  48              		.cfi_def_cfa_offset 12
  49              		.cfi_offset 4, -12
  50              		.cfi_offset 5, -8
  51              		.cfi_offset 6, -4
 151:Drivers/STM32F4xx_HAL_Driver/Src/stm32f4xx_hal_exti.c ****   {
 152:Drivers/STM32F4xx_HAL_Driver/Src/stm32f4xx_hal_exti.c ****     return HAL_ERROR;
 153:Drivers/STM32F4xx_HAL_Driver/Src/stm32f4xx_hal_exti.c ****   }
 154:Drivers/STM32F4xx_HAL_Driver/Src/stm32f4xx_hal_exti.c **** 
 155:Drivers/STM32F4xx_HAL_Driver/Src/stm32f4xx_hal_exti.c ****   /* Check parameters */
 156:Drivers/STM32F4xx_HAL_Driver/Src/stm32f4xx_hal_exti.c ****   assert_param(IS_EXTI_LINE(pExtiConfig->Line));
  52              		.loc 1 156 3 is_stmt 1 view .LVU8
 157:Drivers/STM32F4xx_HAL_Driver/Src/stm32f4xx_hal_exti.c ****   assert_param(IS_EXTI_MODE(pExtiConfig->Mode));
  53              		.loc 1 157 3 view .LVU9
 158:Drivers/STM32F4xx_HAL_Driver/Src/stm32f4xx_hal_exti.c **** 
 159:Drivers/STM32F4xx_HAL_Driver/Src/stm32f4xx_hal_exti.c ****   /* Assign line number to handle */
 160:Drivers/STM32F4xx_HAL_Driver/Src/stm32f4xx_hal_exti.c ****   hexti->Line = pExtiConfig->Line;
  54              		.loc 1 160 3 view .LVU10
  55              		.loc 1 160 28 is_stmt 0 view .LVU11
  56 000a 0B68     		ldr	r3, [r1]
  57              		.loc 1 160 15 view .LVU12
  58 000c 0360     		str	r3, [r0]
 161:Drivers/STM32F4xx_HAL_Driver/Src/stm32f4xx_hal_exti.c **** 
 162:Drivers/STM32F4xx_HAL_Driver/Src/stm32f4xx_hal_exti.c ****   /* Compute line mask */
 163:Drivers/STM32F4xx_HAL_Driver/Src/stm32f4xx_hal_exti.c ****   linepos = (pExtiConfig->Line & EXTI_PIN_MASK);
  59              		.loc 1 163 3 is_stmt 1 view .LVU13
  60              		.loc 1 163 11 is_stmt 0 view .LVU14
  61 000e 03F01F02 		and	r2, r3, #31
  62              	.LVL1:
 164:Drivers/STM32F4xx_HAL_Driver/Src/stm32f4xx_hal_exti.c ****   maskline = (1uL << linepos);
  63              		.loc 1 164 3 is_stmt 1 view .LVU15
  64              		.loc 1 164 12 is_stmt 0 view .LVU16
ARM GAS  /var/folders/jr/lt9tb7vj2871x9rxdxc0hz4h0000gn/T//cctm4ulB.s 			page 5


  65 0012 0120     		movs	r0, #1
  66              	.LVL2:
  67              		.loc 1 164 12 view .LVU17
  68 0014 9040     		lsls	r0, r0, r2
  69              	.LVL3:
 165:Drivers/STM32F4xx_HAL_Driver/Src/stm32f4xx_hal_exti.c **** 
 166:Drivers/STM32F4xx_HAL_Driver/Src/stm32f4xx_hal_exti.c ****   /* Configure triggers for configurable lines */
 167:Drivers/STM32F4xx_HAL_Driver/Src/stm32f4xx_hal_exti.c ****   if ((pExtiConfig->Line & EXTI_CONFIG) != 0x00u)
  70              		.loc 1 167 3 is_stmt 1 view .LVU18
  71              		.loc 1 167 6 is_stmt 0 view .LVU19
  72 0016 13F0007F 		tst	r3, #33554432
  73 001a 15D0     		beq	.L3
 168:Drivers/STM32F4xx_HAL_Driver/Src/stm32f4xx_hal_exti.c ****   {
 169:Drivers/STM32F4xx_HAL_Driver/Src/stm32f4xx_hal_exti.c ****     assert_param(IS_EXTI_TRIGGER(pExtiConfig->Trigger));
  74              		.loc 1 169 5 is_stmt 1 view .LVU20
 170:Drivers/STM32F4xx_HAL_Driver/Src/stm32f4xx_hal_exti.c **** 
 171:Drivers/STM32F4xx_HAL_Driver/Src/stm32f4xx_hal_exti.c ****     /* Configure rising trigger */
 172:Drivers/STM32F4xx_HAL_Driver/Src/stm32f4xx_hal_exti.c ****     /* Mask or set line */
 173:Drivers/STM32F4xx_HAL_Driver/Src/stm32f4xx_hal_exti.c ****     if ((pExtiConfig->Trigger & EXTI_TRIGGER_RISING) != 0x00u)
  75              		.loc 1 173 5 view .LVU21
  76              		.loc 1 173 8 is_stmt 0 view .LVU22
  77 001c 8C68     		ldr	r4, [r1, #8]
  78 001e 14F0010F 		tst	r4, #1
  79 0022 24D0     		beq	.L4
 174:Drivers/STM32F4xx_HAL_Driver/Src/stm32f4xx_hal_exti.c ****     {
 175:Drivers/STM32F4xx_HAL_Driver/Src/stm32f4xx_hal_exti.c ****       EXTI->RTSR |= maskline;
  80              		.loc 1 175 7 is_stmt 1 view .LVU23
  81              		.loc 1 175 18 is_stmt 0 view .LVU24
  82 0024 2A4D     		ldr	r5, .L18
  83 0026 AC68     		ldr	r4, [r5, #8]
  84 0028 0443     		orrs	r4, r4, r0
  85 002a AC60     		str	r4, [r5, #8]
  86              	.L5:
 176:Drivers/STM32F4xx_HAL_Driver/Src/stm32f4xx_hal_exti.c ****     }
 177:Drivers/STM32F4xx_HAL_Driver/Src/stm32f4xx_hal_exti.c ****     else
 178:Drivers/STM32F4xx_HAL_Driver/Src/stm32f4xx_hal_exti.c ****     {
 179:Drivers/STM32F4xx_HAL_Driver/Src/stm32f4xx_hal_exti.c ****       EXTI->RTSR &= ~maskline;
 180:Drivers/STM32F4xx_HAL_Driver/Src/stm32f4xx_hal_exti.c ****     }
 181:Drivers/STM32F4xx_HAL_Driver/Src/stm32f4xx_hal_exti.c **** 
 182:Drivers/STM32F4xx_HAL_Driver/Src/stm32f4xx_hal_exti.c ****     /* Configure falling trigger */
 183:Drivers/STM32F4xx_HAL_Driver/Src/stm32f4xx_hal_exti.c ****     /* Mask or set line */
 184:Drivers/STM32F4xx_HAL_Driver/Src/stm32f4xx_hal_exti.c ****     if ((pExtiConfig->Trigger & EXTI_TRIGGER_FALLING) != 0x00u)
  87              		.loc 1 184 5 is_stmt 1 view .LVU25
  88              		.loc 1 184 8 is_stmt 0 view .LVU26
  89 002c 8C68     		ldr	r4, [r1, #8]
  90 002e 14F0020F 		tst	r4, #2
  91 0032 22D0     		beq	.L6
 185:Drivers/STM32F4xx_HAL_Driver/Src/stm32f4xx_hal_exti.c ****     {
 186:Drivers/STM32F4xx_HAL_Driver/Src/stm32f4xx_hal_exti.c ****       EXTI->FTSR |= maskline;
  92              		.loc 1 186 7 is_stmt 1 view .LVU27
  93              		.loc 1 186 18 is_stmt 0 view .LVU28
  94 0034 264D     		ldr	r5, .L18
  95 0036 EC68     		ldr	r4, [r5, #12]
  96 0038 0443     		orrs	r4, r4, r0
  97 003a EC60     		str	r4, [r5, #12]
  98              	.L7:
 187:Drivers/STM32F4xx_HAL_Driver/Src/stm32f4xx_hal_exti.c ****     }
ARM GAS  /var/folders/jr/lt9tb7vj2871x9rxdxc0hz4h0000gn/T//cctm4ulB.s 			page 6


 188:Drivers/STM32F4xx_HAL_Driver/Src/stm32f4xx_hal_exti.c ****     else
 189:Drivers/STM32F4xx_HAL_Driver/Src/stm32f4xx_hal_exti.c ****     {
 190:Drivers/STM32F4xx_HAL_Driver/Src/stm32f4xx_hal_exti.c ****       EXTI->FTSR &= ~maskline;
 191:Drivers/STM32F4xx_HAL_Driver/Src/stm32f4xx_hal_exti.c ****     }
 192:Drivers/STM32F4xx_HAL_Driver/Src/stm32f4xx_hal_exti.c **** 
 193:Drivers/STM32F4xx_HAL_Driver/Src/stm32f4xx_hal_exti.c **** 
 194:Drivers/STM32F4xx_HAL_Driver/Src/stm32f4xx_hal_exti.c ****     /* Configure gpio port selection in case of gpio exti line */
 195:Drivers/STM32F4xx_HAL_Driver/Src/stm32f4xx_hal_exti.c ****     if ((pExtiConfig->Line & EXTI_GPIO) == EXTI_GPIO)
  99              		.loc 1 195 5 is_stmt 1 view .LVU29
 100              		.loc 1 195 28 is_stmt 0 view .LVU30
 101 003c 0C68     		ldr	r4, [r1]
 102 003e 04F0C06C 		and	ip, r4, #100663296
 103              		.loc 1 195 8 view .LVU31
 104 0042 BCF1C06F 		cmp	ip, #100663296
 105 0046 1ED0     		beq	.L17
 106              	.LVL4:
 107              	.L3:
 196:Drivers/STM32F4xx_HAL_Driver/Src/stm32f4xx_hal_exti.c ****     {
 197:Drivers/STM32F4xx_HAL_Driver/Src/stm32f4xx_hal_exti.c ****       assert_param(IS_EXTI_GPIO_PORT(pExtiConfig->GPIOSel));
 198:Drivers/STM32F4xx_HAL_Driver/Src/stm32f4xx_hal_exti.c ****       assert_param(IS_EXTI_GPIO_PIN(linepos));
 199:Drivers/STM32F4xx_HAL_Driver/Src/stm32f4xx_hal_exti.c **** 
 200:Drivers/STM32F4xx_HAL_Driver/Src/stm32f4xx_hal_exti.c ****       regval = SYSCFG->EXTICR[linepos >> 2u];
 201:Drivers/STM32F4xx_HAL_Driver/Src/stm32f4xx_hal_exti.c ****       regval &= ~(SYSCFG_EXTICR1_EXTI0 << (SYSCFG_EXTICR1_EXTI1_Pos * (linepos & 0x03u)));
 202:Drivers/STM32F4xx_HAL_Driver/Src/stm32f4xx_hal_exti.c ****       regval |= (pExtiConfig->GPIOSel << (SYSCFG_EXTICR1_EXTI1_Pos * (linepos & 0x03u)));
 203:Drivers/STM32F4xx_HAL_Driver/Src/stm32f4xx_hal_exti.c ****       SYSCFG->EXTICR[linepos >> 2u] = regval;
 204:Drivers/STM32F4xx_HAL_Driver/Src/stm32f4xx_hal_exti.c ****     }
 205:Drivers/STM32F4xx_HAL_Driver/Src/stm32f4xx_hal_exti.c ****   }
 206:Drivers/STM32F4xx_HAL_Driver/Src/stm32f4xx_hal_exti.c **** 
 207:Drivers/STM32F4xx_HAL_Driver/Src/stm32f4xx_hal_exti.c ****   /* Configure interrupt mode : read current mode */
 208:Drivers/STM32F4xx_HAL_Driver/Src/stm32f4xx_hal_exti.c ****   /* Mask or set line */
 209:Drivers/STM32F4xx_HAL_Driver/Src/stm32f4xx_hal_exti.c ****   if ((pExtiConfig->Mode & EXTI_MODE_INTERRUPT) != 0x00u)
 108              		.loc 1 209 3 is_stmt 1 view .LVU32
 109              		.loc 1 209 19 is_stmt 0 view .LVU33
 110 0048 4B68     		ldr	r3, [r1, #4]
 111              		.loc 1 209 6 view .LVU34
 112 004a 13F0010F 		tst	r3, #1
 113 004e 2DD0     		beq	.L8
 210:Drivers/STM32F4xx_HAL_Driver/Src/stm32f4xx_hal_exti.c ****   {
 211:Drivers/STM32F4xx_HAL_Driver/Src/stm32f4xx_hal_exti.c ****     EXTI->IMR |= maskline;
 114              		.loc 1 211 5 is_stmt 1 view .LVU35
 115              		.loc 1 211 15 is_stmt 0 view .LVU36
 116 0050 1F4A     		ldr	r2, .L18
 117 0052 1368     		ldr	r3, [r2]
 118 0054 0343     		orrs	r3, r3, r0
 119 0056 1360     		str	r3, [r2]
 120              	.L9:
 212:Drivers/STM32F4xx_HAL_Driver/Src/stm32f4xx_hal_exti.c ****   }
 213:Drivers/STM32F4xx_HAL_Driver/Src/stm32f4xx_hal_exti.c ****   else
 214:Drivers/STM32F4xx_HAL_Driver/Src/stm32f4xx_hal_exti.c ****   {
 215:Drivers/STM32F4xx_HAL_Driver/Src/stm32f4xx_hal_exti.c ****     EXTI->IMR &= ~maskline;
 216:Drivers/STM32F4xx_HAL_Driver/Src/stm32f4xx_hal_exti.c ****   }
 217:Drivers/STM32F4xx_HAL_Driver/Src/stm32f4xx_hal_exti.c **** 
 218:Drivers/STM32F4xx_HAL_Driver/Src/stm32f4xx_hal_exti.c ****   /* Configure event mode : read current mode */
 219:Drivers/STM32F4xx_HAL_Driver/Src/stm32f4xx_hal_exti.c ****   /* Mask or set line */
 220:Drivers/STM32F4xx_HAL_Driver/Src/stm32f4xx_hal_exti.c ****   if ((pExtiConfig->Mode & EXTI_MODE_EVENT) != 0x00u)
 121              		.loc 1 220 3 is_stmt 1 view .LVU37
 122              		.loc 1 220 19 is_stmt 0 view .LVU38
ARM GAS  /var/folders/jr/lt9tb7vj2871x9rxdxc0hz4h0000gn/T//cctm4ulB.s 			page 7


 123 0058 4B68     		ldr	r3, [r1, #4]
 124              		.loc 1 220 6 view .LVU39
 125 005a 13F0020F 		tst	r3, #2
 126 005e 2BD0     		beq	.L10
 221:Drivers/STM32F4xx_HAL_Driver/Src/stm32f4xx_hal_exti.c ****   {
 222:Drivers/STM32F4xx_HAL_Driver/Src/stm32f4xx_hal_exti.c ****     EXTI->EMR |= maskline;
 127              		.loc 1 222 5 is_stmt 1 view .LVU40
 128              		.loc 1 222 15 is_stmt 0 view .LVU41
 129 0060 1B4A     		ldr	r2, .L18
 130 0062 5368     		ldr	r3, [r2, #4]
 131 0064 0343     		orrs	r3, r3, r0
 132 0066 5360     		str	r3, [r2, #4]
 223:Drivers/STM32F4xx_HAL_Driver/Src/stm32f4xx_hal_exti.c ****   }
 224:Drivers/STM32F4xx_HAL_Driver/Src/stm32f4xx_hal_exti.c ****   else
 225:Drivers/STM32F4xx_HAL_Driver/Src/stm32f4xx_hal_exti.c ****   {
 226:Drivers/STM32F4xx_HAL_Driver/Src/stm32f4xx_hal_exti.c ****     EXTI->EMR &= ~maskline;
 227:Drivers/STM32F4xx_HAL_Driver/Src/stm32f4xx_hal_exti.c ****   }
 228:Drivers/STM32F4xx_HAL_Driver/Src/stm32f4xx_hal_exti.c **** 
 229:Drivers/STM32F4xx_HAL_Driver/Src/stm32f4xx_hal_exti.c ****   return HAL_OK;
 133              		.loc 1 229 10 view .LVU42
 134 0068 0020     		movs	r0, #0
 135              	.LVL5:
 136              	.L2:
 230:Drivers/STM32F4xx_HAL_Driver/Src/stm32f4xx_hal_exti.c **** }
 137              		.loc 1 230 1 view .LVU43
 138 006a 70BC     		pop	{r4, r5, r6}
 139              	.LCFI1:
 140              		.cfi_remember_state
 141              		.cfi_restore 6
 142              		.cfi_restore 5
 143              		.cfi_restore 4
 144              		.cfi_def_cfa_offset 0
 145 006c 7047     		bx	lr
 146              	.LVL6:
 147              	.L4:
 148              	.LCFI2:
 149              		.cfi_restore_state
 179:Drivers/STM32F4xx_HAL_Driver/Src/stm32f4xx_hal_exti.c ****     }
 150              		.loc 1 179 7 is_stmt 1 view .LVU44
 179:Drivers/STM32F4xx_HAL_Driver/Src/stm32f4xx_hal_exti.c ****     }
 151              		.loc 1 179 18 is_stmt 0 view .LVU45
 152 006e 184D     		ldr	r5, .L18
 153 0070 AC68     		ldr	r4, [r5, #8]
 154 0072 24EA0004 		bic	r4, r4, r0
 155 0076 AC60     		str	r4, [r5, #8]
 156 0078 D8E7     		b	.L5
 157              	.L6:
 190:Drivers/STM32F4xx_HAL_Driver/Src/stm32f4xx_hal_exti.c ****     }
 158              		.loc 1 190 7 is_stmt 1 view .LVU46
 190:Drivers/STM32F4xx_HAL_Driver/Src/stm32f4xx_hal_exti.c ****     }
 159              		.loc 1 190 18 is_stmt 0 view .LVU47
 160 007a 154D     		ldr	r5, .L18
 161 007c EC68     		ldr	r4, [r5, #12]
 162 007e 24EA0004 		bic	r4, r4, r0
 163 0082 EC60     		str	r4, [r5, #12]
 164 0084 DAE7     		b	.L7
 165              	.L17:
ARM GAS  /var/folders/jr/lt9tb7vj2871x9rxdxc0hz4h0000gn/T//cctm4ulB.s 			page 8


 197:Drivers/STM32F4xx_HAL_Driver/Src/stm32f4xx_hal_exti.c ****       assert_param(IS_EXTI_GPIO_PIN(linepos));
 166              		.loc 1 197 7 is_stmt 1 view .LVU48
 198:Drivers/STM32F4xx_HAL_Driver/Src/stm32f4xx_hal_exti.c **** 
 167              		.loc 1 198 7 view .LVU49
 200:Drivers/STM32F4xx_HAL_Driver/Src/stm32f4xx_hal_exti.c ****       regval &= ~(SYSCFG_EXTICR1_EXTI0 << (SYSCFG_EXTICR1_EXTI1_Pos * (linepos & 0x03u)));
 168              		.loc 1 200 7 view .LVU50
 200:Drivers/STM32F4xx_HAL_Driver/Src/stm32f4xx_hal_exti.c ****       regval &= ~(SYSCFG_EXTICR1_EXTI0 << (SYSCFG_EXTICR1_EXTI1_Pos * (linepos & 0x03u)));
 169              		.loc 1 200 39 is_stmt 0 view .LVU51
 170 0086 9208     		lsrs	r2, r2, #2
 171              	.LVL7:
 200:Drivers/STM32F4xx_HAL_Driver/Src/stm32f4xx_hal_exti.c ****       regval &= ~(SYSCFG_EXTICR1_EXTI0 << (SYSCFG_EXTICR1_EXTI1_Pos * (linepos & 0x03u)));
 172              		.loc 1 200 14 view .LVU52
 173 0088 124E     		ldr	r6, .L18+4
 174 008a 0232     		adds	r2, r2, #2
 175 008c 56F82240 		ldr	r4, [r6, r2, lsl #2]
 176              	.LVL8:
 201:Drivers/STM32F4xx_HAL_Driver/Src/stm32f4xx_hal_exti.c ****       regval |= (pExtiConfig->GPIOSel << (SYSCFG_EXTICR1_EXTI1_Pos * (linepos & 0x03u)));
 177              		.loc 1 201 7 is_stmt 1 view .LVU53
 201:Drivers/STM32F4xx_HAL_Driver/Src/stm32f4xx_hal_exti.c ****       regval |= (pExtiConfig->GPIOSel << (SYSCFG_EXTICR1_EXTI1_Pos * (linepos & 0x03u)));
 178              		.loc 1 201 80 is_stmt 0 view .LVU54
 179 0090 03F00303 		and	r3, r3, #3
 180              	.LVL9:
 201:Drivers/STM32F4xx_HAL_Driver/Src/stm32f4xx_hal_exti.c ****       regval |= (pExtiConfig->GPIOSel << (SYSCFG_EXTICR1_EXTI1_Pos * (linepos & 0x03u)));
 181              		.loc 1 201 69 view .LVU55
 182 0094 9B00     		lsls	r3, r3, #2
 201:Drivers/STM32F4xx_HAL_Driver/Src/stm32f4xx_hal_exti.c ****       regval |= (pExtiConfig->GPIOSel << (SYSCFG_EXTICR1_EXTI1_Pos * (linepos & 0x03u)));
 183              		.loc 1 201 40 view .LVU56
 184 0096 0F25     		movs	r5, #15
 185 0098 9D40     		lsls	r5, r5, r3
 201:Drivers/STM32F4xx_HAL_Driver/Src/stm32f4xx_hal_exti.c ****       regval |= (pExtiConfig->GPIOSel << (SYSCFG_EXTICR1_EXTI1_Pos * (linepos & 0x03u)));
 186              		.loc 1 201 14 view .LVU57
 187 009a 24EA0504 		bic	r4, r4, r5
 188              	.LVL10:
 202:Drivers/STM32F4xx_HAL_Driver/Src/stm32f4xx_hal_exti.c ****       SYSCFG->EXTICR[linepos >> 2u] = regval;
 189              		.loc 1 202 7 is_stmt 1 view .LVU58
 202:Drivers/STM32F4xx_HAL_Driver/Src/stm32f4xx_hal_exti.c ****       SYSCFG->EXTICR[linepos >> 2u] = regval;
 190              		.loc 1 202 39 is_stmt 0 view .LVU59
 191 009e CD68     		ldr	r5, [r1, #12]
 192 00a0 05FA03F3 		lsl	r3, r5, r3
 202:Drivers/STM32F4xx_HAL_Driver/Src/stm32f4xx_hal_exti.c ****       SYSCFG->EXTICR[linepos >> 2u] = regval;
 193              		.loc 1 202 14 view .LVU60
 194 00a4 2343     		orrs	r3, r3, r4
 195              	.LVL11:
 203:Drivers/STM32F4xx_HAL_Driver/Src/stm32f4xx_hal_exti.c ****     }
 196              		.loc 1 203 7 is_stmt 1 view .LVU61
 203:Drivers/STM32F4xx_HAL_Driver/Src/stm32f4xx_hal_exti.c ****     }
 197              		.loc 1 203 37 is_stmt 0 view .LVU62
 198 00a6 46F82230 		str	r3, [r6, r2, lsl #2]
 199 00aa CDE7     		b	.L3
 200              	.LVL12:
 201              	.L8:
 215:Drivers/STM32F4xx_HAL_Driver/Src/stm32f4xx_hal_exti.c ****   }
 202              		.loc 1 215 5 is_stmt 1 view .LVU63
 215:Drivers/STM32F4xx_HAL_Driver/Src/stm32f4xx_hal_exti.c ****   }
 203              		.loc 1 215 15 is_stmt 0 view .LVU64
 204 00ac 084A     		ldr	r2, .L18
 205 00ae 1368     		ldr	r3, [r2]
ARM GAS  /var/folders/jr/lt9tb7vj2871x9rxdxc0hz4h0000gn/T//cctm4ulB.s 			page 9


 206 00b0 23EA0003 		bic	r3, r3, r0
 207 00b4 1360     		str	r3, [r2]
 208 00b6 CFE7     		b	.L9
 209              	.L10:
 226:Drivers/STM32F4xx_HAL_Driver/Src/stm32f4xx_hal_exti.c ****   }
 210              		.loc 1 226 5 is_stmt 1 view .LVU65
 226:Drivers/STM32F4xx_HAL_Driver/Src/stm32f4xx_hal_exti.c ****   }
 211              		.loc 1 226 15 is_stmt 0 view .LVU66
 212 00b8 054A     		ldr	r2, .L18
 213 00ba 5368     		ldr	r3, [r2, #4]
 214 00bc 23EA0003 		bic	r3, r3, r0
 215 00c0 5360     		str	r3, [r2, #4]
 229:Drivers/STM32F4xx_HAL_Driver/Src/stm32f4xx_hal_exti.c **** }
 216              		.loc 1 229 10 view .LVU67
 217 00c2 0020     		movs	r0, #0
 218              	.LVL13:
 229:Drivers/STM32F4xx_HAL_Driver/Src/stm32f4xx_hal_exti.c **** }
 219              		.loc 1 229 10 view .LVU68
 220 00c4 D1E7     		b	.L2
 221              	.LVL14:
 222              	.L11:
 223              	.LCFI3:
 224              		.cfi_def_cfa_offset 0
 225              		.cfi_restore 4
 226              		.cfi_restore 5
 227              		.cfi_restore 6
 152:Drivers/STM32F4xx_HAL_Driver/Src/stm32f4xx_hal_exti.c ****   }
 228              		.loc 1 152 12 view .LVU69
 229 00c6 0120     		movs	r0, #1
 230              	.LVL15:
 152:Drivers/STM32F4xx_HAL_Driver/Src/stm32f4xx_hal_exti.c ****   }
 231              		.loc 1 152 12 view .LVU70
 232 00c8 7047     		bx	lr
 233              	.LVL16:
 234              	.L12:
 152:Drivers/STM32F4xx_HAL_Driver/Src/stm32f4xx_hal_exti.c ****   }
 235              		.loc 1 152 12 view .LVU71
 236 00ca 0120     		movs	r0, #1
 237              	.LVL17:
 238              		.loc 1 230 1 view .LVU72
 239 00cc 7047     		bx	lr
 240              	.L19:
 241 00ce 00BF     		.align	2
 242              	.L18:
 243 00d0 003C0140 		.word	1073822720
 244 00d4 00380140 		.word	1073821696
 245              		.cfi_endproc
 246              	.LFE130:
 248              		.section	.text.HAL_EXTI_GetConfigLine,"ax",%progbits
 249              		.align	1
 250              		.global	HAL_EXTI_GetConfigLine
 251              		.syntax unified
 252              		.thumb
 253              		.thumb_func
 255              	HAL_EXTI_GetConfigLine:
 256              	.LVL18:
 257              	.LFB131:
ARM GAS  /var/folders/jr/lt9tb7vj2871x9rxdxc0hz4h0000gn/T//cctm4ulB.s 			page 10


 231:Drivers/STM32F4xx_HAL_Driver/Src/stm32f4xx_hal_exti.c **** 
 232:Drivers/STM32F4xx_HAL_Driver/Src/stm32f4xx_hal_exti.c **** /**
 233:Drivers/STM32F4xx_HAL_Driver/Src/stm32f4xx_hal_exti.c ****   * @brief  Get configuration of a dedicated Exti line.
 234:Drivers/STM32F4xx_HAL_Driver/Src/stm32f4xx_hal_exti.c ****   * @param  hexti Exti handle.
 235:Drivers/STM32F4xx_HAL_Driver/Src/stm32f4xx_hal_exti.c ****   * @param  pExtiConfig Pointer on structure to store Exti configuration.
 236:Drivers/STM32F4xx_HAL_Driver/Src/stm32f4xx_hal_exti.c ****   * @retval HAL Status.
 237:Drivers/STM32F4xx_HAL_Driver/Src/stm32f4xx_hal_exti.c ****   */
 238:Drivers/STM32F4xx_HAL_Driver/Src/stm32f4xx_hal_exti.c **** HAL_StatusTypeDef HAL_EXTI_GetConfigLine(EXTI_HandleTypeDef *hexti, EXTI_ConfigTypeDef *pExtiConfig
 239:Drivers/STM32F4xx_HAL_Driver/Src/stm32f4xx_hal_exti.c **** {
 258              		.loc 1 239 1 is_stmt 1 view -0
 259              		.cfi_startproc
 260              		@ args = 0, pretend = 0, frame = 0
 261              		@ frame_needed = 0, uses_anonymous_args = 0
 262              		@ link register save eliminated.
 240:Drivers/STM32F4xx_HAL_Driver/Src/stm32f4xx_hal_exti.c ****   uint32_t regval;
 263              		.loc 1 240 3 view .LVU74
 241:Drivers/STM32F4xx_HAL_Driver/Src/stm32f4xx_hal_exti.c ****   uint32_t linepos;
 264              		.loc 1 241 3 view .LVU75
 242:Drivers/STM32F4xx_HAL_Driver/Src/stm32f4xx_hal_exti.c ****   uint32_t maskline;
 265              		.loc 1 242 3 view .LVU76
 243:Drivers/STM32F4xx_HAL_Driver/Src/stm32f4xx_hal_exti.c **** 
 244:Drivers/STM32F4xx_HAL_Driver/Src/stm32f4xx_hal_exti.c ****   /* Check null pointer */
 245:Drivers/STM32F4xx_HAL_Driver/Src/stm32f4xx_hal_exti.c ****   if ((hexti == NULL) || (pExtiConfig == NULL))
 266              		.loc 1 245 3 view .LVU77
 267              		.loc 1 245 6 is_stmt 0 view .LVU78
 268 0000 0028     		cmp	r0, #0
 269 0002 45D0     		beq	.L27
 270              		.loc 1 245 23 discriminator 1 view .LVU79
 271 0004 0029     		cmp	r1, #0
 272 0006 45D0     		beq	.L28
 246:Drivers/STM32F4xx_HAL_Driver/Src/stm32f4xx_hal_exti.c ****   {
 247:Drivers/STM32F4xx_HAL_Driver/Src/stm32f4xx_hal_exti.c ****     return HAL_ERROR;
 248:Drivers/STM32F4xx_HAL_Driver/Src/stm32f4xx_hal_exti.c ****   }
 249:Drivers/STM32F4xx_HAL_Driver/Src/stm32f4xx_hal_exti.c **** 
 250:Drivers/STM32F4xx_HAL_Driver/Src/stm32f4xx_hal_exti.c ****   /* Check the parameter */
 251:Drivers/STM32F4xx_HAL_Driver/Src/stm32f4xx_hal_exti.c ****   assert_param(IS_EXTI_LINE(hexti->Line));
 273              		.loc 1 251 3 is_stmt 1 view .LVU80
 252:Drivers/STM32F4xx_HAL_Driver/Src/stm32f4xx_hal_exti.c **** 
 253:Drivers/STM32F4xx_HAL_Driver/Src/stm32f4xx_hal_exti.c ****   /* Store handle line number to configuration structure */
 254:Drivers/STM32F4xx_HAL_Driver/Src/stm32f4xx_hal_exti.c ****   pExtiConfig->Line = hexti->Line;
 274              		.loc 1 254 3 view .LVU81
 275              		.loc 1 254 28 is_stmt 0 view .LVU82
 276 0008 0068     		ldr	r0, [r0]
 277              	.LVL19:
 278              		.loc 1 254 21 view .LVU83
 279 000a 0860     		str	r0, [r1]
 255:Drivers/STM32F4xx_HAL_Driver/Src/stm32f4xx_hal_exti.c **** 
 256:Drivers/STM32F4xx_HAL_Driver/Src/stm32f4xx_hal_exti.c ****   /* Compute line mask */
 257:Drivers/STM32F4xx_HAL_Driver/Src/stm32f4xx_hal_exti.c ****   linepos = (pExtiConfig->Line & EXTI_PIN_MASK);
 280              		.loc 1 257 3 is_stmt 1 view .LVU84
 281              		.loc 1 257 11 is_stmt 0 view .LVU85
 282 000c 00F01F0C 		and	ip, r0, #31
 283              	.LVL20:
 258:Drivers/STM32F4xx_HAL_Driver/Src/stm32f4xx_hal_exti.c ****   maskline = (1uL << linepos);
 284              		.loc 1 258 3 is_stmt 1 view .LVU86
 285              		.loc 1 258 12 is_stmt 0 view .LVU87
 286 0010 0123     		movs	r3, #1
ARM GAS  /var/folders/jr/lt9tb7vj2871x9rxdxc0hz4h0000gn/T//cctm4ulB.s 			page 11


 287 0012 03FA0CF3 		lsl	r3, r3, ip
 288              	.LVL21:
 259:Drivers/STM32F4xx_HAL_Driver/Src/stm32f4xx_hal_exti.c **** 
 260:Drivers/STM32F4xx_HAL_Driver/Src/stm32f4xx_hal_exti.c ****   /* 1] Get core mode : interrupt */
 261:Drivers/STM32F4xx_HAL_Driver/Src/stm32f4xx_hal_exti.c **** 
 262:Drivers/STM32F4xx_HAL_Driver/Src/stm32f4xx_hal_exti.c ****   /* Check if selected line is enable */
 263:Drivers/STM32F4xx_HAL_Driver/Src/stm32f4xx_hal_exti.c ****   if ((EXTI->IMR & maskline) != 0x00u)
 289              		.loc 1 263 3 is_stmt 1 view .LVU88
 290              		.loc 1 263 12 is_stmt 0 view .LVU89
 291 0016 214A     		ldr	r2, .L32
 292 0018 1268     		ldr	r2, [r2]
 293              		.loc 1 263 6 view .LVU90
 294 001a 1A42     		tst	r2, r3
 295 001c 24D0     		beq	.L22
 264:Drivers/STM32F4xx_HAL_Driver/Src/stm32f4xx_hal_exti.c ****   {
 265:Drivers/STM32F4xx_HAL_Driver/Src/stm32f4xx_hal_exti.c ****     pExtiConfig->Mode = EXTI_MODE_INTERRUPT;
 296              		.loc 1 265 5 is_stmt 1 view .LVU91
 297              		.loc 1 265 23 is_stmt 0 view .LVU92
 298 001e 0122     		movs	r2, #1
 299 0020 4A60     		str	r2, [r1, #4]
 300              	.L23:
 266:Drivers/STM32F4xx_HAL_Driver/Src/stm32f4xx_hal_exti.c ****   }
 267:Drivers/STM32F4xx_HAL_Driver/Src/stm32f4xx_hal_exti.c ****   else
 268:Drivers/STM32F4xx_HAL_Driver/Src/stm32f4xx_hal_exti.c ****   {
 269:Drivers/STM32F4xx_HAL_Driver/Src/stm32f4xx_hal_exti.c ****     pExtiConfig->Mode = EXTI_MODE_NONE;
 270:Drivers/STM32F4xx_HAL_Driver/Src/stm32f4xx_hal_exti.c ****   }
 271:Drivers/STM32F4xx_HAL_Driver/Src/stm32f4xx_hal_exti.c **** 
 272:Drivers/STM32F4xx_HAL_Driver/Src/stm32f4xx_hal_exti.c ****   /* Get event mode */
 273:Drivers/STM32F4xx_HAL_Driver/Src/stm32f4xx_hal_exti.c ****   /* Check if selected line is enable */
 274:Drivers/STM32F4xx_HAL_Driver/Src/stm32f4xx_hal_exti.c ****   if ((EXTI->EMR & maskline) != 0x00u)
 301              		.loc 1 274 3 is_stmt 1 view .LVU93
 302              		.loc 1 274 12 is_stmt 0 view .LVU94
 303 0022 1E4A     		ldr	r2, .L32
 304 0024 5268     		ldr	r2, [r2, #4]
 305              		.loc 1 274 6 view .LVU95
 306 0026 1A42     		tst	r2, r3
 307 0028 03D0     		beq	.L24
 275:Drivers/STM32F4xx_HAL_Driver/Src/stm32f4xx_hal_exti.c ****   {
 276:Drivers/STM32F4xx_HAL_Driver/Src/stm32f4xx_hal_exti.c ****     pExtiConfig->Mode |= EXTI_MODE_EVENT;
 308              		.loc 1 276 5 is_stmt 1 view .LVU96
 309              		.loc 1 276 23 is_stmt 0 view .LVU97
 310 002a 4A68     		ldr	r2, [r1, #4]
 311 002c 42F00202 		orr	r2, r2, #2
 312 0030 4A60     		str	r2, [r1, #4]
 313              	.L24:
 277:Drivers/STM32F4xx_HAL_Driver/Src/stm32f4xx_hal_exti.c ****   }
 278:Drivers/STM32F4xx_HAL_Driver/Src/stm32f4xx_hal_exti.c **** 
 279:Drivers/STM32F4xx_HAL_Driver/Src/stm32f4xx_hal_exti.c ****   /* Get default Trigger and GPIOSel configuration */
 280:Drivers/STM32F4xx_HAL_Driver/Src/stm32f4xx_hal_exti.c ****   pExtiConfig->Trigger = EXTI_TRIGGER_NONE;
 314              		.loc 1 280 3 is_stmt 1 view .LVU98
 315              		.loc 1 280 24 is_stmt 0 view .LVU99
 316 0032 0022     		movs	r2, #0
 317 0034 8A60     		str	r2, [r1, #8]
 281:Drivers/STM32F4xx_HAL_Driver/Src/stm32f4xx_hal_exti.c ****   pExtiConfig->GPIOSel = 0x00u;
 318              		.loc 1 281 3 is_stmt 1 view .LVU100
 319              		.loc 1 281 24 is_stmt 0 view .LVU101
 320 0036 CA60     		str	r2, [r1, #12]
ARM GAS  /var/folders/jr/lt9tb7vj2871x9rxdxc0hz4h0000gn/T//cctm4ulB.s 			page 12


 282:Drivers/STM32F4xx_HAL_Driver/Src/stm32f4xx_hal_exti.c **** 
 283:Drivers/STM32F4xx_HAL_Driver/Src/stm32f4xx_hal_exti.c ****   /* 2] Get trigger for configurable lines : rising */
 284:Drivers/STM32F4xx_HAL_Driver/Src/stm32f4xx_hal_exti.c ****   if ((pExtiConfig->Line & EXTI_CONFIG) != 0x00u)
 321              		.loc 1 284 3 is_stmt 1 view .LVU102
 322              		.loc 1 284 6 is_stmt 0 view .LVU103
 323 0038 10F0007F 		tst	r0, #33554432
 324 003c 2CD0     		beq	.L29
 285:Drivers/STM32F4xx_HAL_Driver/Src/stm32f4xx_hal_exti.c ****   {
 286:Drivers/STM32F4xx_HAL_Driver/Src/stm32f4xx_hal_exti.c ****     /* Check if configuration of selected line is enable */
 287:Drivers/STM32F4xx_HAL_Driver/Src/stm32f4xx_hal_exti.c ****     if ((EXTI->RTSR & maskline) != 0x00u)
 325              		.loc 1 287 5 is_stmt 1 view .LVU104
 326              		.loc 1 287 14 is_stmt 0 view .LVU105
 327 003e 174A     		ldr	r2, .L32
 328 0040 9268     		ldr	r2, [r2, #8]
 329              		.loc 1 287 8 view .LVU106
 330 0042 1A42     		tst	r2, r3
 331 0044 01D0     		beq	.L25
 288:Drivers/STM32F4xx_HAL_Driver/Src/stm32f4xx_hal_exti.c ****     {
 289:Drivers/STM32F4xx_HAL_Driver/Src/stm32f4xx_hal_exti.c ****       pExtiConfig->Trigger = EXTI_TRIGGER_RISING;
 332              		.loc 1 289 7 is_stmt 1 view .LVU107
 333              		.loc 1 289 28 is_stmt 0 view .LVU108
 334 0046 0122     		movs	r2, #1
 335 0048 8A60     		str	r2, [r1, #8]
 336              	.L25:
 290:Drivers/STM32F4xx_HAL_Driver/Src/stm32f4xx_hal_exti.c ****     }
 291:Drivers/STM32F4xx_HAL_Driver/Src/stm32f4xx_hal_exti.c **** 
 292:Drivers/STM32F4xx_HAL_Driver/Src/stm32f4xx_hal_exti.c ****     /* Get falling configuration */
 293:Drivers/STM32F4xx_HAL_Driver/Src/stm32f4xx_hal_exti.c ****     /* Check if configuration of selected line is enable */
 294:Drivers/STM32F4xx_HAL_Driver/Src/stm32f4xx_hal_exti.c ****     if ((EXTI->FTSR & maskline) != 0x00u)
 337              		.loc 1 294 5 is_stmt 1 view .LVU109
 338              		.loc 1 294 14 is_stmt 0 view .LVU110
 339 004a 144A     		ldr	r2, .L32
 340 004c D268     		ldr	r2, [r2, #12]
 341              		.loc 1 294 8 view .LVU111
 342 004e 1A42     		tst	r2, r3
 343 0050 03D0     		beq	.L26
 295:Drivers/STM32F4xx_HAL_Driver/Src/stm32f4xx_hal_exti.c ****     {
 296:Drivers/STM32F4xx_HAL_Driver/Src/stm32f4xx_hal_exti.c ****       pExtiConfig->Trigger |= EXTI_TRIGGER_FALLING;
 344              		.loc 1 296 7 is_stmt 1 view .LVU112
 345              		.loc 1 296 28 is_stmt 0 view .LVU113
 346 0052 8B68     		ldr	r3, [r1, #8]
 347              	.LVL22:
 348              		.loc 1 296 28 view .LVU114
 349 0054 43F00203 		orr	r3, r3, #2
 350 0058 8B60     		str	r3, [r1, #8]
 351              	.L26:
 297:Drivers/STM32F4xx_HAL_Driver/Src/stm32f4xx_hal_exti.c ****     }
 298:Drivers/STM32F4xx_HAL_Driver/Src/stm32f4xx_hal_exti.c **** 
 299:Drivers/STM32F4xx_HAL_Driver/Src/stm32f4xx_hal_exti.c ****     /* Get Gpio port selection for gpio lines */
 300:Drivers/STM32F4xx_HAL_Driver/Src/stm32f4xx_hal_exti.c ****     if ((pExtiConfig->Line & EXTI_GPIO) == EXTI_GPIO)
 352              		.loc 1 300 5 is_stmt 1 view .LVU115
 353              		.loc 1 300 28 is_stmt 0 view .LVU116
 354 005a 00F0C063 		and	r3, r0, #100663296
 355              		.loc 1 300 8 view .LVU117
 356 005e B3F1C06F 		cmp	r3, #100663296
 357 0062 04D0     		beq	.L31
 301:Drivers/STM32F4xx_HAL_Driver/Src/stm32f4xx_hal_exti.c ****     {
ARM GAS  /var/folders/jr/lt9tb7vj2871x9rxdxc0hz4h0000gn/T//cctm4ulB.s 			page 13


 302:Drivers/STM32F4xx_HAL_Driver/Src/stm32f4xx_hal_exti.c ****       assert_param(IS_EXTI_GPIO_PIN(linepos));
 303:Drivers/STM32F4xx_HAL_Driver/Src/stm32f4xx_hal_exti.c **** 
 304:Drivers/STM32F4xx_HAL_Driver/Src/stm32f4xx_hal_exti.c ****       regval = SYSCFG->EXTICR[linepos >> 2u];
 305:Drivers/STM32F4xx_HAL_Driver/Src/stm32f4xx_hal_exti.c ****       pExtiConfig->GPIOSel = ((regval << (SYSCFG_EXTICR1_EXTI1_Pos * (3uL - (linepos & 0x03u)))) >>
 306:Drivers/STM32F4xx_HAL_Driver/Src/stm32f4xx_hal_exti.c ****     }
 307:Drivers/STM32F4xx_HAL_Driver/Src/stm32f4xx_hal_exti.c ****   }
 308:Drivers/STM32F4xx_HAL_Driver/Src/stm32f4xx_hal_exti.c **** 
 309:Drivers/STM32F4xx_HAL_Driver/Src/stm32f4xx_hal_exti.c ****   return HAL_OK;
 358              		.loc 1 309 10 view .LVU118
 359 0064 0020     		movs	r0, #0
 310:Drivers/STM32F4xx_HAL_Driver/Src/stm32f4xx_hal_exti.c **** }
 360              		.loc 1 310 1 view .LVU119
 361 0066 7047     		bx	lr
 362              	.LVL23:
 363              	.L22:
 269:Drivers/STM32F4xx_HAL_Driver/Src/stm32f4xx_hal_exti.c ****   }
 364              		.loc 1 269 5 is_stmt 1 view .LVU120
 269:Drivers/STM32F4xx_HAL_Driver/Src/stm32f4xx_hal_exti.c ****   }
 365              		.loc 1 269 23 is_stmt 0 view .LVU121
 366 0068 0022     		movs	r2, #0
 367 006a 4A60     		str	r2, [r1, #4]
 368 006c D9E7     		b	.L23
 369              	.LVL24:
 370              	.L31:
 302:Drivers/STM32F4xx_HAL_Driver/Src/stm32f4xx_hal_exti.c **** 
 371              		.loc 1 302 7 is_stmt 1 view .LVU122
 304:Drivers/STM32F4xx_HAL_Driver/Src/stm32f4xx_hal_exti.c ****       pExtiConfig->GPIOSel = ((regval << (SYSCFG_EXTICR1_EXTI1_Pos * (3uL - (linepos & 0x03u)))) >>
 372              		.loc 1 304 7 view .LVU123
 304:Drivers/STM32F4xx_HAL_Driver/Src/stm32f4xx_hal_exti.c ****       pExtiConfig->GPIOSel = ((regval << (SYSCFG_EXTICR1_EXTI1_Pos * (3uL - (linepos & 0x03u)))) >>
 373              		.loc 1 304 39 is_stmt 0 view .LVU124
 374 006e 4FEA9C03 		lsr	r3, ip, #2
 304:Drivers/STM32F4xx_HAL_Driver/Src/stm32f4xx_hal_exti.c ****       pExtiConfig->GPIOSel = ((regval << (SYSCFG_EXTICR1_EXTI1_Pos * (3uL - (linepos & 0x03u)))) >>
 375              		.loc 1 304 14 view .LVU125
 376 0072 0233     		adds	r3, r3, #2
 377 0074 0A4A     		ldr	r2, .L32+4
 378 0076 52F82320 		ldr	r2, [r2, r3, lsl #2]
 379              	.LVL25:
 305:Drivers/STM32F4xx_HAL_Driver/Src/stm32f4xx_hal_exti.c ****     }
 380              		.loc 1 305 7 is_stmt 1 view .LVU126
 305:Drivers/STM32F4xx_HAL_Driver/Src/stm32f4xx_hal_exti.c ****     }
 381              		.loc 1 305 75 is_stmt 0 view .LVU127
 382 007a 6FEA0C03 		mvn	r3, ip
 383 007e 03F00303 		and	r3, r3, #3
 305:Drivers/STM32F4xx_HAL_Driver/Src/stm32f4xx_hal_exti.c ****     }
 384              		.loc 1 305 68 view .LVU128
 385 0082 9B00     		lsls	r3, r3, #2
 305:Drivers/STM32F4xx_HAL_Driver/Src/stm32f4xx_hal_exti.c ****     }
 386              		.loc 1 305 39 view .LVU129
 387 0084 02FA03F3 		lsl	r3, r2, r3
 305:Drivers/STM32F4xx_HAL_Driver/Src/stm32f4xx_hal_exti.c ****     }
 388              		.loc 1 305 98 view .LVU130
 389 0088 1B0E     		lsrs	r3, r3, #24
 305:Drivers/STM32F4xx_HAL_Driver/Src/stm32f4xx_hal_exti.c ****     }
 390              		.loc 1 305 28 view .LVU131
 391 008a CB60     		str	r3, [r1, #12]
 309:Drivers/STM32F4xx_HAL_Driver/Src/stm32f4xx_hal_exti.c **** }
 392              		.loc 1 309 10 view .LVU132
ARM GAS  /var/folders/jr/lt9tb7vj2871x9rxdxc0hz4h0000gn/T//cctm4ulB.s 			page 14


 393 008c 0020     		movs	r0, #0
 394 008e 7047     		bx	lr
 395              	.LVL26:
 396              	.L27:
 247:Drivers/STM32F4xx_HAL_Driver/Src/stm32f4xx_hal_exti.c ****   }
 397              		.loc 1 247 12 view .LVU133
 398 0090 0120     		movs	r0, #1
 399              	.LVL27:
 247:Drivers/STM32F4xx_HAL_Driver/Src/stm32f4xx_hal_exti.c ****   }
 400              		.loc 1 247 12 view .LVU134
 401 0092 7047     		bx	lr
 402              	.LVL28:
 403              	.L28:
 247:Drivers/STM32F4xx_HAL_Driver/Src/stm32f4xx_hal_exti.c ****   }
 404              		.loc 1 247 12 view .LVU135
 405 0094 0120     		movs	r0, #1
 406              	.LVL29:
 247:Drivers/STM32F4xx_HAL_Driver/Src/stm32f4xx_hal_exti.c ****   }
 407              		.loc 1 247 12 view .LVU136
 408 0096 7047     		bx	lr
 409              	.LVL30:
 410              	.L29:
 309:Drivers/STM32F4xx_HAL_Driver/Src/stm32f4xx_hal_exti.c **** }
 411              		.loc 1 309 10 view .LVU137
 412 0098 0020     		movs	r0, #0
 413 009a 7047     		bx	lr
 414              	.L33:
 415              		.align	2
 416              	.L32:
 417 009c 003C0140 		.word	1073822720
 418 00a0 00380140 		.word	1073821696
 419              		.cfi_endproc
 420              	.LFE131:
 422              		.section	.text.HAL_EXTI_ClearConfigLine,"ax",%progbits
 423              		.align	1
 424              		.global	HAL_EXTI_ClearConfigLine
 425              		.syntax unified
 426              		.thumb
 427              		.thumb_func
 429              	HAL_EXTI_ClearConfigLine:
 430              	.LVL31:
 431              	.LFB132:
 311:Drivers/STM32F4xx_HAL_Driver/Src/stm32f4xx_hal_exti.c **** 
 312:Drivers/STM32F4xx_HAL_Driver/Src/stm32f4xx_hal_exti.c **** /**
 313:Drivers/STM32F4xx_HAL_Driver/Src/stm32f4xx_hal_exti.c ****   * @brief  Clear whole configuration of a dedicated Exti line.
 314:Drivers/STM32F4xx_HAL_Driver/Src/stm32f4xx_hal_exti.c ****   * @param  hexti Exti handle.
 315:Drivers/STM32F4xx_HAL_Driver/Src/stm32f4xx_hal_exti.c ****   * @retval HAL Status.
 316:Drivers/STM32F4xx_HAL_Driver/Src/stm32f4xx_hal_exti.c ****   */
 317:Drivers/STM32F4xx_HAL_Driver/Src/stm32f4xx_hal_exti.c **** HAL_StatusTypeDef HAL_EXTI_ClearConfigLine(EXTI_HandleTypeDef *hexti)
 318:Drivers/STM32F4xx_HAL_Driver/Src/stm32f4xx_hal_exti.c **** {
 432              		.loc 1 318 1 is_stmt 1 view -0
 433              		.cfi_startproc
 434              		@ args = 0, pretend = 0, frame = 0
 435              		@ frame_needed = 0, uses_anonymous_args = 0
 319:Drivers/STM32F4xx_HAL_Driver/Src/stm32f4xx_hal_exti.c ****   uint32_t regval;
 436              		.loc 1 319 3 view .LVU139
 320:Drivers/STM32F4xx_HAL_Driver/Src/stm32f4xx_hal_exti.c ****   uint32_t linepos;
ARM GAS  /var/folders/jr/lt9tb7vj2871x9rxdxc0hz4h0000gn/T//cctm4ulB.s 			page 15


 437              		.loc 1 320 3 view .LVU140
 321:Drivers/STM32F4xx_HAL_Driver/Src/stm32f4xx_hal_exti.c ****   uint32_t maskline;
 438              		.loc 1 321 3 view .LVU141
 322:Drivers/STM32F4xx_HAL_Driver/Src/stm32f4xx_hal_exti.c **** 
 323:Drivers/STM32F4xx_HAL_Driver/Src/stm32f4xx_hal_exti.c ****   /* Check null pointer */
 324:Drivers/STM32F4xx_HAL_Driver/Src/stm32f4xx_hal_exti.c ****   if (hexti == NULL)
 439              		.loc 1 324 3 view .LVU142
 440              		.loc 1 324 6 is_stmt 0 view .LVU143
 441 0000 0028     		cmp	r0, #0
 442 0002 37D0     		beq	.L36
 318:Drivers/STM32F4xx_HAL_Driver/Src/stm32f4xx_hal_exti.c ****   uint32_t regval;
 443              		.loc 1 318 1 view .LVU144
 444 0004 10B5     		push	{r4, lr}
 445              	.LCFI4:
 446              		.cfi_def_cfa_offset 8
 447              		.cfi_offset 4, -8
 448              		.cfi_offset 14, -4
 449 0006 8446     		mov	ip, r0
 325:Drivers/STM32F4xx_HAL_Driver/Src/stm32f4xx_hal_exti.c ****   {
 326:Drivers/STM32F4xx_HAL_Driver/Src/stm32f4xx_hal_exti.c ****     return HAL_ERROR;
 327:Drivers/STM32F4xx_HAL_Driver/Src/stm32f4xx_hal_exti.c ****   }
 328:Drivers/STM32F4xx_HAL_Driver/Src/stm32f4xx_hal_exti.c **** 
 329:Drivers/STM32F4xx_HAL_Driver/Src/stm32f4xx_hal_exti.c ****   /* Check the parameter */
 330:Drivers/STM32F4xx_HAL_Driver/Src/stm32f4xx_hal_exti.c ****   assert_param(IS_EXTI_LINE(hexti->Line));
 450              		.loc 1 330 3 is_stmt 1 view .LVU145
 331:Drivers/STM32F4xx_HAL_Driver/Src/stm32f4xx_hal_exti.c **** 
 332:Drivers/STM32F4xx_HAL_Driver/Src/stm32f4xx_hal_exti.c ****   /* compute line mask */
 333:Drivers/STM32F4xx_HAL_Driver/Src/stm32f4xx_hal_exti.c ****   linepos = (hexti->Line & EXTI_PIN_MASK);
 451              		.loc 1 333 3 view .LVU146
 452              		.loc 1 333 19 is_stmt 0 view .LVU147
 453 0008 0468     		ldr	r4, [r0]
 454              		.loc 1 333 11 view .LVU148
 455 000a 04F01F00 		and	r0, r4, #31
 456              	.LVL32:
 334:Drivers/STM32F4xx_HAL_Driver/Src/stm32f4xx_hal_exti.c ****   maskline = (1uL << linepos);
 457              		.loc 1 334 3 is_stmt 1 view .LVU149
 458              		.loc 1 334 12 is_stmt 0 view .LVU150
 459 000e 0123     		movs	r3, #1
 460 0010 8340     		lsls	r3, r3, r0
 461              	.LVL33:
 335:Drivers/STM32F4xx_HAL_Driver/Src/stm32f4xx_hal_exti.c **** 
 336:Drivers/STM32F4xx_HAL_Driver/Src/stm32f4xx_hal_exti.c ****   /* 1] Clear interrupt mode */
 337:Drivers/STM32F4xx_HAL_Driver/Src/stm32f4xx_hal_exti.c ****   EXTI->IMR = (EXTI->IMR & ~maskline);
 462              		.loc 1 337 3 is_stmt 1 view .LVU151
 463              		.loc 1 337 20 is_stmt 0 view .LVU152
 464 0012 1A4A     		ldr	r2, .L44
 465 0014 1168     		ldr	r1, [r2]
 466              		.loc 1 337 28 view .LVU153
 467 0016 6FEA030E 		mvn	lr, r3
 468              		.loc 1 337 26 view .LVU154
 469 001a 21EA0301 		bic	r1, r1, r3
 470              		.loc 1 337 13 view .LVU155
 471 001e 1160     		str	r1, [r2]
 338:Drivers/STM32F4xx_HAL_Driver/Src/stm32f4xx_hal_exti.c **** 
 339:Drivers/STM32F4xx_HAL_Driver/Src/stm32f4xx_hal_exti.c ****   /* 2] Clear event mode */
 340:Drivers/STM32F4xx_HAL_Driver/Src/stm32f4xx_hal_exti.c ****   EXTI->EMR = (EXTI->EMR & ~maskline);
 472              		.loc 1 340 3 is_stmt 1 view .LVU156
ARM GAS  /var/folders/jr/lt9tb7vj2871x9rxdxc0hz4h0000gn/T//cctm4ulB.s 			page 16


 473              		.loc 1 340 20 is_stmt 0 view .LVU157
 474 0020 5168     		ldr	r1, [r2, #4]
 475              		.loc 1 340 26 view .LVU158
 476 0022 21EA0303 		bic	r3, r1, r3
 477              	.LVL34:
 478              		.loc 1 340 13 view .LVU159
 479 0026 5360     		str	r3, [r2, #4]
 341:Drivers/STM32F4xx_HAL_Driver/Src/stm32f4xx_hal_exti.c **** 
 342:Drivers/STM32F4xx_HAL_Driver/Src/stm32f4xx_hal_exti.c ****   /* 3] Clear triggers in case of configurable lines */
 343:Drivers/STM32F4xx_HAL_Driver/Src/stm32f4xx_hal_exti.c ****   if ((hexti->Line & EXTI_CONFIG) != 0x00u)
 480              		.loc 1 343 3 is_stmt 1 view .LVU160
 481              		.loc 1 343 13 is_stmt 0 view .LVU161
 482 0028 DCF80030 		ldr	r3, [ip]
 483              		.loc 1 343 6 view .LVU162
 484 002c 13F0007F 		tst	r3, #33554432
 485 0030 22D0     		beq	.L37
 344:Drivers/STM32F4xx_HAL_Driver/Src/stm32f4xx_hal_exti.c ****   {
 345:Drivers/STM32F4xx_HAL_Driver/Src/stm32f4xx_hal_exti.c ****     EXTI->RTSR = (EXTI->RTSR & ~maskline);
 486              		.loc 1 345 5 is_stmt 1 view .LVU163
 487              		.loc 1 345 23 is_stmt 0 view .LVU164
 488 0032 9368     		ldr	r3, [r2, #8]
 489              		.loc 1 345 30 view .LVU165
 490 0034 0EEA0303 		and	r3, lr, r3
 491              		.loc 1 345 16 view .LVU166
 492 0038 9360     		str	r3, [r2, #8]
 346:Drivers/STM32F4xx_HAL_Driver/Src/stm32f4xx_hal_exti.c ****     EXTI->FTSR = (EXTI->FTSR & ~maskline);
 493              		.loc 1 346 5 is_stmt 1 view .LVU167
 494              		.loc 1 346 23 is_stmt 0 view .LVU168
 495 003a D368     		ldr	r3, [r2, #12]
 496              		.loc 1 346 30 view .LVU169
 497 003c 0EEA0303 		and	r3, lr, r3
 498              		.loc 1 346 16 view .LVU170
 499 0040 D360     		str	r3, [r2, #12]
 347:Drivers/STM32F4xx_HAL_Driver/Src/stm32f4xx_hal_exti.c **** 
 348:Drivers/STM32F4xx_HAL_Driver/Src/stm32f4xx_hal_exti.c ****     /* Get Gpio port selection for gpio lines */
 349:Drivers/STM32F4xx_HAL_Driver/Src/stm32f4xx_hal_exti.c ****     if ((hexti->Line & EXTI_GPIO) == EXTI_GPIO)
 500              		.loc 1 349 5 is_stmt 1 view .LVU171
 501              		.loc 1 349 15 is_stmt 0 view .LVU172
 502 0042 DCF80030 		ldr	r3, [ip]
 503              		.loc 1 349 22 view .LVU173
 504 0046 03F0C063 		and	r3, r3, #100663296
 505              		.loc 1 349 8 view .LVU174
 506 004a B3F1C06F 		cmp	r3, #100663296
 507 004e 01D0     		beq	.L43
 350:Drivers/STM32F4xx_HAL_Driver/Src/stm32f4xx_hal_exti.c ****     {
 351:Drivers/STM32F4xx_HAL_Driver/Src/stm32f4xx_hal_exti.c ****       assert_param(IS_EXTI_GPIO_PIN(linepos));
 352:Drivers/STM32F4xx_HAL_Driver/Src/stm32f4xx_hal_exti.c **** 
 353:Drivers/STM32F4xx_HAL_Driver/Src/stm32f4xx_hal_exti.c ****       regval = SYSCFG->EXTICR[linepos >> 2u];
 354:Drivers/STM32F4xx_HAL_Driver/Src/stm32f4xx_hal_exti.c ****       regval &= ~(SYSCFG_EXTICR1_EXTI0 << (SYSCFG_EXTICR1_EXTI1_Pos * (linepos & 0x03u)));
 355:Drivers/STM32F4xx_HAL_Driver/Src/stm32f4xx_hal_exti.c ****       SYSCFG->EXTICR[linepos >> 2u] = regval;
 356:Drivers/STM32F4xx_HAL_Driver/Src/stm32f4xx_hal_exti.c ****     }
 357:Drivers/STM32F4xx_HAL_Driver/Src/stm32f4xx_hal_exti.c ****   }
 358:Drivers/STM32F4xx_HAL_Driver/Src/stm32f4xx_hal_exti.c **** 
 359:Drivers/STM32F4xx_HAL_Driver/Src/stm32f4xx_hal_exti.c ****   return HAL_OK;
 508              		.loc 1 359 10 view .LVU175
 509 0050 0020     		movs	r0, #0
 510              	.LVL35:
ARM GAS  /var/folders/jr/lt9tb7vj2871x9rxdxc0hz4h0000gn/T//cctm4ulB.s 			page 17


 511              		.loc 1 359 10 view .LVU176
 512 0052 12E0     		b	.L35
 513              	.LVL36:
 514              	.L43:
 351:Drivers/STM32F4xx_HAL_Driver/Src/stm32f4xx_hal_exti.c **** 
 515              		.loc 1 351 7 is_stmt 1 view .LVU177
 353:Drivers/STM32F4xx_HAL_Driver/Src/stm32f4xx_hal_exti.c ****       regval &= ~(SYSCFG_EXTICR1_EXTI0 << (SYSCFG_EXTICR1_EXTI1_Pos * (linepos & 0x03u)));
 516              		.loc 1 353 7 view .LVU178
 353:Drivers/STM32F4xx_HAL_Driver/Src/stm32f4xx_hal_exti.c ****       regval &= ~(SYSCFG_EXTICR1_EXTI0 << (SYSCFG_EXTICR1_EXTI1_Pos * (linepos & 0x03u)));
 517              		.loc 1 353 39 is_stmt 0 view .LVU179
 518 0054 8008     		lsrs	r0, r0, #2
 519              	.LVL37:
 353:Drivers/STM32F4xx_HAL_Driver/Src/stm32f4xx_hal_exti.c ****       regval &= ~(SYSCFG_EXTICR1_EXTI0 << (SYSCFG_EXTICR1_EXTI1_Pos * (linepos & 0x03u)));
 520              		.loc 1 353 14 view .LVU180
 521 0056 0A49     		ldr	r1, .L44+4
 522 0058 0230     		adds	r0, r0, #2
 523 005a 51F82030 		ldr	r3, [r1, r0, lsl #2]
 524              	.LVL38:
 354:Drivers/STM32F4xx_HAL_Driver/Src/stm32f4xx_hal_exti.c ****       SYSCFG->EXTICR[linepos >> 2u] = regval;
 525              		.loc 1 354 7 is_stmt 1 view .LVU181
 354:Drivers/STM32F4xx_HAL_Driver/Src/stm32f4xx_hal_exti.c ****       SYSCFG->EXTICR[linepos >> 2u] = regval;
 526              		.loc 1 354 80 is_stmt 0 view .LVU182
 527 005e 04F00304 		and	r4, r4, #3
 528              	.LVL39:
 354:Drivers/STM32F4xx_HAL_Driver/Src/stm32f4xx_hal_exti.c ****       SYSCFG->EXTICR[linepos >> 2u] = regval;
 529              		.loc 1 354 69 view .LVU183
 530 0062 A400     		lsls	r4, r4, #2
 354:Drivers/STM32F4xx_HAL_Driver/Src/stm32f4xx_hal_exti.c ****       SYSCFG->EXTICR[linepos >> 2u] = regval;
 531              		.loc 1 354 40 view .LVU184
 532 0064 0F22     		movs	r2, #15
 533 0066 A240     		lsls	r2, r2, r4
 354:Drivers/STM32F4xx_HAL_Driver/Src/stm32f4xx_hal_exti.c ****       SYSCFG->EXTICR[linepos >> 2u] = regval;
 534              		.loc 1 354 14 view .LVU185
 535 0068 23EA0203 		bic	r3, r3, r2
 536              	.LVL40:
 355:Drivers/STM32F4xx_HAL_Driver/Src/stm32f4xx_hal_exti.c ****     }
 537              		.loc 1 355 7 is_stmt 1 view .LVU186
 355:Drivers/STM32F4xx_HAL_Driver/Src/stm32f4xx_hal_exti.c ****     }
 538              		.loc 1 355 37 is_stmt 0 view .LVU187
 539 006c 41F82030 		str	r3, [r1, r0, lsl #2]
 540              		.loc 1 359 10 view .LVU188
 541 0070 0020     		movs	r0, #0
 542 0072 02E0     		b	.L35
 543              	.LVL41:
 544              	.L36:
 545              	.LCFI5:
 546              		.cfi_def_cfa_offset 0
 547              		.cfi_restore 4
 548              		.cfi_restore 14
 326:Drivers/STM32F4xx_HAL_Driver/Src/stm32f4xx_hal_exti.c ****   }
 549              		.loc 1 326 12 view .LVU189
 550 0074 0120     		movs	r0, #1
 551              	.LVL42:
 360:Drivers/STM32F4xx_HAL_Driver/Src/stm32f4xx_hal_exti.c **** }
 552              		.loc 1 360 1 view .LVU190
 553 0076 7047     		bx	lr
 554              	.LVL43:
ARM GAS  /var/folders/jr/lt9tb7vj2871x9rxdxc0hz4h0000gn/T//cctm4ulB.s 			page 18


 555              	.L37:
 556              	.LCFI6:
 557              		.cfi_def_cfa_offset 8
 558              		.cfi_offset 4, -8
 559              		.cfi_offset 14, -4
 359:Drivers/STM32F4xx_HAL_Driver/Src/stm32f4xx_hal_exti.c **** }
 560              		.loc 1 359 10 view .LVU191
 561 0078 0020     		movs	r0, #0
 562              	.LVL44:
 563              	.L35:
 564              		.loc 1 360 1 view .LVU192
 565 007a 10BD     		pop	{r4, pc}
 566              	.L45:
 567              		.align	2
 568              	.L44:
 569 007c 003C0140 		.word	1073822720
 570 0080 00380140 		.word	1073821696
 571              		.cfi_endproc
 572              	.LFE132:
 574              		.section	.text.HAL_EXTI_RegisterCallback,"ax",%progbits
 575              		.align	1
 576              		.global	HAL_EXTI_RegisterCallback
 577              		.syntax unified
 578              		.thumb
 579              		.thumb_func
 581              	HAL_EXTI_RegisterCallback:
 582              	.LVL45:
 583              	.LFB133:
 361:Drivers/STM32F4xx_HAL_Driver/Src/stm32f4xx_hal_exti.c **** 
 362:Drivers/STM32F4xx_HAL_Driver/Src/stm32f4xx_hal_exti.c **** /**
 363:Drivers/STM32F4xx_HAL_Driver/Src/stm32f4xx_hal_exti.c ****   * @brief  Register callback for a dedicated Exti line.
 364:Drivers/STM32F4xx_HAL_Driver/Src/stm32f4xx_hal_exti.c ****   * @param  hexti Exti handle.
 365:Drivers/STM32F4xx_HAL_Driver/Src/stm32f4xx_hal_exti.c ****   * @param  CallbackID User callback identifier.
 366:Drivers/STM32F4xx_HAL_Driver/Src/stm32f4xx_hal_exti.c ****   *         This parameter can be one of @arg @ref EXTI_CallbackIDTypeDef values.
 367:Drivers/STM32F4xx_HAL_Driver/Src/stm32f4xx_hal_exti.c ****   * @param  pPendingCbfn function pointer to be stored as callback.
 368:Drivers/STM32F4xx_HAL_Driver/Src/stm32f4xx_hal_exti.c ****   * @retval HAL Status.
 369:Drivers/STM32F4xx_HAL_Driver/Src/stm32f4xx_hal_exti.c ****   */
 370:Drivers/STM32F4xx_HAL_Driver/Src/stm32f4xx_hal_exti.c **** HAL_StatusTypeDef HAL_EXTI_RegisterCallback(EXTI_HandleTypeDef *hexti, EXTI_CallbackIDTypeDef Callb
 371:Drivers/STM32F4xx_HAL_Driver/Src/stm32f4xx_hal_exti.c **** {
 584              		.loc 1 371 1 is_stmt 1 view -0
 585              		.cfi_startproc
 586              		@ args = 0, pretend = 0, frame = 0
 587              		@ frame_needed = 0, uses_anonymous_args = 0
 588              		@ link register save eliminated.
 589              		.loc 1 371 1 is_stmt 0 view .LVU194
 590 0000 0346     		mov	r3, r0
 372:Drivers/STM32F4xx_HAL_Driver/Src/stm32f4xx_hal_exti.c ****   HAL_StatusTypeDef status = HAL_OK;
 591              		.loc 1 372 3 is_stmt 1 view .LVU195
 592              	.LVL46:
 373:Drivers/STM32F4xx_HAL_Driver/Src/stm32f4xx_hal_exti.c **** 
 374:Drivers/STM32F4xx_HAL_Driver/Src/stm32f4xx_hal_exti.c ****   switch (CallbackID)
 593              		.loc 1 374 3 view .LVU196
 594 0002 0846     		mov	r0, r1
 595              	.LVL47:
 596              		.loc 1 374 3 is_stmt 0 view .LVU197
 597 0004 09B9     		cbnz	r1, .L48
 375:Drivers/STM32F4xx_HAL_Driver/Src/stm32f4xx_hal_exti.c ****   {
ARM GAS  /var/folders/jr/lt9tb7vj2871x9rxdxc0hz4h0000gn/T//cctm4ulB.s 			page 19


 376:Drivers/STM32F4xx_HAL_Driver/Src/stm32f4xx_hal_exti.c ****     case  HAL_EXTI_COMMON_CB_ID:
 377:Drivers/STM32F4xx_HAL_Driver/Src/stm32f4xx_hal_exti.c ****       hexti->PendingCallback = pPendingCbfn;
 598              		.loc 1 377 7 is_stmt 1 view .LVU198
 599              		.loc 1 377 30 is_stmt 0 view .LVU199
 600 0006 5A60     		str	r2, [r3, #4]
 378:Drivers/STM32F4xx_HAL_Driver/Src/stm32f4xx_hal_exti.c ****       break;
 601              		.loc 1 378 7 is_stmt 1 view .LVU200
 602 0008 7047     		bx	lr
 603              	.L48:
 379:Drivers/STM32F4xx_HAL_Driver/Src/stm32f4xx_hal_exti.c **** 
 380:Drivers/STM32F4xx_HAL_Driver/Src/stm32f4xx_hal_exti.c ****     default:
 381:Drivers/STM32F4xx_HAL_Driver/Src/stm32f4xx_hal_exti.c ****       status = HAL_ERROR;
 604              		.loc 1 381 14 is_stmt 0 view .LVU201
 605 000a 0120     		movs	r0, #1
 606              	.LVL48:
 382:Drivers/STM32F4xx_HAL_Driver/Src/stm32f4xx_hal_exti.c ****       break;
 383:Drivers/STM32F4xx_HAL_Driver/Src/stm32f4xx_hal_exti.c ****   }
 384:Drivers/STM32F4xx_HAL_Driver/Src/stm32f4xx_hal_exti.c **** 
 385:Drivers/STM32F4xx_HAL_Driver/Src/stm32f4xx_hal_exti.c ****   return status;
 607              		.loc 1 385 3 is_stmt 1 view .LVU202
 386:Drivers/STM32F4xx_HAL_Driver/Src/stm32f4xx_hal_exti.c **** }
 608              		.loc 1 386 1 is_stmt 0 view .LVU203
 609 000c 7047     		bx	lr
 610              		.cfi_endproc
 611              	.LFE133:
 613              		.section	.text.HAL_EXTI_GetHandle,"ax",%progbits
 614              		.align	1
 615              		.global	HAL_EXTI_GetHandle
 616              		.syntax unified
 617              		.thumb
 618              		.thumb_func
 620              	HAL_EXTI_GetHandle:
 621              	.LVL49:
 622              	.LFB134:
 387:Drivers/STM32F4xx_HAL_Driver/Src/stm32f4xx_hal_exti.c **** 
 388:Drivers/STM32F4xx_HAL_Driver/Src/stm32f4xx_hal_exti.c **** /**
 389:Drivers/STM32F4xx_HAL_Driver/Src/stm32f4xx_hal_exti.c ****   * @brief  Store line number as handle private field.
 390:Drivers/STM32F4xx_HAL_Driver/Src/stm32f4xx_hal_exti.c ****   * @param  hexti Exti handle.
 391:Drivers/STM32F4xx_HAL_Driver/Src/stm32f4xx_hal_exti.c ****   * @param  ExtiLine Exti line number.
 392:Drivers/STM32F4xx_HAL_Driver/Src/stm32f4xx_hal_exti.c ****   *         This parameter can be from 0 to @ref EXTI_LINE_NB.
 393:Drivers/STM32F4xx_HAL_Driver/Src/stm32f4xx_hal_exti.c ****   * @retval HAL Status.
 394:Drivers/STM32F4xx_HAL_Driver/Src/stm32f4xx_hal_exti.c ****   */
 395:Drivers/STM32F4xx_HAL_Driver/Src/stm32f4xx_hal_exti.c **** HAL_StatusTypeDef HAL_EXTI_GetHandle(EXTI_HandleTypeDef *hexti, uint32_t ExtiLine)
 396:Drivers/STM32F4xx_HAL_Driver/Src/stm32f4xx_hal_exti.c **** {
 623              		.loc 1 396 1 is_stmt 1 view -0
 624              		.cfi_startproc
 625              		@ args = 0, pretend = 0, frame = 0
 626              		@ frame_needed = 0, uses_anonymous_args = 0
 627              		@ link register save eliminated.
 397:Drivers/STM32F4xx_HAL_Driver/Src/stm32f4xx_hal_exti.c ****   /* Check the parameters */
 398:Drivers/STM32F4xx_HAL_Driver/Src/stm32f4xx_hal_exti.c ****   assert_param(IS_EXTI_LINE(ExtiLine));
 628              		.loc 1 398 3 view .LVU205
 399:Drivers/STM32F4xx_HAL_Driver/Src/stm32f4xx_hal_exti.c **** 
 400:Drivers/STM32F4xx_HAL_Driver/Src/stm32f4xx_hal_exti.c ****   /* Check null pointer */
 401:Drivers/STM32F4xx_HAL_Driver/Src/stm32f4xx_hal_exti.c ****   if (hexti == NULL)
 629              		.loc 1 401 3 view .LVU206
 630              		.loc 1 401 6 is_stmt 0 view .LVU207
ARM GAS  /var/folders/jr/lt9tb7vj2871x9rxdxc0hz4h0000gn/T//cctm4ulB.s 			page 20


 631 0000 10B1     		cbz	r0, .L51
 402:Drivers/STM32F4xx_HAL_Driver/Src/stm32f4xx_hal_exti.c ****   {
 403:Drivers/STM32F4xx_HAL_Driver/Src/stm32f4xx_hal_exti.c ****     return HAL_ERROR;
 404:Drivers/STM32F4xx_HAL_Driver/Src/stm32f4xx_hal_exti.c ****   }
 405:Drivers/STM32F4xx_HAL_Driver/Src/stm32f4xx_hal_exti.c ****   else
 406:Drivers/STM32F4xx_HAL_Driver/Src/stm32f4xx_hal_exti.c ****   {
 407:Drivers/STM32F4xx_HAL_Driver/Src/stm32f4xx_hal_exti.c ****     /* Store line number as handle private field */
 408:Drivers/STM32F4xx_HAL_Driver/Src/stm32f4xx_hal_exti.c ****     hexti->Line = ExtiLine;
 632              		.loc 1 408 5 is_stmt 1 view .LVU208
 633              		.loc 1 408 17 is_stmt 0 view .LVU209
 634 0002 0160     		str	r1, [r0]
 409:Drivers/STM32F4xx_HAL_Driver/Src/stm32f4xx_hal_exti.c **** 
 410:Drivers/STM32F4xx_HAL_Driver/Src/stm32f4xx_hal_exti.c ****     return HAL_OK;
 635              		.loc 1 410 5 is_stmt 1 view .LVU210
 636              		.loc 1 410 12 is_stmt 0 view .LVU211
 637 0004 0020     		movs	r0, #0
 638              	.LVL50:
 639              		.loc 1 410 12 view .LVU212
 640 0006 7047     		bx	lr
 641              	.LVL51:
 642              	.L51:
 403:Drivers/STM32F4xx_HAL_Driver/Src/stm32f4xx_hal_exti.c ****   }
 643              		.loc 1 403 12 view .LVU213
 644 0008 0120     		movs	r0, #1
 645              	.LVL52:
 411:Drivers/STM32F4xx_HAL_Driver/Src/stm32f4xx_hal_exti.c ****   }
 412:Drivers/STM32F4xx_HAL_Driver/Src/stm32f4xx_hal_exti.c **** }
 646              		.loc 1 412 1 view .LVU214
 647 000a 7047     		bx	lr
 648              		.cfi_endproc
 649              	.LFE134:
 651              		.section	.text.HAL_EXTI_IRQHandler,"ax",%progbits
 652              		.align	1
 653              		.global	HAL_EXTI_IRQHandler
 654              		.syntax unified
 655              		.thumb
 656              		.thumb_func
 658              	HAL_EXTI_IRQHandler:
 659              	.LVL53:
 660              	.LFB135:
 413:Drivers/STM32F4xx_HAL_Driver/Src/stm32f4xx_hal_exti.c **** 
 414:Drivers/STM32F4xx_HAL_Driver/Src/stm32f4xx_hal_exti.c **** /**
 415:Drivers/STM32F4xx_HAL_Driver/Src/stm32f4xx_hal_exti.c ****   * @}
 416:Drivers/STM32F4xx_HAL_Driver/Src/stm32f4xx_hal_exti.c ****   */
 417:Drivers/STM32F4xx_HAL_Driver/Src/stm32f4xx_hal_exti.c **** 
 418:Drivers/STM32F4xx_HAL_Driver/Src/stm32f4xx_hal_exti.c **** /** @addtogroup EXTI_Exported_Functions_Group2
 419:Drivers/STM32F4xx_HAL_Driver/Src/stm32f4xx_hal_exti.c ****   *  @brief EXTI IO functions.
 420:Drivers/STM32F4xx_HAL_Driver/Src/stm32f4xx_hal_exti.c ****   *
 421:Drivers/STM32F4xx_HAL_Driver/Src/stm32f4xx_hal_exti.c **** @verbatim
 422:Drivers/STM32F4xx_HAL_Driver/Src/stm32f4xx_hal_exti.c ****  ===============================================================================
 423:Drivers/STM32F4xx_HAL_Driver/Src/stm32f4xx_hal_exti.c ****                        ##### IO operation functions #####
 424:Drivers/STM32F4xx_HAL_Driver/Src/stm32f4xx_hal_exti.c ****  ===============================================================================
 425:Drivers/STM32F4xx_HAL_Driver/Src/stm32f4xx_hal_exti.c **** 
 426:Drivers/STM32F4xx_HAL_Driver/Src/stm32f4xx_hal_exti.c **** @endverbatim
 427:Drivers/STM32F4xx_HAL_Driver/Src/stm32f4xx_hal_exti.c ****   * @{
 428:Drivers/STM32F4xx_HAL_Driver/Src/stm32f4xx_hal_exti.c ****   */
 429:Drivers/STM32F4xx_HAL_Driver/Src/stm32f4xx_hal_exti.c **** 
ARM GAS  /var/folders/jr/lt9tb7vj2871x9rxdxc0hz4h0000gn/T//cctm4ulB.s 			page 21


 430:Drivers/STM32F4xx_HAL_Driver/Src/stm32f4xx_hal_exti.c **** /**
 431:Drivers/STM32F4xx_HAL_Driver/Src/stm32f4xx_hal_exti.c ****   * @brief  Handle EXTI interrupt request.
 432:Drivers/STM32F4xx_HAL_Driver/Src/stm32f4xx_hal_exti.c ****   * @param  hexti Exti handle.
 433:Drivers/STM32F4xx_HAL_Driver/Src/stm32f4xx_hal_exti.c ****   * @retval none.
 434:Drivers/STM32F4xx_HAL_Driver/Src/stm32f4xx_hal_exti.c ****   */
 435:Drivers/STM32F4xx_HAL_Driver/Src/stm32f4xx_hal_exti.c **** void HAL_EXTI_IRQHandler(EXTI_HandleTypeDef *hexti)
 436:Drivers/STM32F4xx_HAL_Driver/Src/stm32f4xx_hal_exti.c **** {
 661              		.loc 1 436 1 is_stmt 1 view -0
 662              		.cfi_startproc
 663              		@ args = 0, pretend = 0, frame = 0
 664              		@ frame_needed = 0, uses_anonymous_args = 0
 665              		.loc 1 436 1 is_stmt 0 view .LVU216
 666 0000 08B5     		push	{r3, lr}
 667              	.LCFI7:
 668              		.cfi_def_cfa_offset 8
 669              		.cfi_offset 3, -8
 670              		.cfi_offset 14, -4
 437:Drivers/STM32F4xx_HAL_Driver/Src/stm32f4xx_hal_exti.c ****   uint32_t regval;
 671              		.loc 1 437 3 is_stmt 1 view .LVU217
 438:Drivers/STM32F4xx_HAL_Driver/Src/stm32f4xx_hal_exti.c ****   uint32_t maskline;
 672              		.loc 1 438 3 view .LVU218
 439:Drivers/STM32F4xx_HAL_Driver/Src/stm32f4xx_hal_exti.c **** 
 440:Drivers/STM32F4xx_HAL_Driver/Src/stm32f4xx_hal_exti.c ****   /* Compute line mask */
 441:Drivers/STM32F4xx_HAL_Driver/Src/stm32f4xx_hal_exti.c ****   maskline = (1uL << (hexti->Line & EXTI_PIN_MASK));
 673              		.loc 1 441 3 view .LVU219
 674              		.loc 1 441 28 is_stmt 0 view .LVU220
 675 0002 0368     		ldr	r3, [r0]
 676              		.loc 1 441 35 view .LVU221
 677 0004 03F01F02 		and	r2, r3, #31
 678              		.loc 1 441 12 view .LVU222
 679 0008 0123     		movs	r3, #1
 680 000a 9340     		lsls	r3, r3, r2
 681              	.LVL54:
 442:Drivers/STM32F4xx_HAL_Driver/Src/stm32f4xx_hal_exti.c **** 
 443:Drivers/STM32F4xx_HAL_Driver/Src/stm32f4xx_hal_exti.c ****   /* Get pending bit  */
 444:Drivers/STM32F4xx_HAL_Driver/Src/stm32f4xx_hal_exti.c ****   regval = (EXTI->PR & maskline);
 682              		.loc 1 444 3 is_stmt 1 view .LVU223
 683              		.loc 1 444 17 is_stmt 0 view .LVU224
 684 000c 044A     		ldr	r2, .L55
 685 000e 5269     		ldr	r2, [r2, #20]
 686              	.LVL55:
 445:Drivers/STM32F4xx_HAL_Driver/Src/stm32f4xx_hal_exti.c ****   if (regval != 0x00u)
 687              		.loc 1 445 3 is_stmt 1 view .LVU225
 688              		.loc 1 445 6 is_stmt 0 view .LVU226
 689 0010 1A42     		tst	r2, r3
 690 0012 04D0     		beq	.L52
 446:Drivers/STM32F4xx_HAL_Driver/Src/stm32f4xx_hal_exti.c ****   {
 447:Drivers/STM32F4xx_HAL_Driver/Src/stm32f4xx_hal_exti.c ****     /* Clear pending bit */
 448:Drivers/STM32F4xx_HAL_Driver/Src/stm32f4xx_hal_exti.c ****     EXTI->PR = maskline;
 691              		.loc 1 448 5 is_stmt 1 view .LVU227
 692              		.loc 1 448 14 is_stmt 0 view .LVU228
 693 0014 024A     		ldr	r2, .L55
 694              	.LVL56:
 695              		.loc 1 448 14 view .LVU229
 696 0016 5361     		str	r3, [r2, #20]
 449:Drivers/STM32F4xx_HAL_Driver/Src/stm32f4xx_hal_exti.c **** 
 450:Drivers/STM32F4xx_HAL_Driver/Src/stm32f4xx_hal_exti.c ****     /* Call callback */
ARM GAS  /var/folders/jr/lt9tb7vj2871x9rxdxc0hz4h0000gn/T//cctm4ulB.s 			page 22


 451:Drivers/STM32F4xx_HAL_Driver/Src/stm32f4xx_hal_exti.c ****     if (hexti->PendingCallback != NULL)
 697              		.loc 1 451 5 is_stmt 1 view .LVU230
 698              		.loc 1 451 14 is_stmt 0 view .LVU231
 699 0018 4368     		ldr	r3, [r0, #4]
 700              	.LVL57:
 701              		.loc 1 451 8 view .LVU232
 702 001a 03B1     		cbz	r3, .L52
 452:Drivers/STM32F4xx_HAL_Driver/Src/stm32f4xx_hal_exti.c ****     {
 453:Drivers/STM32F4xx_HAL_Driver/Src/stm32f4xx_hal_exti.c ****       hexti->PendingCallback();
 703              		.loc 1 453 7 is_stmt 1 view .LVU233
 704 001c 9847     		blx	r3
 705              	.LVL58:
 706              	.L52:
 454:Drivers/STM32F4xx_HAL_Driver/Src/stm32f4xx_hal_exti.c ****     }
 455:Drivers/STM32F4xx_HAL_Driver/Src/stm32f4xx_hal_exti.c ****   }
 456:Drivers/STM32F4xx_HAL_Driver/Src/stm32f4xx_hal_exti.c **** }
 707              		.loc 1 456 1 is_stmt 0 view .LVU234
 708 001e 08BD     		pop	{r3, pc}
 709              	.L56:
 710              		.align	2
 711              	.L55:
 712 0020 003C0140 		.word	1073822720
 713              		.cfi_endproc
 714              	.LFE135:
 716              		.section	.text.HAL_EXTI_GetPending,"ax",%progbits
 717              		.align	1
 718              		.global	HAL_EXTI_GetPending
 719              		.syntax unified
 720              		.thumb
 721              		.thumb_func
 723              	HAL_EXTI_GetPending:
 724              	.LVL59:
 725              	.LFB136:
 457:Drivers/STM32F4xx_HAL_Driver/Src/stm32f4xx_hal_exti.c **** 
 458:Drivers/STM32F4xx_HAL_Driver/Src/stm32f4xx_hal_exti.c **** /**
 459:Drivers/STM32F4xx_HAL_Driver/Src/stm32f4xx_hal_exti.c ****   * @brief  Get interrupt pending bit of a dedicated line.
 460:Drivers/STM32F4xx_HAL_Driver/Src/stm32f4xx_hal_exti.c ****   * @param  hexti Exti handle.
 461:Drivers/STM32F4xx_HAL_Driver/Src/stm32f4xx_hal_exti.c ****   * @param  Edge Specify which pending edge as to be checked.
 462:Drivers/STM32F4xx_HAL_Driver/Src/stm32f4xx_hal_exti.c ****   *         This parameter can be one of the following values:
 463:Drivers/STM32F4xx_HAL_Driver/Src/stm32f4xx_hal_exti.c ****   *           @arg @ref EXTI_TRIGGER_RISING_FALLING
 464:Drivers/STM32F4xx_HAL_Driver/Src/stm32f4xx_hal_exti.c ****   *         This parameter is kept for compatibility with other series.
 465:Drivers/STM32F4xx_HAL_Driver/Src/stm32f4xx_hal_exti.c ****   * @retval 1 if interrupt is pending else 0.
 466:Drivers/STM32F4xx_HAL_Driver/Src/stm32f4xx_hal_exti.c ****   */
 467:Drivers/STM32F4xx_HAL_Driver/Src/stm32f4xx_hal_exti.c **** uint32_t HAL_EXTI_GetPending(EXTI_HandleTypeDef *hexti, uint32_t Edge)
 468:Drivers/STM32F4xx_HAL_Driver/Src/stm32f4xx_hal_exti.c **** {
 726              		.loc 1 468 1 is_stmt 1 view -0
 727              		.cfi_startproc
 728              		@ args = 0, pretend = 0, frame = 0
 729              		@ frame_needed = 0, uses_anonymous_args = 0
 730              		@ link register save eliminated.
 469:Drivers/STM32F4xx_HAL_Driver/Src/stm32f4xx_hal_exti.c ****   uint32_t regval;
 731              		.loc 1 469 3 view .LVU236
 470:Drivers/STM32F4xx_HAL_Driver/Src/stm32f4xx_hal_exti.c ****   uint32_t linepos;
 732              		.loc 1 470 3 view .LVU237
 471:Drivers/STM32F4xx_HAL_Driver/Src/stm32f4xx_hal_exti.c ****   uint32_t maskline;
 733              		.loc 1 471 3 view .LVU238
 472:Drivers/STM32F4xx_HAL_Driver/Src/stm32f4xx_hal_exti.c **** 
ARM GAS  /var/folders/jr/lt9tb7vj2871x9rxdxc0hz4h0000gn/T//cctm4ulB.s 			page 23


 473:Drivers/STM32F4xx_HAL_Driver/Src/stm32f4xx_hal_exti.c ****   /* Check parameters */
 474:Drivers/STM32F4xx_HAL_Driver/Src/stm32f4xx_hal_exti.c ****   assert_param(IS_EXTI_LINE(hexti->Line));
 734              		.loc 1 474 3 view .LVU239
 475:Drivers/STM32F4xx_HAL_Driver/Src/stm32f4xx_hal_exti.c ****   assert_param(IS_EXTI_CONFIG_LINE(hexti->Line));
 735              		.loc 1 475 3 view .LVU240
 476:Drivers/STM32F4xx_HAL_Driver/Src/stm32f4xx_hal_exti.c ****   assert_param(IS_EXTI_PENDING_EDGE(Edge));
 736              		.loc 1 476 3 view .LVU241
 477:Drivers/STM32F4xx_HAL_Driver/Src/stm32f4xx_hal_exti.c **** 
 478:Drivers/STM32F4xx_HAL_Driver/Src/stm32f4xx_hal_exti.c ****   /* Compute line mask */
 479:Drivers/STM32F4xx_HAL_Driver/Src/stm32f4xx_hal_exti.c ****   linepos = (hexti->Line & EXTI_PIN_MASK);
 737              		.loc 1 479 3 view .LVU242
 738              		.loc 1 479 19 is_stmt 0 view .LVU243
 739 0000 0368     		ldr	r3, [r0]
 740              		.loc 1 479 11 view .LVU244
 741 0002 03F01F03 		and	r3, r3, #31
 742              	.LVL60:
 480:Drivers/STM32F4xx_HAL_Driver/Src/stm32f4xx_hal_exti.c ****   maskline = (1uL << linepos);
 743              		.loc 1 480 3 is_stmt 1 view .LVU245
 744              		.loc 1 480 12 is_stmt 0 view .LVU246
 745 0006 0122     		movs	r2, #1
 746 0008 9A40     		lsls	r2, r2, r3
 747              	.LVL61:
 481:Drivers/STM32F4xx_HAL_Driver/Src/stm32f4xx_hal_exti.c **** 
 482:Drivers/STM32F4xx_HAL_Driver/Src/stm32f4xx_hal_exti.c ****   /* return 1 if bit is set else 0 */
 483:Drivers/STM32F4xx_HAL_Driver/Src/stm32f4xx_hal_exti.c ****   regval = ((EXTI->PR & maskline) >> linepos);
 748              		.loc 1 483 3 is_stmt 1 view .LVU247
 749              		.loc 1 483 18 is_stmt 0 view .LVU248
 750 000a 0249     		ldr	r1, .L58
 751              	.LVL62:
 752              		.loc 1 483 18 view .LVU249
 753 000c 4869     		ldr	r0, [r1, #20]
 754              	.LVL63:
 755              		.loc 1 483 23 view .LVU250
 756 000e 1040     		ands	r0, r0, r2
 757              	.LVL64:
 484:Drivers/STM32F4xx_HAL_Driver/Src/stm32f4xx_hal_exti.c ****   return regval;
 758              		.loc 1 484 3 is_stmt 1 view .LVU251
 485:Drivers/STM32F4xx_HAL_Driver/Src/stm32f4xx_hal_exti.c **** }
 759              		.loc 1 485 1 is_stmt 0 view .LVU252
 760 0010 D840     		lsrs	r0, r0, r3
 761              	.LVL65:
 762              		.loc 1 485 1 view .LVU253
 763 0012 7047     		bx	lr
 764              	.L59:
 765              		.align	2
 766              	.L58:
 767 0014 003C0140 		.word	1073822720
 768              		.cfi_endproc
 769              	.LFE136:
 771              		.section	.text.HAL_EXTI_ClearPending,"ax",%progbits
 772              		.align	1
 773              		.global	HAL_EXTI_ClearPending
 774              		.syntax unified
 775              		.thumb
 776              		.thumb_func
 778              	HAL_EXTI_ClearPending:
 779              	.LVL66:
ARM GAS  /var/folders/jr/lt9tb7vj2871x9rxdxc0hz4h0000gn/T//cctm4ulB.s 			page 24


 780              	.LFB137:
 486:Drivers/STM32F4xx_HAL_Driver/Src/stm32f4xx_hal_exti.c **** 
 487:Drivers/STM32F4xx_HAL_Driver/Src/stm32f4xx_hal_exti.c **** /**
 488:Drivers/STM32F4xx_HAL_Driver/Src/stm32f4xx_hal_exti.c ****   * @brief  Clear interrupt pending bit of a dedicated line.
 489:Drivers/STM32F4xx_HAL_Driver/Src/stm32f4xx_hal_exti.c ****   * @param  hexti Exti handle.
 490:Drivers/STM32F4xx_HAL_Driver/Src/stm32f4xx_hal_exti.c ****   * @param  Edge Specify which pending edge as to be clear.
 491:Drivers/STM32F4xx_HAL_Driver/Src/stm32f4xx_hal_exti.c ****   *         This parameter can be one of the following values:
 492:Drivers/STM32F4xx_HAL_Driver/Src/stm32f4xx_hal_exti.c ****   *           @arg @ref EXTI_TRIGGER_RISING_FALLING
 493:Drivers/STM32F4xx_HAL_Driver/Src/stm32f4xx_hal_exti.c ****   *         This parameter is kept for compatibility with other series.
 494:Drivers/STM32F4xx_HAL_Driver/Src/stm32f4xx_hal_exti.c ****   * @retval None.
 495:Drivers/STM32F4xx_HAL_Driver/Src/stm32f4xx_hal_exti.c ****   */
 496:Drivers/STM32F4xx_HAL_Driver/Src/stm32f4xx_hal_exti.c **** void HAL_EXTI_ClearPending(EXTI_HandleTypeDef *hexti, uint32_t Edge)
 497:Drivers/STM32F4xx_HAL_Driver/Src/stm32f4xx_hal_exti.c **** {
 781              		.loc 1 497 1 is_stmt 1 view -0
 782              		.cfi_startproc
 783              		@ args = 0, pretend = 0, frame = 0
 784              		@ frame_needed = 0, uses_anonymous_args = 0
 785              		@ link register save eliminated.
 498:Drivers/STM32F4xx_HAL_Driver/Src/stm32f4xx_hal_exti.c ****   uint32_t maskline;
 786              		.loc 1 498 3 view .LVU255
 499:Drivers/STM32F4xx_HAL_Driver/Src/stm32f4xx_hal_exti.c **** 
 500:Drivers/STM32F4xx_HAL_Driver/Src/stm32f4xx_hal_exti.c ****   /* Check parameters */
 501:Drivers/STM32F4xx_HAL_Driver/Src/stm32f4xx_hal_exti.c ****   assert_param(IS_EXTI_LINE(hexti->Line));
 787              		.loc 1 501 3 view .LVU256
 502:Drivers/STM32F4xx_HAL_Driver/Src/stm32f4xx_hal_exti.c ****   assert_param(IS_EXTI_CONFIG_LINE(hexti->Line));
 788              		.loc 1 502 3 view .LVU257
 503:Drivers/STM32F4xx_HAL_Driver/Src/stm32f4xx_hal_exti.c ****   assert_param(IS_EXTI_PENDING_EDGE(Edge));
 789              		.loc 1 503 3 view .LVU258
 504:Drivers/STM32F4xx_HAL_Driver/Src/stm32f4xx_hal_exti.c **** 
 505:Drivers/STM32F4xx_HAL_Driver/Src/stm32f4xx_hal_exti.c ****   /* Compute line mask */
 506:Drivers/STM32F4xx_HAL_Driver/Src/stm32f4xx_hal_exti.c ****   maskline = (1uL << (hexti->Line & EXTI_PIN_MASK));
 790              		.loc 1 506 3 view .LVU259
 791              		.loc 1 506 28 is_stmt 0 view .LVU260
 792 0000 0268     		ldr	r2, [r0]
 793              		.loc 1 506 35 view .LVU261
 794 0002 02F01F02 		and	r2, r2, #31
 795              		.loc 1 506 12 view .LVU262
 796 0006 0123     		movs	r3, #1
 797 0008 9340     		lsls	r3, r3, r2
 798              	.LVL67:
 507:Drivers/STM32F4xx_HAL_Driver/Src/stm32f4xx_hal_exti.c **** 
 508:Drivers/STM32F4xx_HAL_Driver/Src/stm32f4xx_hal_exti.c ****   /* Clear Pending bit */
 509:Drivers/STM32F4xx_HAL_Driver/Src/stm32f4xx_hal_exti.c ****   EXTI->PR =  maskline;
 799              		.loc 1 509 3 is_stmt 1 view .LVU263
 800              		.loc 1 509 12 is_stmt 0 view .LVU264
 801 000a 014A     		ldr	r2, .L61
 802 000c 5361     		str	r3, [r2, #20]
 510:Drivers/STM32F4xx_HAL_Driver/Src/stm32f4xx_hal_exti.c **** }
 803              		.loc 1 510 1 view .LVU265
 804 000e 7047     		bx	lr
 805              	.L62:
 806              		.align	2
 807              	.L61:
 808 0010 003C0140 		.word	1073822720
 809              		.cfi_endproc
 810              	.LFE137:
 812              		.section	.text.HAL_EXTI_GenerateSWI,"ax",%progbits
ARM GAS  /var/folders/jr/lt9tb7vj2871x9rxdxc0hz4h0000gn/T//cctm4ulB.s 			page 25


 813              		.align	1
 814              		.global	HAL_EXTI_GenerateSWI
 815              		.syntax unified
 816              		.thumb
 817              		.thumb_func
 819              	HAL_EXTI_GenerateSWI:
 820              	.LVL68:
 821              	.LFB138:
 511:Drivers/STM32F4xx_HAL_Driver/Src/stm32f4xx_hal_exti.c **** 
 512:Drivers/STM32F4xx_HAL_Driver/Src/stm32f4xx_hal_exti.c **** /**
 513:Drivers/STM32F4xx_HAL_Driver/Src/stm32f4xx_hal_exti.c ****   * @brief  Generate a software interrupt for a dedicated line.
 514:Drivers/STM32F4xx_HAL_Driver/Src/stm32f4xx_hal_exti.c ****   * @param  hexti Exti handle.
 515:Drivers/STM32F4xx_HAL_Driver/Src/stm32f4xx_hal_exti.c ****   * @retval None.
 516:Drivers/STM32F4xx_HAL_Driver/Src/stm32f4xx_hal_exti.c ****   */
 517:Drivers/STM32F4xx_HAL_Driver/Src/stm32f4xx_hal_exti.c **** void HAL_EXTI_GenerateSWI(EXTI_HandleTypeDef *hexti)
 518:Drivers/STM32F4xx_HAL_Driver/Src/stm32f4xx_hal_exti.c **** {
 822              		.loc 1 518 1 is_stmt 1 view -0
 823              		.cfi_startproc
 824              		@ args = 0, pretend = 0, frame = 0
 825              		@ frame_needed = 0, uses_anonymous_args = 0
 826              		@ link register save eliminated.
 519:Drivers/STM32F4xx_HAL_Driver/Src/stm32f4xx_hal_exti.c ****   uint32_t maskline;
 827              		.loc 1 519 3 view .LVU267
 520:Drivers/STM32F4xx_HAL_Driver/Src/stm32f4xx_hal_exti.c **** 
 521:Drivers/STM32F4xx_HAL_Driver/Src/stm32f4xx_hal_exti.c ****   /* Check parameters */
 522:Drivers/STM32F4xx_HAL_Driver/Src/stm32f4xx_hal_exti.c ****   assert_param(IS_EXTI_LINE(hexti->Line));
 828              		.loc 1 522 3 view .LVU268
 523:Drivers/STM32F4xx_HAL_Driver/Src/stm32f4xx_hal_exti.c ****   assert_param(IS_EXTI_CONFIG_LINE(hexti->Line));
 829              		.loc 1 523 3 view .LVU269
 524:Drivers/STM32F4xx_HAL_Driver/Src/stm32f4xx_hal_exti.c **** 
 525:Drivers/STM32F4xx_HAL_Driver/Src/stm32f4xx_hal_exti.c ****   /* Compute line mask */
 526:Drivers/STM32F4xx_HAL_Driver/Src/stm32f4xx_hal_exti.c ****   maskline = (1uL << (hexti->Line & EXTI_PIN_MASK));
 830              		.loc 1 526 3 view .LVU270
 831              		.loc 1 526 28 is_stmt 0 view .LVU271
 832 0000 0268     		ldr	r2, [r0]
 833              		.loc 1 526 35 view .LVU272
 834 0002 02F01F02 		and	r2, r2, #31
 835              		.loc 1 526 12 view .LVU273
 836 0006 0123     		movs	r3, #1
 837 0008 9340     		lsls	r3, r3, r2
 838              	.LVL69:
 527:Drivers/STM32F4xx_HAL_Driver/Src/stm32f4xx_hal_exti.c **** 
 528:Drivers/STM32F4xx_HAL_Driver/Src/stm32f4xx_hal_exti.c ****   /* Generate Software interrupt */
 529:Drivers/STM32F4xx_HAL_Driver/Src/stm32f4xx_hal_exti.c ****   EXTI->SWIER = maskline;
 839              		.loc 1 529 3 is_stmt 1 view .LVU274
 840              		.loc 1 529 15 is_stmt 0 view .LVU275
 841 000a 014A     		ldr	r2, .L64
 842 000c 1361     		str	r3, [r2, #16]
 530:Drivers/STM32F4xx_HAL_Driver/Src/stm32f4xx_hal_exti.c **** }
 843              		.loc 1 530 1 view .LVU276
 844 000e 7047     		bx	lr
 845              	.L65:
 846              		.align	2
 847              	.L64:
 848 0010 003C0140 		.word	1073822720
 849              		.cfi_endproc
 850              	.LFE138:
ARM GAS  /var/folders/jr/lt9tb7vj2871x9rxdxc0hz4h0000gn/T//cctm4ulB.s 			page 26


 852              		.text
 853              	.Letext0:
 854              		.file 2 "/Applications/ARM/arm-none-eabi/include/machine/_default_types.h"
 855              		.file 3 "/Applications/ARM/arm-none-eabi/include/sys/_stdint.h"
 856              		.file 4 "Drivers/CMSIS/Device/ST/STM32F4xx/Include/stm32f411xe.h"
 857              		.file 5 "Drivers/STM32F4xx_HAL_Driver/Inc/stm32f4xx_hal_def.h"
 858              		.file 6 "Drivers/STM32F4xx_HAL_Driver/Inc/stm32f4xx_hal_exti.h"
ARM GAS  /var/folders/jr/lt9tb7vj2871x9rxdxc0hz4h0000gn/T//cctm4ulB.s 			page 27


DEFINED SYMBOLS
                            *ABS*:0000000000000000 stm32f4xx_hal_exti.c
/var/folders/jr/lt9tb7vj2871x9rxdxc0hz4h0000gn/T//cctm4ulB.s:20     .text.HAL_EXTI_SetConfigLine:0000000000000000 $t
/var/folders/jr/lt9tb7vj2871x9rxdxc0hz4h0000gn/T//cctm4ulB.s:26     .text.HAL_EXTI_SetConfigLine:0000000000000000 HAL_EXTI_SetConfigLine
/var/folders/jr/lt9tb7vj2871x9rxdxc0hz4h0000gn/T//cctm4ulB.s:243    .text.HAL_EXTI_SetConfigLine:00000000000000d0 $d
/var/folders/jr/lt9tb7vj2871x9rxdxc0hz4h0000gn/T//cctm4ulB.s:249    .text.HAL_EXTI_GetConfigLine:0000000000000000 $t
/var/folders/jr/lt9tb7vj2871x9rxdxc0hz4h0000gn/T//cctm4ulB.s:255    .text.HAL_EXTI_GetConfigLine:0000000000000000 HAL_EXTI_GetConfigLine
/var/folders/jr/lt9tb7vj2871x9rxdxc0hz4h0000gn/T//cctm4ulB.s:417    .text.HAL_EXTI_GetConfigLine:000000000000009c $d
/var/folders/jr/lt9tb7vj2871x9rxdxc0hz4h0000gn/T//cctm4ulB.s:423    .text.HAL_EXTI_ClearConfigLine:0000000000000000 $t
/var/folders/jr/lt9tb7vj2871x9rxdxc0hz4h0000gn/T//cctm4ulB.s:429    .text.HAL_EXTI_ClearConfigLine:0000000000000000 HAL_EXTI_ClearConfigLine
/var/folders/jr/lt9tb7vj2871x9rxdxc0hz4h0000gn/T//cctm4ulB.s:569    .text.HAL_EXTI_ClearConfigLine:000000000000007c $d
/var/folders/jr/lt9tb7vj2871x9rxdxc0hz4h0000gn/T//cctm4ulB.s:575    .text.HAL_EXTI_RegisterCallback:0000000000000000 $t
/var/folders/jr/lt9tb7vj2871x9rxdxc0hz4h0000gn/T//cctm4ulB.s:581    .text.HAL_EXTI_RegisterCallback:0000000000000000 HAL_EXTI_RegisterCallback
/var/folders/jr/lt9tb7vj2871x9rxdxc0hz4h0000gn/T//cctm4ulB.s:614    .text.HAL_EXTI_GetHandle:0000000000000000 $t
/var/folders/jr/lt9tb7vj2871x9rxdxc0hz4h0000gn/T//cctm4ulB.s:620    .text.HAL_EXTI_GetHandle:0000000000000000 HAL_EXTI_GetHandle
/var/folders/jr/lt9tb7vj2871x9rxdxc0hz4h0000gn/T//cctm4ulB.s:652    .text.HAL_EXTI_IRQHandler:0000000000000000 $t
/var/folders/jr/lt9tb7vj2871x9rxdxc0hz4h0000gn/T//cctm4ulB.s:658    .text.HAL_EXTI_IRQHandler:0000000000000000 HAL_EXTI_IRQHandler
/var/folders/jr/lt9tb7vj2871x9rxdxc0hz4h0000gn/T//cctm4ulB.s:712    .text.HAL_EXTI_IRQHandler:0000000000000020 $d
/var/folders/jr/lt9tb7vj2871x9rxdxc0hz4h0000gn/T//cctm4ulB.s:717    .text.HAL_EXTI_GetPending:0000000000000000 $t
/var/folders/jr/lt9tb7vj2871x9rxdxc0hz4h0000gn/T//cctm4ulB.s:723    .text.HAL_EXTI_GetPending:0000000000000000 HAL_EXTI_GetPending
/var/folders/jr/lt9tb7vj2871x9rxdxc0hz4h0000gn/T//cctm4ulB.s:767    .text.HAL_EXTI_GetPending:0000000000000014 $d
/var/folders/jr/lt9tb7vj2871x9rxdxc0hz4h0000gn/T//cctm4ulB.s:772    .text.HAL_EXTI_ClearPending:0000000000000000 $t
/var/folders/jr/lt9tb7vj2871x9rxdxc0hz4h0000gn/T//cctm4ulB.s:778    .text.HAL_EXTI_ClearPending:0000000000000000 HAL_EXTI_ClearPending
/var/folders/jr/lt9tb7vj2871x9rxdxc0hz4h0000gn/T//cctm4ulB.s:808    .text.HAL_EXTI_ClearPending:0000000000000010 $d
/var/folders/jr/lt9tb7vj2871x9rxdxc0hz4h0000gn/T//cctm4ulB.s:813    .text.HAL_EXTI_GenerateSWI:0000000000000000 $t
/var/folders/jr/lt9tb7vj2871x9rxdxc0hz4h0000gn/T//cctm4ulB.s:819    .text.HAL_EXTI_GenerateSWI:0000000000000000 HAL_EXTI_GenerateSWI
/var/folders/jr/lt9tb7vj2871x9rxdxc0hz4h0000gn/T//cctm4ulB.s:848    .text.HAL_EXTI_GenerateSWI:0000000000000010 $d

NO UNDEFINED SYMBOLS
