ARM GAS  /var/folders/jr/lt9tb7vj2871x9rxdxc0hz4h0000gn/T//cckA6YEE.s 			page 1


   1              		.cpu cortex-m4
   2              		.arch armv7e-m
   3              		.fpu fpv4-sp-d16
   4              		.eabi_attribute 27, 1
   5              		.eabi_attribute 28, 1
   6              		.eabi_attribute 20, 1
   7              		.eabi_attribute 21, 1
   8              		.eabi_attribute 23, 3
   9              		.eabi_attribute 24, 1
  10              		.eabi_attribute 25, 1
  11              		.eabi_attribute 26, 1
  12              		.eabi_attribute 30, 1
  13              		.eabi_attribute 34, 1
  14              		.eabi_attribute 18, 4
  15              		.file	"usbd_ioreq.c"
  16              		.text
  17              	.Ltext0:
  18              		.cfi_sections	.debug_frame
  19              		.section	.text.USBD_CtlSendData,"ax",%progbits
  20              		.align	1
  21              		.global	USBD_CtlSendData
  22              		.syntax unified
  23              		.thumb
  24              		.thumb_func
  26              	USBD_CtlSendData:
  27              	.LVL0:
  28              	.LFB133:
  29              		.file 1 "Middlewares/ST/STM32_USB_Device_Library/Core/Src/usbd_ioreq.c"
   1:Middlewares/ST/STM32_USB_Device_Library/Core/Src/usbd_ioreq.c **** /**
   2:Middlewares/ST/STM32_USB_Device_Library/Core/Src/usbd_ioreq.c ****   ******************************************************************************
   3:Middlewares/ST/STM32_USB_Device_Library/Core/Src/usbd_ioreq.c ****   * @file    usbd_ioreq.c
   4:Middlewares/ST/STM32_USB_Device_Library/Core/Src/usbd_ioreq.c ****   * @author  MCD Application Team
   5:Middlewares/ST/STM32_USB_Device_Library/Core/Src/usbd_ioreq.c ****   * @brief   This file provides the IO requests APIs for control endpoints.
   6:Middlewares/ST/STM32_USB_Device_Library/Core/Src/usbd_ioreq.c ****   ******************************************************************************
   7:Middlewares/ST/STM32_USB_Device_Library/Core/Src/usbd_ioreq.c ****   * @attention
   8:Middlewares/ST/STM32_USB_Device_Library/Core/Src/usbd_ioreq.c ****   *
   9:Middlewares/ST/STM32_USB_Device_Library/Core/Src/usbd_ioreq.c ****   * <h2><center>&copy; Copyright (c) 2015 STMicroelectronics.
  10:Middlewares/ST/STM32_USB_Device_Library/Core/Src/usbd_ioreq.c ****   * All rights reserved.</center></h2>
  11:Middlewares/ST/STM32_USB_Device_Library/Core/Src/usbd_ioreq.c ****   *
  12:Middlewares/ST/STM32_USB_Device_Library/Core/Src/usbd_ioreq.c ****   * This software component is licensed by ST under Ultimate Liberty license
  13:Middlewares/ST/STM32_USB_Device_Library/Core/Src/usbd_ioreq.c ****   * SLA0044, the "License"; You may not use this file except in compliance with
  14:Middlewares/ST/STM32_USB_Device_Library/Core/Src/usbd_ioreq.c ****   * the License. You may obtain a copy of the License at:
  15:Middlewares/ST/STM32_USB_Device_Library/Core/Src/usbd_ioreq.c ****   *                      http://www.st.com/SLA0044
  16:Middlewares/ST/STM32_USB_Device_Library/Core/Src/usbd_ioreq.c ****   *
  17:Middlewares/ST/STM32_USB_Device_Library/Core/Src/usbd_ioreq.c ****   ******************************************************************************
  18:Middlewares/ST/STM32_USB_Device_Library/Core/Src/usbd_ioreq.c ****   */
  19:Middlewares/ST/STM32_USB_Device_Library/Core/Src/usbd_ioreq.c **** 
  20:Middlewares/ST/STM32_USB_Device_Library/Core/Src/usbd_ioreq.c **** /* Includes ------------------------------------------------------------------*/
  21:Middlewares/ST/STM32_USB_Device_Library/Core/Src/usbd_ioreq.c **** #include "usbd_ioreq.h"
  22:Middlewares/ST/STM32_USB_Device_Library/Core/Src/usbd_ioreq.c **** 
  23:Middlewares/ST/STM32_USB_Device_Library/Core/Src/usbd_ioreq.c **** /** @addtogroup STM32_USB_DEVICE_LIBRARY
  24:Middlewares/ST/STM32_USB_Device_Library/Core/Src/usbd_ioreq.c ****   * @{
  25:Middlewares/ST/STM32_USB_Device_Library/Core/Src/usbd_ioreq.c ****   */
  26:Middlewares/ST/STM32_USB_Device_Library/Core/Src/usbd_ioreq.c **** 
  27:Middlewares/ST/STM32_USB_Device_Library/Core/Src/usbd_ioreq.c **** 
  28:Middlewares/ST/STM32_USB_Device_Library/Core/Src/usbd_ioreq.c **** /** @defgroup USBD_IOREQ
  29:Middlewares/ST/STM32_USB_Device_Library/Core/Src/usbd_ioreq.c ****   * @brief control I/O requests module
ARM GAS  /var/folders/jr/lt9tb7vj2871x9rxdxc0hz4h0000gn/T//cckA6YEE.s 			page 2


  30:Middlewares/ST/STM32_USB_Device_Library/Core/Src/usbd_ioreq.c ****   * @{
  31:Middlewares/ST/STM32_USB_Device_Library/Core/Src/usbd_ioreq.c ****   */
  32:Middlewares/ST/STM32_USB_Device_Library/Core/Src/usbd_ioreq.c **** 
  33:Middlewares/ST/STM32_USB_Device_Library/Core/Src/usbd_ioreq.c **** /** @defgroup USBD_IOREQ_Private_TypesDefinitions
  34:Middlewares/ST/STM32_USB_Device_Library/Core/Src/usbd_ioreq.c ****   * @{
  35:Middlewares/ST/STM32_USB_Device_Library/Core/Src/usbd_ioreq.c ****   */
  36:Middlewares/ST/STM32_USB_Device_Library/Core/Src/usbd_ioreq.c **** /**
  37:Middlewares/ST/STM32_USB_Device_Library/Core/Src/usbd_ioreq.c ****   * @}
  38:Middlewares/ST/STM32_USB_Device_Library/Core/Src/usbd_ioreq.c ****   */
  39:Middlewares/ST/STM32_USB_Device_Library/Core/Src/usbd_ioreq.c **** 
  40:Middlewares/ST/STM32_USB_Device_Library/Core/Src/usbd_ioreq.c **** 
  41:Middlewares/ST/STM32_USB_Device_Library/Core/Src/usbd_ioreq.c **** /** @defgroup USBD_IOREQ_Private_Defines
  42:Middlewares/ST/STM32_USB_Device_Library/Core/Src/usbd_ioreq.c ****   * @{
  43:Middlewares/ST/STM32_USB_Device_Library/Core/Src/usbd_ioreq.c ****   */
  44:Middlewares/ST/STM32_USB_Device_Library/Core/Src/usbd_ioreq.c **** 
  45:Middlewares/ST/STM32_USB_Device_Library/Core/Src/usbd_ioreq.c **** /**
  46:Middlewares/ST/STM32_USB_Device_Library/Core/Src/usbd_ioreq.c ****   * @}
  47:Middlewares/ST/STM32_USB_Device_Library/Core/Src/usbd_ioreq.c ****   */
  48:Middlewares/ST/STM32_USB_Device_Library/Core/Src/usbd_ioreq.c **** 
  49:Middlewares/ST/STM32_USB_Device_Library/Core/Src/usbd_ioreq.c **** 
  50:Middlewares/ST/STM32_USB_Device_Library/Core/Src/usbd_ioreq.c **** /** @defgroup USBD_IOREQ_Private_Macros
  51:Middlewares/ST/STM32_USB_Device_Library/Core/Src/usbd_ioreq.c ****   * @{
  52:Middlewares/ST/STM32_USB_Device_Library/Core/Src/usbd_ioreq.c ****   */
  53:Middlewares/ST/STM32_USB_Device_Library/Core/Src/usbd_ioreq.c **** /**
  54:Middlewares/ST/STM32_USB_Device_Library/Core/Src/usbd_ioreq.c ****   * @}
  55:Middlewares/ST/STM32_USB_Device_Library/Core/Src/usbd_ioreq.c ****   */
  56:Middlewares/ST/STM32_USB_Device_Library/Core/Src/usbd_ioreq.c **** 
  57:Middlewares/ST/STM32_USB_Device_Library/Core/Src/usbd_ioreq.c **** 
  58:Middlewares/ST/STM32_USB_Device_Library/Core/Src/usbd_ioreq.c **** /** @defgroup USBD_IOREQ_Private_Variables
  59:Middlewares/ST/STM32_USB_Device_Library/Core/Src/usbd_ioreq.c ****   * @{
  60:Middlewares/ST/STM32_USB_Device_Library/Core/Src/usbd_ioreq.c ****   */
  61:Middlewares/ST/STM32_USB_Device_Library/Core/Src/usbd_ioreq.c **** 
  62:Middlewares/ST/STM32_USB_Device_Library/Core/Src/usbd_ioreq.c **** /**
  63:Middlewares/ST/STM32_USB_Device_Library/Core/Src/usbd_ioreq.c ****   * @}
  64:Middlewares/ST/STM32_USB_Device_Library/Core/Src/usbd_ioreq.c ****   */
  65:Middlewares/ST/STM32_USB_Device_Library/Core/Src/usbd_ioreq.c **** 
  66:Middlewares/ST/STM32_USB_Device_Library/Core/Src/usbd_ioreq.c **** 
  67:Middlewares/ST/STM32_USB_Device_Library/Core/Src/usbd_ioreq.c **** /** @defgroup USBD_IOREQ_Private_FunctionPrototypes
  68:Middlewares/ST/STM32_USB_Device_Library/Core/Src/usbd_ioreq.c ****   * @{
  69:Middlewares/ST/STM32_USB_Device_Library/Core/Src/usbd_ioreq.c ****   */
  70:Middlewares/ST/STM32_USB_Device_Library/Core/Src/usbd_ioreq.c **** /**
  71:Middlewares/ST/STM32_USB_Device_Library/Core/Src/usbd_ioreq.c ****   * @}
  72:Middlewares/ST/STM32_USB_Device_Library/Core/Src/usbd_ioreq.c ****   */
  73:Middlewares/ST/STM32_USB_Device_Library/Core/Src/usbd_ioreq.c **** 
  74:Middlewares/ST/STM32_USB_Device_Library/Core/Src/usbd_ioreq.c **** 
  75:Middlewares/ST/STM32_USB_Device_Library/Core/Src/usbd_ioreq.c **** /** @defgroup USBD_IOREQ_Private_Functions
  76:Middlewares/ST/STM32_USB_Device_Library/Core/Src/usbd_ioreq.c ****   * @{
  77:Middlewares/ST/STM32_USB_Device_Library/Core/Src/usbd_ioreq.c ****   */
  78:Middlewares/ST/STM32_USB_Device_Library/Core/Src/usbd_ioreq.c **** 
  79:Middlewares/ST/STM32_USB_Device_Library/Core/Src/usbd_ioreq.c **** /**
  80:Middlewares/ST/STM32_USB_Device_Library/Core/Src/usbd_ioreq.c **** * @brief  USBD_CtlSendData
  81:Middlewares/ST/STM32_USB_Device_Library/Core/Src/usbd_ioreq.c **** *         send data on the ctl pipe
  82:Middlewares/ST/STM32_USB_Device_Library/Core/Src/usbd_ioreq.c **** * @param  pdev: device instance
  83:Middlewares/ST/STM32_USB_Device_Library/Core/Src/usbd_ioreq.c **** * @param  buff: pointer to data buffer
  84:Middlewares/ST/STM32_USB_Device_Library/Core/Src/usbd_ioreq.c **** * @param  len: length of data to be sent
  85:Middlewares/ST/STM32_USB_Device_Library/Core/Src/usbd_ioreq.c **** * @retval status
  86:Middlewares/ST/STM32_USB_Device_Library/Core/Src/usbd_ioreq.c **** */
ARM GAS  /var/folders/jr/lt9tb7vj2871x9rxdxc0hz4h0000gn/T//cckA6YEE.s 			page 3


  87:Middlewares/ST/STM32_USB_Device_Library/Core/Src/usbd_ioreq.c **** USBD_StatusTypeDef USBD_CtlSendData (USBD_HandleTypeDef *pdev, uint8_t *pbuf,
  88:Middlewares/ST/STM32_USB_Device_Library/Core/Src/usbd_ioreq.c ****                                      uint16_t len)
  89:Middlewares/ST/STM32_USB_Device_Library/Core/Src/usbd_ioreq.c **** {
  30              		.loc 1 89 1 view -0
  31              		.cfi_startproc
  32              		@ args = 0, pretend = 0, frame = 0
  33              		@ frame_needed = 0, uses_anonymous_args = 0
  34              		.loc 1 89 1 is_stmt 0 view .LVU1
  35 0000 08B5     		push	{r3, lr}
  36              	.LCFI0:
  37              		.cfi_def_cfa_offset 8
  38              		.cfi_offset 3, -8
  39              		.cfi_offset 14, -4
  40 0002 1346     		mov	r3, r2
  90:Middlewares/ST/STM32_USB_Device_Library/Core/Src/usbd_ioreq.c ****   /* Set EP0 State */
  91:Middlewares/ST/STM32_USB_Device_Library/Core/Src/usbd_ioreq.c ****   pdev->ep0_state = USBD_EP0_DATA_IN;
  41              		.loc 1 91 3 is_stmt 1 view .LVU2
  42              		.loc 1 91 19 is_stmt 0 view .LVU3
  43 0004 0222     		movs	r2, #2
  44              	.LVL1:
  45              		.loc 1 91 19 view .LVU4
  46 0006 C0F86C22 		str	r2, [r0, #620]
  92:Middlewares/ST/STM32_USB_Device_Library/Core/Src/usbd_ioreq.c ****   pdev->ep_in[0].total_length = len;
  47              		.loc 1 92 3 is_stmt 1 view .LVU5
  48              		.loc 1 92 31 is_stmt 0 view .LVU6
  49 000a C361     		str	r3, [r0, #28]
  93:Middlewares/ST/STM32_USB_Device_Library/Core/Src/usbd_ioreq.c ****   pdev->ep_in[0].rem_length   = len;
  50              		.loc 1 93 3 is_stmt 1 view .LVU7
  51              		.loc 1 93 31 is_stmt 0 view .LVU8
  52 000c 0362     		str	r3, [r0, #32]
  94:Middlewares/ST/STM32_USB_Device_Library/Core/Src/usbd_ioreq.c **** 
  95:Middlewares/ST/STM32_USB_Device_Library/Core/Src/usbd_ioreq.c ****  /* Start the transfer */
  96:Middlewares/ST/STM32_USB_Device_Library/Core/Src/usbd_ioreq.c ****   USBD_LL_Transmit (pdev, 0x00U, pbuf, len);
  53              		.loc 1 96 3 is_stmt 1 view .LVU9
  54 000e 0A46     		mov	r2, r1
  55 0010 0021     		movs	r1, #0
  56              	.LVL2:
  57              		.loc 1 96 3 is_stmt 0 view .LVU10
  58 0012 FFF7FEFF 		bl	USBD_LL_Transmit
  59              	.LVL3:
  97:Middlewares/ST/STM32_USB_Device_Library/Core/Src/usbd_ioreq.c **** 
  98:Middlewares/ST/STM32_USB_Device_Library/Core/Src/usbd_ioreq.c ****   return USBD_OK;
  60              		.loc 1 98 3 is_stmt 1 view .LVU11
  99:Middlewares/ST/STM32_USB_Device_Library/Core/Src/usbd_ioreq.c **** }
  61              		.loc 1 99 1 is_stmt 0 view .LVU12
  62 0016 0020     		movs	r0, #0
  63 0018 08BD     		pop	{r3, pc}
  64              		.cfi_endproc
  65              	.LFE133:
  67              		.section	.text.USBD_CtlContinueSendData,"ax",%progbits
  68              		.align	1
  69              		.global	USBD_CtlContinueSendData
  70              		.syntax unified
  71              		.thumb
  72              		.thumb_func
  74              	USBD_CtlContinueSendData:
  75              	.LVL4:
ARM GAS  /var/folders/jr/lt9tb7vj2871x9rxdxc0hz4h0000gn/T//cckA6YEE.s 			page 4


  76              	.LFB134:
 100:Middlewares/ST/STM32_USB_Device_Library/Core/Src/usbd_ioreq.c **** 
 101:Middlewares/ST/STM32_USB_Device_Library/Core/Src/usbd_ioreq.c **** /**
 102:Middlewares/ST/STM32_USB_Device_Library/Core/Src/usbd_ioreq.c **** * @brief  USBD_CtlContinueSendData
 103:Middlewares/ST/STM32_USB_Device_Library/Core/Src/usbd_ioreq.c **** *         continue sending data on the ctl pipe
 104:Middlewares/ST/STM32_USB_Device_Library/Core/Src/usbd_ioreq.c **** * @param  pdev: device instance
 105:Middlewares/ST/STM32_USB_Device_Library/Core/Src/usbd_ioreq.c **** * @param  buff: pointer to data buffer
 106:Middlewares/ST/STM32_USB_Device_Library/Core/Src/usbd_ioreq.c **** * @param  len: length of data to be sent
 107:Middlewares/ST/STM32_USB_Device_Library/Core/Src/usbd_ioreq.c **** * @retval status
 108:Middlewares/ST/STM32_USB_Device_Library/Core/Src/usbd_ioreq.c **** */
 109:Middlewares/ST/STM32_USB_Device_Library/Core/Src/usbd_ioreq.c **** USBD_StatusTypeDef USBD_CtlContinueSendData (USBD_HandleTypeDef *pdev,
 110:Middlewares/ST/STM32_USB_Device_Library/Core/Src/usbd_ioreq.c ****                                              uint8_t *pbuf, uint16_t len)
 111:Middlewares/ST/STM32_USB_Device_Library/Core/Src/usbd_ioreq.c **** {
  77              		.loc 1 111 1 is_stmt 1 view -0
  78              		.cfi_startproc
  79              		@ args = 0, pretend = 0, frame = 0
  80              		@ frame_needed = 0, uses_anonymous_args = 0
  81              		.loc 1 111 1 is_stmt 0 view .LVU14
  82 0000 08B5     		push	{r3, lr}
  83              	.LCFI1:
  84              		.cfi_def_cfa_offset 8
  85              		.cfi_offset 3, -8
  86              		.cfi_offset 14, -4
  87 0002 1346     		mov	r3, r2
 112:Middlewares/ST/STM32_USB_Device_Library/Core/Src/usbd_ioreq.c ****  /* Start the next transfer */
 113:Middlewares/ST/STM32_USB_Device_Library/Core/Src/usbd_ioreq.c ****   USBD_LL_Transmit (pdev, 0x00U, pbuf, len);
  88              		.loc 1 113 3 is_stmt 1 view .LVU15
  89 0004 0A46     		mov	r2, r1
  90              	.LVL5:
  91              		.loc 1 113 3 is_stmt 0 view .LVU16
  92 0006 0021     		movs	r1, #0
  93              	.LVL6:
  94              		.loc 1 113 3 view .LVU17
  95 0008 FFF7FEFF 		bl	USBD_LL_Transmit
  96              	.LVL7:
 114:Middlewares/ST/STM32_USB_Device_Library/Core/Src/usbd_ioreq.c **** 
 115:Middlewares/ST/STM32_USB_Device_Library/Core/Src/usbd_ioreq.c ****   return USBD_OK;
  97              		.loc 1 115 3 is_stmt 1 view .LVU18
 116:Middlewares/ST/STM32_USB_Device_Library/Core/Src/usbd_ioreq.c **** }
  98              		.loc 1 116 1 is_stmt 0 view .LVU19
  99 000c 0020     		movs	r0, #0
 100 000e 08BD     		pop	{r3, pc}
 101              		.cfi_endproc
 102              	.LFE134:
 104              		.section	.text.USBD_CtlPrepareRx,"ax",%progbits
 105              		.align	1
 106              		.global	USBD_CtlPrepareRx
 107              		.syntax unified
 108              		.thumb
 109              		.thumb_func
 111              	USBD_CtlPrepareRx:
 112              	.LVL8:
 113              	.LFB135:
 117:Middlewares/ST/STM32_USB_Device_Library/Core/Src/usbd_ioreq.c **** 
 118:Middlewares/ST/STM32_USB_Device_Library/Core/Src/usbd_ioreq.c **** /**
 119:Middlewares/ST/STM32_USB_Device_Library/Core/Src/usbd_ioreq.c **** * @brief  USBD_CtlPrepareRx
 120:Middlewares/ST/STM32_USB_Device_Library/Core/Src/usbd_ioreq.c **** *         receive data on the ctl pipe
ARM GAS  /var/folders/jr/lt9tb7vj2871x9rxdxc0hz4h0000gn/T//cckA6YEE.s 			page 5


 121:Middlewares/ST/STM32_USB_Device_Library/Core/Src/usbd_ioreq.c **** * @param  pdev: device instance
 122:Middlewares/ST/STM32_USB_Device_Library/Core/Src/usbd_ioreq.c **** * @param  buff: pointer to data buffer
 123:Middlewares/ST/STM32_USB_Device_Library/Core/Src/usbd_ioreq.c **** * @param  len: length of data to be received
 124:Middlewares/ST/STM32_USB_Device_Library/Core/Src/usbd_ioreq.c **** * @retval status
 125:Middlewares/ST/STM32_USB_Device_Library/Core/Src/usbd_ioreq.c **** */
 126:Middlewares/ST/STM32_USB_Device_Library/Core/Src/usbd_ioreq.c **** USBD_StatusTypeDef USBD_CtlPrepareRx (USBD_HandleTypeDef *pdev, uint8_t *pbuf,
 127:Middlewares/ST/STM32_USB_Device_Library/Core/Src/usbd_ioreq.c ****                                       uint16_t len)
 128:Middlewares/ST/STM32_USB_Device_Library/Core/Src/usbd_ioreq.c **** {
 114              		.loc 1 128 1 is_stmt 1 view -0
 115              		.cfi_startproc
 116              		@ args = 0, pretend = 0, frame = 0
 117              		@ frame_needed = 0, uses_anonymous_args = 0
 118              		.loc 1 128 1 is_stmt 0 view .LVU21
 119 0000 08B5     		push	{r3, lr}
 120              	.LCFI2:
 121              		.cfi_def_cfa_offset 8
 122              		.cfi_offset 3, -8
 123              		.cfi_offset 14, -4
 124 0002 1346     		mov	r3, r2
 129:Middlewares/ST/STM32_USB_Device_Library/Core/Src/usbd_ioreq.c ****   /* Set EP0 State */
 130:Middlewares/ST/STM32_USB_Device_Library/Core/Src/usbd_ioreq.c ****   pdev->ep0_state = USBD_EP0_DATA_OUT;
 125              		.loc 1 130 3 is_stmt 1 view .LVU22
 126              		.loc 1 130 19 is_stmt 0 view .LVU23
 127 0004 0322     		movs	r2, #3
 128              	.LVL9:
 129              		.loc 1 130 19 view .LVU24
 130 0006 C0F86C22 		str	r2, [r0, #620]
 131:Middlewares/ST/STM32_USB_Device_Library/Core/Src/usbd_ioreq.c ****   pdev->ep_out[0].total_length = len;
 131              		.loc 1 131 3 is_stmt 1 view .LVU25
 132              		.loc 1 131 32 is_stmt 0 view .LVU26
 133 000a C0F84831 		str	r3, [r0, #328]
 132:Middlewares/ST/STM32_USB_Device_Library/Core/Src/usbd_ioreq.c ****   pdev->ep_out[0].rem_length   = len;
 134              		.loc 1 132 3 is_stmt 1 view .LVU27
 135              		.loc 1 132 32 is_stmt 0 view .LVU28
 136 000e C0F84C31 		str	r3, [r0, #332]
 133:Middlewares/ST/STM32_USB_Device_Library/Core/Src/usbd_ioreq.c **** 
 134:Middlewares/ST/STM32_USB_Device_Library/Core/Src/usbd_ioreq.c ****   /* Start the transfer */
 135:Middlewares/ST/STM32_USB_Device_Library/Core/Src/usbd_ioreq.c ****   USBD_LL_PrepareReceive (pdev, 0U, pbuf, len);
 137              		.loc 1 135 3 is_stmt 1 view .LVU29
 138 0012 0A46     		mov	r2, r1
 139 0014 0021     		movs	r1, #0
 140              	.LVL10:
 141              		.loc 1 135 3 is_stmt 0 view .LVU30
 142 0016 FFF7FEFF 		bl	USBD_LL_PrepareReceive
 143              	.LVL11:
 136:Middlewares/ST/STM32_USB_Device_Library/Core/Src/usbd_ioreq.c **** 
 137:Middlewares/ST/STM32_USB_Device_Library/Core/Src/usbd_ioreq.c ****   return USBD_OK;
 144              		.loc 1 137 3 is_stmt 1 view .LVU31
 138:Middlewares/ST/STM32_USB_Device_Library/Core/Src/usbd_ioreq.c **** }
 145              		.loc 1 138 1 is_stmt 0 view .LVU32
 146 001a 0020     		movs	r0, #0
 147 001c 08BD     		pop	{r3, pc}
 148              		.cfi_endproc
 149              	.LFE135:
 151              		.section	.text.USBD_CtlContinueRx,"ax",%progbits
 152              		.align	1
 153              		.global	USBD_CtlContinueRx
ARM GAS  /var/folders/jr/lt9tb7vj2871x9rxdxc0hz4h0000gn/T//cckA6YEE.s 			page 6


 154              		.syntax unified
 155              		.thumb
 156              		.thumb_func
 158              	USBD_CtlContinueRx:
 159              	.LVL12:
 160              	.LFB136:
 139:Middlewares/ST/STM32_USB_Device_Library/Core/Src/usbd_ioreq.c **** 
 140:Middlewares/ST/STM32_USB_Device_Library/Core/Src/usbd_ioreq.c **** /**
 141:Middlewares/ST/STM32_USB_Device_Library/Core/Src/usbd_ioreq.c **** * @brief  USBD_CtlContinueRx
 142:Middlewares/ST/STM32_USB_Device_Library/Core/Src/usbd_ioreq.c **** *         continue receive data on the ctl pipe
 143:Middlewares/ST/STM32_USB_Device_Library/Core/Src/usbd_ioreq.c **** * @param  pdev: device instance
 144:Middlewares/ST/STM32_USB_Device_Library/Core/Src/usbd_ioreq.c **** * @param  buff: pointer to data buffer
 145:Middlewares/ST/STM32_USB_Device_Library/Core/Src/usbd_ioreq.c **** * @param  len: length of data to be received
 146:Middlewares/ST/STM32_USB_Device_Library/Core/Src/usbd_ioreq.c **** * @retval status
 147:Middlewares/ST/STM32_USB_Device_Library/Core/Src/usbd_ioreq.c **** */
 148:Middlewares/ST/STM32_USB_Device_Library/Core/Src/usbd_ioreq.c **** USBD_StatusTypeDef USBD_CtlContinueRx (USBD_HandleTypeDef *pdev, uint8_t *pbuf,
 149:Middlewares/ST/STM32_USB_Device_Library/Core/Src/usbd_ioreq.c ****                                        uint16_t len)
 150:Middlewares/ST/STM32_USB_Device_Library/Core/Src/usbd_ioreq.c **** {
 161              		.loc 1 150 1 is_stmt 1 view -0
 162              		.cfi_startproc
 163              		@ args = 0, pretend = 0, frame = 0
 164              		@ frame_needed = 0, uses_anonymous_args = 0
 165              		.loc 1 150 1 is_stmt 0 view .LVU34
 166 0000 08B5     		push	{r3, lr}
 167              	.LCFI3:
 168              		.cfi_def_cfa_offset 8
 169              		.cfi_offset 3, -8
 170              		.cfi_offset 14, -4
 171 0002 1346     		mov	r3, r2
 151:Middlewares/ST/STM32_USB_Device_Library/Core/Src/usbd_ioreq.c ****   USBD_LL_PrepareReceive(pdev, 0U, pbuf, len);
 172              		.loc 1 151 3 is_stmt 1 view .LVU35
 173 0004 0A46     		mov	r2, r1
 174              	.LVL13:
 175              		.loc 1 151 3 is_stmt 0 view .LVU36
 176 0006 0021     		movs	r1, #0
 177              	.LVL14:
 178              		.loc 1 151 3 view .LVU37
 179 0008 FFF7FEFF 		bl	USBD_LL_PrepareReceive
 180              	.LVL15:
 152:Middlewares/ST/STM32_USB_Device_Library/Core/Src/usbd_ioreq.c **** 
 153:Middlewares/ST/STM32_USB_Device_Library/Core/Src/usbd_ioreq.c ****   return USBD_OK;
 181              		.loc 1 153 3 is_stmt 1 view .LVU38
 154:Middlewares/ST/STM32_USB_Device_Library/Core/Src/usbd_ioreq.c **** }
 182              		.loc 1 154 1 is_stmt 0 view .LVU39
 183 000c 0020     		movs	r0, #0
 184 000e 08BD     		pop	{r3, pc}
 185              		.cfi_endproc
 186              	.LFE136:
 188              		.section	.text.USBD_CtlSendStatus,"ax",%progbits
 189              		.align	1
 190              		.global	USBD_CtlSendStatus
 191              		.syntax unified
 192              		.thumb
 193              		.thumb_func
 195              	USBD_CtlSendStatus:
 196              	.LVL16:
 197              	.LFB137:
ARM GAS  /var/folders/jr/lt9tb7vj2871x9rxdxc0hz4h0000gn/T//cckA6YEE.s 			page 7


 155:Middlewares/ST/STM32_USB_Device_Library/Core/Src/usbd_ioreq.c **** 
 156:Middlewares/ST/STM32_USB_Device_Library/Core/Src/usbd_ioreq.c **** /**
 157:Middlewares/ST/STM32_USB_Device_Library/Core/Src/usbd_ioreq.c **** * @brief  USBD_CtlSendStatus
 158:Middlewares/ST/STM32_USB_Device_Library/Core/Src/usbd_ioreq.c **** *         send zero lzngth packet on the ctl pipe
 159:Middlewares/ST/STM32_USB_Device_Library/Core/Src/usbd_ioreq.c **** * @param  pdev: device instance
 160:Middlewares/ST/STM32_USB_Device_Library/Core/Src/usbd_ioreq.c **** * @retval status
 161:Middlewares/ST/STM32_USB_Device_Library/Core/Src/usbd_ioreq.c **** */
 162:Middlewares/ST/STM32_USB_Device_Library/Core/Src/usbd_ioreq.c **** USBD_StatusTypeDef USBD_CtlSendStatus (USBD_HandleTypeDef *pdev)
 163:Middlewares/ST/STM32_USB_Device_Library/Core/Src/usbd_ioreq.c **** {
 198              		.loc 1 163 1 is_stmt 1 view -0
 199              		.cfi_startproc
 200              		@ args = 0, pretend = 0, frame = 0
 201              		@ frame_needed = 0, uses_anonymous_args = 0
 202              		.loc 1 163 1 is_stmt 0 view .LVU41
 203 0000 08B5     		push	{r3, lr}
 204              	.LCFI4:
 205              		.cfi_def_cfa_offset 8
 206              		.cfi_offset 3, -8
 207              		.cfi_offset 14, -4
 164:Middlewares/ST/STM32_USB_Device_Library/Core/Src/usbd_ioreq.c ****   /* Set EP0 State */
 165:Middlewares/ST/STM32_USB_Device_Library/Core/Src/usbd_ioreq.c ****   pdev->ep0_state = USBD_EP0_STATUS_IN;
 208              		.loc 1 165 3 is_stmt 1 view .LVU42
 209              		.loc 1 165 19 is_stmt 0 view .LVU43
 210 0002 0423     		movs	r3, #4
 211 0004 C0F86C32 		str	r3, [r0, #620]
 166:Middlewares/ST/STM32_USB_Device_Library/Core/Src/usbd_ioreq.c **** 
 167:Middlewares/ST/STM32_USB_Device_Library/Core/Src/usbd_ioreq.c ****   /* Start the transfer */
 168:Middlewares/ST/STM32_USB_Device_Library/Core/Src/usbd_ioreq.c ****   USBD_LL_Transmit(pdev, 0x00U, NULL, 0U);
 212              		.loc 1 168 3 is_stmt 1 view .LVU44
 213 0008 0023     		movs	r3, #0
 214 000a 1A46     		mov	r2, r3
 215 000c 1946     		mov	r1, r3
 216 000e FFF7FEFF 		bl	USBD_LL_Transmit
 217              	.LVL17:
 169:Middlewares/ST/STM32_USB_Device_Library/Core/Src/usbd_ioreq.c **** 
 170:Middlewares/ST/STM32_USB_Device_Library/Core/Src/usbd_ioreq.c ****   return USBD_OK;
 218              		.loc 1 170 3 view .LVU45
 171:Middlewares/ST/STM32_USB_Device_Library/Core/Src/usbd_ioreq.c **** }
 219              		.loc 1 171 1 is_stmt 0 view .LVU46
 220 0012 0020     		movs	r0, #0
 221 0014 08BD     		pop	{r3, pc}
 222              		.cfi_endproc
 223              	.LFE137:
 225              		.section	.text.USBD_CtlReceiveStatus,"ax",%progbits
 226              		.align	1
 227              		.global	USBD_CtlReceiveStatus
 228              		.syntax unified
 229              		.thumb
 230              		.thumb_func
 232              	USBD_CtlReceiveStatus:
 233              	.LVL18:
 234              	.LFB138:
 172:Middlewares/ST/STM32_USB_Device_Library/Core/Src/usbd_ioreq.c **** 
 173:Middlewares/ST/STM32_USB_Device_Library/Core/Src/usbd_ioreq.c **** /**
 174:Middlewares/ST/STM32_USB_Device_Library/Core/Src/usbd_ioreq.c **** * @brief  USBD_CtlReceiveStatus
 175:Middlewares/ST/STM32_USB_Device_Library/Core/Src/usbd_ioreq.c **** *         receive zero lzngth packet on the ctl pipe
 176:Middlewares/ST/STM32_USB_Device_Library/Core/Src/usbd_ioreq.c **** * @param  pdev: device instance
ARM GAS  /var/folders/jr/lt9tb7vj2871x9rxdxc0hz4h0000gn/T//cckA6YEE.s 			page 8


 177:Middlewares/ST/STM32_USB_Device_Library/Core/Src/usbd_ioreq.c **** * @retval status
 178:Middlewares/ST/STM32_USB_Device_Library/Core/Src/usbd_ioreq.c **** */
 179:Middlewares/ST/STM32_USB_Device_Library/Core/Src/usbd_ioreq.c **** USBD_StatusTypeDef USBD_CtlReceiveStatus (USBD_HandleTypeDef *pdev)
 180:Middlewares/ST/STM32_USB_Device_Library/Core/Src/usbd_ioreq.c **** {
 235              		.loc 1 180 1 is_stmt 1 view -0
 236              		.cfi_startproc
 237              		@ args = 0, pretend = 0, frame = 0
 238              		@ frame_needed = 0, uses_anonymous_args = 0
 239              		.loc 1 180 1 is_stmt 0 view .LVU48
 240 0000 08B5     		push	{r3, lr}
 241              	.LCFI5:
 242              		.cfi_def_cfa_offset 8
 243              		.cfi_offset 3, -8
 244              		.cfi_offset 14, -4
 181:Middlewares/ST/STM32_USB_Device_Library/Core/Src/usbd_ioreq.c ****   /* Set EP0 State */
 182:Middlewares/ST/STM32_USB_Device_Library/Core/Src/usbd_ioreq.c ****   pdev->ep0_state = USBD_EP0_STATUS_OUT;
 245              		.loc 1 182 3 is_stmt 1 view .LVU49
 246              		.loc 1 182 19 is_stmt 0 view .LVU50
 247 0002 0523     		movs	r3, #5
 248 0004 C0F86C32 		str	r3, [r0, #620]
 183:Middlewares/ST/STM32_USB_Device_Library/Core/Src/usbd_ioreq.c **** 
 184:Middlewares/ST/STM32_USB_Device_Library/Core/Src/usbd_ioreq.c ****  /* Start the transfer */
 185:Middlewares/ST/STM32_USB_Device_Library/Core/Src/usbd_ioreq.c ****   USBD_LL_PrepareReceive (pdev, 0U, NULL, 0U);
 249              		.loc 1 185 3 is_stmt 1 view .LVU51
 250 0008 0023     		movs	r3, #0
 251 000a 1A46     		mov	r2, r3
 252 000c 1946     		mov	r1, r3
 253 000e FFF7FEFF 		bl	USBD_LL_PrepareReceive
 254              	.LVL19:
 186:Middlewares/ST/STM32_USB_Device_Library/Core/Src/usbd_ioreq.c **** 
 187:Middlewares/ST/STM32_USB_Device_Library/Core/Src/usbd_ioreq.c ****   return USBD_OK;
 255              		.loc 1 187 3 view .LVU52
 188:Middlewares/ST/STM32_USB_Device_Library/Core/Src/usbd_ioreq.c **** }
 256              		.loc 1 188 1 is_stmt 0 view .LVU53
 257 0012 0020     		movs	r0, #0
 258 0014 08BD     		pop	{r3, pc}
 259              		.cfi_endproc
 260              	.LFE138:
 262              		.section	.text.USBD_GetRxCount,"ax",%progbits
 263              		.align	1
 264              		.global	USBD_GetRxCount
 265              		.syntax unified
 266              		.thumb
 267              		.thumb_func
 269              	USBD_GetRxCount:
 270              	.LVL20:
 271              	.LFB139:
 189:Middlewares/ST/STM32_USB_Device_Library/Core/Src/usbd_ioreq.c **** 
 190:Middlewares/ST/STM32_USB_Device_Library/Core/Src/usbd_ioreq.c **** /**
 191:Middlewares/ST/STM32_USB_Device_Library/Core/Src/usbd_ioreq.c **** * @brief  USBD_GetRxCount
 192:Middlewares/ST/STM32_USB_Device_Library/Core/Src/usbd_ioreq.c **** *         returns the received data length
 193:Middlewares/ST/STM32_USB_Device_Library/Core/Src/usbd_ioreq.c **** * @param  pdev: device instance
 194:Middlewares/ST/STM32_USB_Device_Library/Core/Src/usbd_ioreq.c **** * @param  ep_addr: endpoint address
 195:Middlewares/ST/STM32_USB_Device_Library/Core/Src/usbd_ioreq.c **** * @retval Rx Data blength
 196:Middlewares/ST/STM32_USB_Device_Library/Core/Src/usbd_ioreq.c **** */
 197:Middlewares/ST/STM32_USB_Device_Library/Core/Src/usbd_ioreq.c **** uint32_t USBD_GetRxCount (USBD_HandleTypeDef *pdev, uint8_t ep_addr)
 198:Middlewares/ST/STM32_USB_Device_Library/Core/Src/usbd_ioreq.c **** {
ARM GAS  /var/folders/jr/lt9tb7vj2871x9rxdxc0hz4h0000gn/T//cckA6YEE.s 			page 9


 272              		.loc 1 198 1 is_stmt 1 view -0
 273              		.cfi_startproc
 274              		@ args = 0, pretend = 0, frame = 0
 275              		@ frame_needed = 0, uses_anonymous_args = 0
 276              		.loc 1 198 1 is_stmt 0 view .LVU55
 277 0000 08B5     		push	{r3, lr}
 278              	.LCFI6:
 279              		.cfi_def_cfa_offset 8
 280              		.cfi_offset 3, -8
 281              		.cfi_offset 14, -4
 199:Middlewares/ST/STM32_USB_Device_Library/Core/Src/usbd_ioreq.c ****   return USBD_LL_GetRxDataSize(pdev, ep_addr);
 282              		.loc 1 199 3 is_stmt 1 view .LVU56
 283              		.loc 1 199 10 is_stmt 0 view .LVU57
 284 0002 FFF7FEFF 		bl	USBD_LL_GetRxDataSize
 285              	.LVL21:
 200:Middlewares/ST/STM32_USB_Device_Library/Core/Src/usbd_ioreq.c **** }
 286              		.loc 1 200 1 view .LVU58
 287 0006 08BD     		pop	{r3, pc}
 288              		.cfi_endproc
 289              	.LFE139:
 291              		.text
 292              	.Letext0:
 293              		.file 2 "/Applications/ARM/arm-none-eabi/include/machine/_default_types.h"
 294              		.file 3 "/Applications/ARM/arm-none-eabi/include/sys/_stdint.h"
 295              		.file 4 "Middlewares/ST/STM32_USB_Device_Library/Core/Inc/usbd_def.h"
 296              		.file 5 "Middlewares/ST/STM32_USB_Device_Library/Core/Inc/usbd_core.h"
ARM GAS  /var/folders/jr/lt9tb7vj2871x9rxdxc0hz4h0000gn/T//cckA6YEE.s 			page 10


DEFINED SYMBOLS
                            *ABS*:0000000000000000 usbd_ioreq.c
/var/folders/jr/lt9tb7vj2871x9rxdxc0hz4h0000gn/T//cckA6YEE.s:20     .text.USBD_CtlSendData:0000000000000000 $t
/var/folders/jr/lt9tb7vj2871x9rxdxc0hz4h0000gn/T//cckA6YEE.s:26     .text.USBD_CtlSendData:0000000000000000 USBD_CtlSendData
/var/folders/jr/lt9tb7vj2871x9rxdxc0hz4h0000gn/T//cckA6YEE.s:68     .text.USBD_CtlContinueSendData:0000000000000000 $t
/var/folders/jr/lt9tb7vj2871x9rxdxc0hz4h0000gn/T//cckA6YEE.s:74     .text.USBD_CtlContinueSendData:0000000000000000 USBD_CtlContinueSendData
/var/folders/jr/lt9tb7vj2871x9rxdxc0hz4h0000gn/T//cckA6YEE.s:105    .text.USBD_CtlPrepareRx:0000000000000000 $t
/var/folders/jr/lt9tb7vj2871x9rxdxc0hz4h0000gn/T//cckA6YEE.s:111    .text.USBD_CtlPrepareRx:0000000000000000 USBD_CtlPrepareRx
/var/folders/jr/lt9tb7vj2871x9rxdxc0hz4h0000gn/T//cckA6YEE.s:152    .text.USBD_CtlContinueRx:0000000000000000 $t
/var/folders/jr/lt9tb7vj2871x9rxdxc0hz4h0000gn/T//cckA6YEE.s:158    .text.USBD_CtlContinueRx:0000000000000000 USBD_CtlContinueRx
/var/folders/jr/lt9tb7vj2871x9rxdxc0hz4h0000gn/T//cckA6YEE.s:189    .text.USBD_CtlSendStatus:0000000000000000 $t
/var/folders/jr/lt9tb7vj2871x9rxdxc0hz4h0000gn/T//cckA6YEE.s:195    .text.USBD_CtlSendStatus:0000000000000000 USBD_CtlSendStatus
/var/folders/jr/lt9tb7vj2871x9rxdxc0hz4h0000gn/T//cckA6YEE.s:226    .text.USBD_CtlReceiveStatus:0000000000000000 $t
/var/folders/jr/lt9tb7vj2871x9rxdxc0hz4h0000gn/T//cckA6YEE.s:232    .text.USBD_CtlReceiveStatus:0000000000000000 USBD_CtlReceiveStatus
/var/folders/jr/lt9tb7vj2871x9rxdxc0hz4h0000gn/T//cckA6YEE.s:263    .text.USBD_GetRxCount:0000000000000000 $t
/var/folders/jr/lt9tb7vj2871x9rxdxc0hz4h0000gn/T//cckA6YEE.s:269    .text.USBD_GetRxCount:0000000000000000 USBD_GetRxCount

UNDEFINED SYMBOLS
USBD_LL_Transmit
USBD_LL_PrepareReceive
USBD_LL_GetRxDataSize
