ARM GAS  /var/folders/jr/lt9tb7vj2871x9rxdxc0hz4h0000gn/T//ccSlGsO7.s 			page 1


   1              		.cpu cortex-m4
   2              		.arch armv7e-m
   3              		.fpu fpv4-sp-d16
   4              		.eabi_attribute 27, 1
   5              		.eabi_attribute 28, 1
   6              		.eabi_attribute 20, 1
   7              		.eabi_attribute 21, 1
   8              		.eabi_attribute 23, 3
   9              		.eabi_attribute 24, 1
  10              		.eabi_attribute 25, 1
  11              		.eabi_attribute 26, 1
  12              		.eabi_attribute 30, 1
  13              		.eabi_attribute 34, 1
  14              		.eabi_attribute 18, 4
  15              		.file	"usbd_desc.c"
  16              		.text
  17              	.Ltext0:
  18              		.cfi_sections	.debug_frame
  19              		.section	.text.USBD_FS_DeviceDescriptor,"ax",%progbits
  20              		.align	1
  21              		.global	USBD_FS_DeviceDescriptor
  22              		.syntax unified
  23              		.thumb
  24              		.thumb_func
  26              	USBD_FS_DeviceDescriptor:
  27              	.LVL0:
  28              	.LFB133:
  29              		.file 1 "Core/Src/usbd_desc.c"
   1:Core/Src/usbd_desc.c **** /* USER CODE BEGIN Header */
   2:Core/Src/usbd_desc.c **** /**
   3:Core/Src/usbd_desc.c ****   ******************************************************************************
   4:Core/Src/usbd_desc.c ****   * @file           : usbd_desc.c
   5:Core/Src/usbd_desc.c ****   * @version        : v1.0_Cube
   6:Core/Src/usbd_desc.c ****   * @brief          : This file implements the USB device descriptors.
   7:Core/Src/usbd_desc.c ****   ******************************************************************************
   8:Core/Src/usbd_desc.c ****   * @attention
   9:Core/Src/usbd_desc.c ****   *
  10:Core/Src/usbd_desc.c ****   * <h2><center>&copy; Copyright (c) 2020 STMicroelectronics.
  11:Core/Src/usbd_desc.c ****   * All rights reserved.</center></h2>
  12:Core/Src/usbd_desc.c ****   *
  13:Core/Src/usbd_desc.c ****   * This software component is licensed by ST under Ultimate Liberty license
  14:Core/Src/usbd_desc.c ****   * SLA0044, the "License"; You may not use this file except in compliance with
  15:Core/Src/usbd_desc.c ****   * the License. You may obtain a copy of the License at:
  16:Core/Src/usbd_desc.c ****   *                             www.st.com/SLA0044
  17:Core/Src/usbd_desc.c ****   *
  18:Core/Src/usbd_desc.c ****   ******************************************************************************
  19:Core/Src/usbd_desc.c ****   */
  20:Core/Src/usbd_desc.c **** /* USER CODE END Header */
  21:Core/Src/usbd_desc.c **** 
  22:Core/Src/usbd_desc.c **** /* Includes ------------------------------------------------------------------*/
  23:Core/Src/usbd_desc.c **** #include "usbd_core.h"
  24:Core/Src/usbd_desc.c **** #include "usbd_desc.h"
  25:Core/Src/usbd_desc.c **** #include "usbd_conf.h"
  26:Core/Src/usbd_desc.c **** 
  27:Core/Src/usbd_desc.c **** /* USER CODE BEGIN INCLUDE */
  28:Core/Src/usbd_desc.c **** 
  29:Core/Src/usbd_desc.c **** /* USER CODE END INCLUDE */
ARM GAS  /var/folders/jr/lt9tb7vj2871x9rxdxc0hz4h0000gn/T//ccSlGsO7.s 			page 2


  30:Core/Src/usbd_desc.c **** 
  31:Core/Src/usbd_desc.c **** /* Private typedef -----------------------------------------------------------*/
  32:Core/Src/usbd_desc.c **** /* Private define ------------------------------------------------------------*/
  33:Core/Src/usbd_desc.c **** /* Private macro -------------------------------------------------------------*/
  34:Core/Src/usbd_desc.c **** 
  35:Core/Src/usbd_desc.c **** /* USER CODE BEGIN PV */
  36:Core/Src/usbd_desc.c **** /* Private variables ---------------------------------------------------------*/
  37:Core/Src/usbd_desc.c **** 
  38:Core/Src/usbd_desc.c **** /* USER CODE END PV */
  39:Core/Src/usbd_desc.c **** 
  40:Core/Src/usbd_desc.c **** /** @addtogroup STM32_USB_OTG_DEVICE_LIBRARY
  41:Core/Src/usbd_desc.c ****   * @{
  42:Core/Src/usbd_desc.c ****   */
  43:Core/Src/usbd_desc.c **** 
  44:Core/Src/usbd_desc.c **** /** @addtogroup USBD_DESC
  45:Core/Src/usbd_desc.c ****   * @{
  46:Core/Src/usbd_desc.c ****   */
  47:Core/Src/usbd_desc.c **** 
  48:Core/Src/usbd_desc.c **** /** @defgroup USBD_DESC_Private_TypesDefinitions USBD_DESC_Private_TypesDefinitions
  49:Core/Src/usbd_desc.c ****   * @brief Private types.
  50:Core/Src/usbd_desc.c ****   * @{
  51:Core/Src/usbd_desc.c ****   */
  52:Core/Src/usbd_desc.c **** 
  53:Core/Src/usbd_desc.c **** /* USER CODE BEGIN PRIVATE_TYPES */
  54:Core/Src/usbd_desc.c **** 
  55:Core/Src/usbd_desc.c **** /* USER CODE END PRIVATE_TYPES */
  56:Core/Src/usbd_desc.c **** 
  57:Core/Src/usbd_desc.c **** /**
  58:Core/Src/usbd_desc.c ****   * @}
  59:Core/Src/usbd_desc.c ****   */
  60:Core/Src/usbd_desc.c **** 
  61:Core/Src/usbd_desc.c **** /** @defgroup USBD_DESC_Private_Defines USBD_DESC_Private_Defines
  62:Core/Src/usbd_desc.c ****   * @brief Private defines.
  63:Core/Src/usbd_desc.c ****   * @{
  64:Core/Src/usbd_desc.c ****   */
  65:Core/Src/usbd_desc.c **** 
  66:Core/Src/usbd_desc.c **** #define USBD_VID     1155
  67:Core/Src/usbd_desc.c **** #define USBD_LANGID_STRING     1033
  68:Core/Src/usbd_desc.c **** #define USBD_MANUFACTURER_STRING     "Sam Kent"
  69:Core/Src/usbd_desc.c **** #define USBD_PID_FS     22336
  70:Core/Src/usbd_desc.c **** #define USBD_PRODUCT_STRING_FS     "FFT Live Prototype"
  71:Core/Src/usbd_desc.c **** #define USBD_CONFIGURATION_STRING_FS     "AUDIO Config"
  72:Core/Src/usbd_desc.c **** #define USBD_INTERFACE_STRING_FS     "AUDIO Interface"
  73:Core/Src/usbd_desc.c **** 
  74:Core/Src/usbd_desc.c **** /* USER CODE BEGIN PRIVATE_DEFINES */
  75:Core/Src/usbd_desc.c **** 
  76:Core/Src/usbd_desc.c **** /* USER CODE END PRIVATE_DEFINES */
  77:Core/Src/usbd_desc.c **** 
  78:Core/Src/usbd_desc.c **** /**
  79:Core/Src/usbd_desc.c ****   * @}
  80:Core/Src/usbd_desc.c ****   */
  81:Core/Src/usbd_desc.c **** 
  82:Core/Src/usbd_desc.c **** /* USER CODE BEGIN 0 */
  83:Core/Src/usbd_desc.c **** 
  84:Core/Src/usbd_desc.c **** /* USER CODE END 0 */
  85:Core/Src/usbd_desc.c **** 
  86:Core/Src/usbd_desc.c **** /** @defgroup USBD_DESC_Private_Macros USBD_DESC_Private_Macros
ARM GAS  /var/folders/jr/lt9tb7vj2871x9rxdxc0hz4h0000gn/T//ccSlGsO7.s 			page 3


  87:Core/Src/usbd_desc.c ****   * @brief Private macros.
  88:Core/Src/usbd_desc.c ****   * @{
  89:Core/Src/usbd_desc.c ****   */
  90:Core/Src/usbd_desc.c **** 
  91:Core/Src/usbd_desc.c **** /* USER CODE BEGIN PRIVATE_MACRO */
  92:Core/Src/usbd_desc.c **** 
  93:Core/Src/usbd_desc.c **** /* USER CODE END PRIVATE_MACRO */
  94:Core/Src/usbd_desc.c **** 
  95:Core/Src/usbd_desc.c **** /**
  96:Core/Src/usbd_desc.c ****   * @}
  97:Core/Src/usbd_desc.c ****   */
  98:Core/Src/usbd_desc.c ****   
  99:Core/Src/usbd_desc.c **** /** @defgroup USBD_DESC_Private_FunctionPrototypes USBD_DESC_Private_FunctionPrototypes
 100:Core/Src/usbd_desc.c ****   * @brief Private functions declaration.
 101:Core/Src/usbd_desc.c ****   * @{
 102:Core/Src/usbd_desc.c ****   */
 103:Core/Src/usbd_desc.c ****   
 104:Core/Src/usbd_desc.c **** static void Get_SerialNum(void);
 105:Core/Src/usbd_desc.c **** static void IntToUnicode(uint32_t value, uint8_t * pbuf, uint8_t len);
 106:Core/Src/usbd_desc.c ****   
 107:Core/Src/usbd_desc.c **** /**
 108:Core/Src/usbd_desc.c ****   * @}
 109:Core/Src/usbd_desc.c ****   */  
 110:Core/Src/usbd_desc.c ****   
 111:Core/Src/usbd_desc.c **** 
 112:Core/Src/usbd_desc.c **** /** @defgroup USBD_DESC_Private_FunctionPrototypes USBD_DESC_Private_FunctionPrototypes
 113:Core/Src/usbd_desc.c ****   * @brief Private functions declaration for FS.
 114:Core/Src/usbd_desc.c ****   * @{
 115:Core/Src/usbd_desc.c ****   */
 116:Core/Src/usbd_desc.c **** 
 117:Core/Src/usbd_desc.c **** uint8_t * USBD_FS_DeviceDescriptor(USBD_SpeedTypeDef speed, uint16_t *length);
 118:Core/Src/usbd_desc.c **** uint8_t * USBD_FS_LangIDStrDescriptor(USBD_SpeedTypeDef speed, uint16_t *length);
 119:Core/Src/usbd_desc.c **** uint8_t * USBD_FS_ManufacturerStrDescriptor(USBD_SpeedTypeDef speed, uint16_t *length);
 120:Core/Src/usbd_desc.c **** uint8_t * USBD_FS_ProductStrDescriptor(USBD_SpeedTypeDef speed, uint16_t *length);
 121:Core/Src/usbd_desc.c **** uint8_t * USBD_FS_SerialStrDescriptor(USBD_SpeedTypeDef speed, uint16_t *length);
 122:Core/Src/usbd_desc.c **** uint8_t * USBD_FS_ConfigStrDescriptor(USBD_SpeedTypeDef speed, uint16_t *length);
 123:Core/Src/usbd_desc.c **** uint8_t * USBD_FS_InterfaceStrDescriptor(USBD_SpeedTypeDef speed, uint16_t *length);
 124:Core/Src/usbd_desc.c **** #if (USBD_LPM_ENABLED == 1)
 125:Core/Src/usbd_desc.c **** uint8_t * USBD_FS_USR_BOSDescriptor(USBD_SpeedTypeDef speed, uint16_t *length);
 126:Core/Src/usbd_desc.c **** #endif /* (USBD_LPM_ENABLED == 1) */
 127:Core/Src/usbd_desc.c **** 
 128:Core/Src/usbd_desc.c **** /**
 129:Core/Src/usbd_desc.c ****   * @}
 130:Core/Src/usbd_desc.c ****   */
 131:Core/Src/usbd_desc.c **** 
 132:Core/Src/usbd_desc.c **** /** @defgroup USBD_DESC_Private_Variables USBD_DESC_Private_Variables
 133:Core/Src/usbd_desc.c ****   * @brief Private variables.
 134:Core/Src/usbd_desc.c ****   * @{
 135:Core/Src/usbd_desc.c ****   */
 136:Core/Src/usbd_desc.c **** 
 137:Core/Src/usbd_desc.c **** USBD_DescriptorsTypeDef FS_Desc =
 138:Core/Src/usbd_desc.c **** {
 139:Core/Src/usbd_desc.c ****   USBD_FS_DeviceDescriptor
 140:Core/Src/usbd_desc.c **** , USBD_FS_LangIDStrDescriptor
 141:Core/Src/usbd_desc.c **** , USBD_FS_ManufacturerStrDescriptor
 142:Core/Src/usbd_desc.c **** , USBD_FS_ProductStrDescriptor
 143:Core/Src/usbd_desc.c **** , USBD_FS_SerialStrDescriptor
ARM GAS  /var/folders/jr/lt9tb7vj2871x9rxdxc0hz4h0000gn/T//ccSlGsO7.s 			page 4


 144:Core/Src/usbd_desc.c **** , USBD_FS_ConfigStrDescriptor
 145:Core/Src/usbd_desc.c **** , USBD_FS_InterfaceStrDescriptor
 146:Core/Src/usbd_desc.c **** #if (USBD_LPM_ENABLED == 1)
 147:Core/Src/usbd_desc.c **** , USBD_FS_USR_BOSDescriptor
 148:Core/Src/usbd_desc.c **** #endif /* (USBD_LPM_ENABLED == 1) */
 149:Core/Src/usbd_desc.c **** };
 150:Core/Src/usbd_desc.c **** 
 151:Core/Src/usbd_desc.c **** #if defined ( __ICCARM__ ) /* IAR Compiler */
 152:Core/Src/usbd_desc.c ****   #pragma data_alignment=4
 153:Core/Src/usbd_desc.c **** #endif /* defined ( __ICCARM__ ) */
 154:Core/Src/usbd_desc.c **** /** USB standard device descriptor. */
 155:Core/Src/usbd_desc.c **** __ALIGN_BEGIN uint8_t USBD_FS_DeviceDesc[USB_LEN_DEV_DESC] __ALIGN_END =
 156:Core/Src/usbd_desc.c **** {
 157:Core/Src/usbd_desc.c ****   0x12,                       /*bLength */
 158:Core/Src/usbd_desc.c ****   USB_DESC_TYPE_DEVICE,       /*bDescriptorType*/
 159:Core/Src/usbd_desc.c **** #if (USBD_LPM_ENABLED == 1)
 160:Core/Src/usbd_desc.c ****   0x01,                       /*bcdUSB */ /* changed to USB version 2.01
 161:Core/Src/usbd_desc.c ****                                              in order to support LPM L1 suspend
 162:Core/Src/usbd_desc.c ****                                              resume test of USBCV3.0*/
 163:Core/Src/usbd_desc.c **** #else
 164:Core/Src/usbd_desc.c ****   0x00,                       /*bcdUSB */
 165:Core/Src/usbd_desc.c **** #endif /* (USBD_LPM_ENABLED == 1) */
 166:Core/Src/usbd_desc.c ****   0x02,
 167:Core/Src/usbd_desc.c ****   0x00,                       /*bDeviceClass*/
 168:Core/Src/usbd_desc.c ****   0x00,                       /*bDeviceSubClass*/
 169:Core/Src/usbd_desc.c ****   0x00,                       /*bDeviceProtocol*/
 170:Core/Src/usbd_desc.c ****   USB_MAX_EP0_SIZE,           /*bMaxPacketSize*/
 171:Core/Src/usbd_desc.c ****   LOBYTE(USBD_VID),           /*idVendor*/
 172:Core/Src/usbd_desc.c ****   HIBYTE(USBD_VID),           /*idVendor*/
 173:Core/Src/usbd_desc.c ****   LOBYTE(USBD_PID_FS),        /*idProduct*/
 174:Core/Src/usbd_desc.c ****   HIBYTE(USBD_PID_FS),        /*idProduct*/
 175:Core/Src/usbd_desc.c ****   0x00,                       /*bcdDevice rel. 2.00*/
 176:Core/Src/usbd_desc.c ****   0x02,
 177:Core/Src/usbd_desc.c ****   USBD_IDX_MFC_STR,           /*Index of manufacturer  string*/
 178:Core/Src/usbd_desc.c ****   USBD_IDX_PRODUCT_STR,       /*Index of product string*/
 179:Core/Src/usbd_desc.c ****   USBD_IDX_SERIAL_STR,        /*Index of serial number string*/
 180:Core/Src/usbd_desc.c ****   USBD_MAX_NUM_CONFIGURATION  /*bNumConfigurations*/
 181:Core/Src/usbd_desc.c **** };
 182:Core/Src/usbd_desc.c **** 
 183:Core/Src/usbd_desc.c **** /* USB_DeviceDescriptor */
 184:Core/Src/usbd_desc.c **** /** BOS descriptor. */
 185:Core/Src/usbd_desc.c **** #if (USBD_LPM_ENABLED == 1)
 186:Core/Src/usbd_desc.c **** #if defined ( __ICCARM__ ) /* IAR Compiler */
 187:Core/Src/usbd_desc.c ****   #pragma data_alignment=4
 188:Core/Src/usbd_desc.c **** #endif /* defined ( __ICCARM__ ) */
 189:Core/Src/usbd_desc.c **** __ALIGN_BEGIN uint8_t USBD_FS_BOSDesc[USB_SIZ_BOS_DESC] __ALIGN_END =
 190:Core/Src/usbd_desc.c **** {
 191:Core/Src/usbd_desc.c ****   0x5,
 192:Core/Src/usbd_desc.c ****   USB_DESC_TYPE_BOS,
 193:Core/Src/usbd_desc.c ****   0xC,
 194:Core/Src/usbd_desc.c ****   0x0,
 195:Core/Src/usbd_desc.c ****   0x1,  /* 1 device capability*/
 196:Core/Src/usbd_desc.c ****         /* device capability*/
 197:Core/Src/usbd_desc.c ****   0x7,
 198:Core/Src/usbd_desc.c ****   USB_DEVICE_CAPABITY_TYPE,
 199:Core/Src/usbd_desc.c ****   0x2,
 200:Core/Src/usbd_desc.c ****   0x2,  /* LPM capability bit set*/
ARM GAS  /var/folders/jr/lt9tb7vj2871x9rxdxc0hz4h0000gn/T//ccSlGsO7.s 			page 5


 201:Core/Src/usbd_desc.c ****   0x0,
 202:Core/Src/usbd_desc.c ****   0x0,
 203:Core/Src/usbd_desc.c ****   0x0
 204:Core/Src/usbd_desc.c **** };
 205:Core/Src/usbd_desc.c **** #endif /* (USBD_LPM_ENABLED == 1) */
 206:Core/Src/usbd_desc.c **** 
 207:Core/Src/usbd_desc.c **** /**
 208:Core/Src/usbd_desc.c ****   * @}
 209:Core/Src/usbd_desc.c ****   */
 210:Core/Src/usbd_desc.c **** 
 211:Core/Src/usbd_desc.c **** /** @defgroup USBD_DESC_Private_Variables USBD_DESC_Private_Variables
 212:Core/Src/usbd_desc.c ****   * @brief Private variables.
 213:Core/Src/usbd_desc.c ****   * @{
 214:Core/Src/usbd_desc.c ****   */
 215:Core/Src/usbd_desc.c **** 
 216:Core/Src/usbd_desc.c **** #if defined ( __ICCARM__ ) /* IAR Compiler */
 217:Core/Src/usbd_desc.c ****   #pragma data_alignment=4
 218:Core/Src/usbd_desc.c **** #endif /* defined ( __ICCARM__ ) */
 219:Core/Src/usbd_desc.c **** 
 220:Core/Src/usbd_desc.c **** /** USB lang indentifier descriptor. */
 221:Core/Src/usbd_desc.c **** __ALIGN_BEGIN uint8_t USBD_LangIDDesc[USB_LEN_LANGID_STR_DESC] __ALIGN_END =
 222:Core/Src/usbd_desc.c **** {
 223:Core/Src/usbd_desc.c ****      USB_LEN_LANGID_STR_DESC,
 224:Core/Src/usbd_desc.c ****      USB_DESC_TYPE_STRING,
 225:Core/Src/usbd_desc.c ****      LOBYTE(USBD_LANGID_STRING),
 226:Core/Src/usbd_desc.c ****      HIBYTE(USBD_LANGID_STRING)
 227:Core/Src/usbd_desc.c **** };
 228:Core/Src/usbd_desc.c **** 
 229:Core/Src/usbd_desc.c **** #if defined ( __ICCARM__ ) /* IAR Compiler */
 230:Core/Src/usbd_desc.c ****   #pragma data_alignment=4
 231:Core/Src/usbd_desc.c **** #endif /* defined ( __ICCARM__ ) */
 232:Core/Src/usbd_desc.c **** /* Internal string descriptor. */
 233:Core/Src/usbd_desc.c **** __ALIGN_BEGIN uint8_t USBD_StrDesc[USBD_MAX_STR_DESC_SIZ] __ALIGN_END;
 234:Core/Src/usbd_desc.c **** 
 235:Core/Src/usbd_desc.c **** #if defined ( __ICCARM__ ) /*!< IAR Compiler */
 236:Core/Src/usbd_desc.c ****   #pragma data_alignment=4   
 237:Core/Src/usbd_desc.c **** #endif
 238:Core/Src/usbd_desc.c **** __ALIGN_BEGIN uint8_t USBD_StringSerial[USB_SIZ_STRING_SERIAL] __ALIGN_END = {
 239:Core/Src/usbd_desc.c ****   USB_SIZ_STRING_SERIAL,
 240:Core/Src/usbd_desc.c ****   USB_DESC_TYPE_STRING,
 241:Core/Src/usbd_desc.c **** };
 242:Core/Src/usbd_desc.c **** 
 243:Core/Src/usbd_desc.c **** /**
 244:Core/Src/usbd_desc.c ****   * @}
 245:Core/Src/usbd_desc.c ****   */
 246:Core/Src/usbd_desc.c **** 
 247:Core/Src/usbd_desc.c **** /** @defgroup USBD_DESC_Private_Functions USBD_DESC_Private_Functions
 248:Core/Src/usbd_desc.c ****   * @brief Private functions.
 249:Core/Src/usbd_desc.c ****   * @{
 250:Core/Src/usbd_desc.c ****   */
 251:Core/Src/usbd_desc.c **** 
 252:Core/Src/usbd_desc.c **** /**
 253:Core/Src/usbd_desc.c ****   * @brief  Return the device descriptor
 254:Core/Src/usbd_desc.c ****   * @param  speed : Current device speed
 255:Core/Src/usbd_desc.c ****   * @param  length : Pointer to data length variable
 256:Core/Src/usbd_desc.c ****   * @retval Pointer to descriptor buffer
 257:Core/Src/usbd_desc.c ****   */
ARM GAS  /var/folders/jr/lt9tb7vj2871x9rxdxc0hz4h0000gn/T//ccSlGsO7.s 			page 6


 258:Core/Src/usbd_desc.c **** uint8_t * USBD_FS_DeviceDescriptor(USBD_SpeedTypeDef speed, uint16_t *length)
 259:Core/Src/usbd_desc.c **** {
  30              		.loc 1 259 1 view -0
  31              		.cfi_startproc
  32              		@ args = 0, pretend = 0, frame = 0
  33              		@ frame_needed = 0, uses_anonymous_args = 0
  34              		@ link register save eliminated.
 260:Core/Src/usbd_desc.c ****   UNUSED(speed);
  35              		.loc 1 260 3 view .LVU1
 261:Core/Src/usbd_desc.c ****   *length = sizeof(USBD_FS_DeviceDesc);
  36              		.loc 1 261 3 view .LVU2
  37              		.loc 1 261 11 is_stmt 0 view .LVU3
  38 0000 1223     		movs	r3, #18
  39 0002 0B80     		strh	r3, [r1]	@ movhi
 262:Core/Src/usbd_desc.c ****   return USBD_FS_DeviceDesc;
  40              		.loc 1 262 3 is_stmt 1 view .LVU4
 263:Core/Src/usbd_desc.c **** }
  41              		.loc 1 263 1 is_stmt 0 view .LVU5
  42 0004 0048     		ldr	r0, .L2
  43              	.LVL1:
  44              		.loc 1 263 1 view .LVU6
  45 0006 7047     		bx	lr
  46              	.L3:
  47              		.align	2
  48              	.L2:
  49 0008 00000000 		.word	.LANCHOR0
  50              		.cfi_endproc
  51              	.LFE133:
  53              		.section	.text.USBD_FS_LangIDStrDescriptor,"ax",%progbits
  54              		.align	1
  55              		.global	USBD_FS_LangIDStrDescriptor
  56              		.syntax unified
  57              		.thumb
  58              		.thumb_func
  60              	USBD_FS_LangIDStrDescriptor:
  61              	.LVL2:
  62              	.LFB134:
 264:Core/Src/usbd_desc.c **** 
 265:Core/Src/usbd_desc.c **** /**
 266:Core/Src/usbd_desc.c ****   * @brief  Return the LangID string descriptor
 267:Core/Src/usbd_desc.c ****   * @param  speed : Current device speed
 268:Core/Src/usbd_desc.c ****   * @param  length : Pointer to data length variable
 269:Core/Src/usbd_desc.c ****   * @retval Pointer to descriptor buffer
 270:Core/Src/usbd_desc.c ****   */
 271:Core/Src/usbd_desc.c **** uint8_t * USBD_FS_LangIDStrDescriptor(USBD_SpeedTypeDef speed, uint16_t *length)
 272:Core/Src/usbd_desc.c **** {
  63              		.loc 1 272 1 is_stmt 1 view -0
  64              		.cfi_startproc
  65              		@ args = 0, pretend = 0, frame = 0
  66              		@ frame_needed = 0, uses_anonymous_args = 0
  67              		@ link register save eliminated.
 273:Core/Src/usbd_desc.c ****   UNUSED(speed);
  68              		.loc 1 273 3 view .LVU8
 274:Core/Src/usbd_desc.c ****   *length = sizeof(USBD_LangIDDesc);
  69              		.loc 1 274 3 view .LVU9
  70              		.loc 1 274 11 is_stmt 0 view .LVU10
  71 0000 0423     		movs	r3, #4
ARM GAS  /var/folders/jr/lt9tb7vj2871x9rxdxc0hz4h0000gn/T//ccSlGsO7.s 			page 7


  72 0002 0B80     		strh	r3, [r1]	@ movhi
 275:Core/Src/usbd_desc.c ****   return USBD_LangIDDesc;
  73              		.loc 1 275 3 is_stmt 1 view .LVU11
 276:Core/Src/usbd_desc.c **** }
  74              		.loc 1 276 1 is_stmt 0 view .LVU12
  75 0004 0048     		ldr	r0, .L5
  76              	.LVL3:
  77              		.loc 1 276 1 view .LVU13
  78 0006 7047     		bx	lr
  79              	.L6:
  80              		.align	2
  81              	.L5:
  82 0008 00000000 		.word	.LANCHOR1
  83              		.cfi_endproc
  84              	.LFE134:
  86              		.section	.text.IntToUnicode,"ax",%progbits
  87              		.align	1
  88              		.syntax unified
  89              		.thumb
  90              		.thumb_func
  92              	IntToUnicode:
  93              	.LVL4:
  94              	.LFB141:
 277:Core/Src/usbd_desc.c **** 
 278:Core/Src/usbd_desc.c **** /**
 279:Core/Src/usbd_desc.c ****   * @brief  Return the product string descriptor
 280:Core/Src/usbd_desc.c ****   * @param  speed : Current device speed
 281:Core/Src/usbd_desc.c ****   * @param  length : Pointer to data length variable
 282:Core/Src/usbd_desc.c ****   * @retval Pointer to descriptor buffer
 283:Core/Src/usbd_desc.c ****   */
 284:Core/Src/usbd_desc.c **** uint8_t * USBD_FS_ProductStrDescriptor(USBD_SpeedTypeDef speed, uint16_t *length)
 285:Core/Src/usbd_desc.c **** {
 286:Core/Src/usbd_desc.c ****   if(speed == 0)
 287:Core/Src/usbd_desc.c ****   {
 288:Core/Src/usbd_desc.c ****     USBD_GetString((uint8_t *)USBD_PRODUCT_STRING_FS, USBD_StrDesc, length);
 289:Core/Src/usbd_desc.c ****   }
 290:Core/Src/usbd_desc.c ****   else
 291:Core/Src/usbd_desc.c ****   {
 292:Core/Src/usbd_desc.c ****     USBD_GetString((uint8_t *)USBD_PRODUCT_STRING_FS, USBD_StrDesc, length);
 293:Core/Src/usbd_desc.c ****   }
 294:Core/Src/usbd_desc.c ****   return USBD_StrDesc;
 295:Core/Src/usbd_desc.c **** }
 296:Core/Src/usbd_desc.c **** 
 297:Core/Src/usbd_desc.c **** /**
 298:Core/Src/usbd_desc.c ****   * @brief  Return the manufacturer string descriptor
 299:Core/Src/usbd_desc.c ****   * @param  speed : Current device speed
 300:Core/Src/usbd_desc.c ****   * @param  length : Pointer to data length variable
 301:Core/Src/usbd_desc.c ****   * @retval Pointer to descriptor buffer
 302:Core/Src/usbd_desc.c ****   */
 303:Core/Src/usbd_desc.c **** uint8_t * USBD_FS_ManufacturerStrDescriptor(USBD_SpeedTypeDef speed, uint16_t *length)
 304:Core/Src/usbd_desc.c **** {
 305:Core/Src/usbd_desc.c ****   UNUSED(speed);
 306:Core/Src/usbd_desc.c ****   USBD_GetString((uint8_t *)USBD_MANUFACTURER_STRING, USBD_StrDesc, length);
 307:Core/Src/usbd_desc.c ****   return USBD_StrDesc;
 308:Core/Src/usbd_desc.c **** }
 309:Core/Src/usbd_desc.c **** 
 310:Core/Src/usbd_desc.c **** /**
ARM GAS  /var/folders/jr/lt9tb7vj2871x9rxdxc0hz4h0000gn/T//ccSlGsO7.s 			page 8


 311:Core/Src/usbd_desc.c ****   * @brief  Return the serial number string descriptor
 312:Core/Src/usbd_desc.c ****   * @param  speed : Current device speed
 313:Core/Src/usbd_desc.c ****   * @param  length : Pointer to data length variable
 314:Core/Src/usbd_desc.c ****   * @retval Pointer to descriptor buffer
 315:Core/Src/usbd_desc.c ****   */
 316:Core/Src/usbd_desc.c **** uint8_t * USBD_FS_SerialStrDescriptor(USBD_SpeedTypeDef speed, uint16_t *length)
 317:Core/Src/usbd_desc.c **** {
 318:Core/Src/usbd_desc.c ****   UNUSED(speed);
 319:Core/Src/usbd_desc.c ****   *length = USB_SIZ_STRING_SERIAL;
 320:Core/Src/usbd_desc.c **** 
 321:Core/Src/usbd_desc.c ****   /* Update the serial number string descriptor with the data from the unique
 322:Core/Src/usbd_desc.c ****    * ID */
 323:Core/Src/usbd_desc.c ****   Get_SerialNum();
 324:Core/Src/usbd_desc.c ****   /* USER CODE BEGIN USBD_FS_SerialStrDescriptor */
 325:Core/Src/usbd_desc.c ****   
 326:Core/Src/usbd_desc.c ****   /* USER CODE END USBD_FS_SerialStrDescriptor */
 327:Core/Src/usbd_desc.c ****   return (uint8_t *) USBD_StringSerial;
 328:Core/Src/usbd_desc.c **** }
 329:Core/Src/usbd_desc.c **** 
 330:Core/Src/usbd_desc.c **** /**
 331:Core/Src/usbd_desc.c ****   * @brief  Return the configuration string descriptor
 332:Core/Src/usbd_desc.c ****   * @param  speed : Current device speed
 333:Core/Src/usbd_desc.c ****   * @param  length : Pointer to data length variable
 334:Core/Src/usbd_desc.c ****   * @retval Pointer to descriptor buffer
 335:Core/Src/usbd_desc.c ****   */
 336:Core/Src/usbd_desc.c **** uint8_t * USBD_FS_ConfigStrDescriptor(USBD_SpeedTypeDef speed, uint16_t *length)
 337:Core/Src/usbd_desc.c **** {
 338:Core/Src/usbd_desc.c ****   if(speed == USBD_SPEED_HIGH)
 339:Core/Src/usbd_desc.c ****   {
 340:Core/Src/usbd_desc.c ****     USBD_GetString((uint8_t *)USBD_CONFIGURATION_STRING_FS, USBD_StrDesc, length);
 341:Core/Src/usbd_desc.c ****   }
 342:Core/Src/usbd_desc.c ****   else
 343:Core/Src/usbd_desc.c ****   {
 344:Core/Src/usbd_desc.c ****     USBD_GetString((uint8_t *)USBD_CONFIGURATION_STRING_FS, USBD_StrDesc, length);
 345:Core/Src/usbd_desc.c ****   }
 346:Core/Src/usbd_desc.c ****   return USBD_StrDesc;
 347:Core/Src/usbd_desc.c **** }
 348:Core/Src/usbd_desc.c **** 
 349:Core/Src/usbd_desc.c **** /**
 350:Core/Src/usbd_desc.c ****   * @brief  Return the interface string descriptor
 351:Core/Src/usbd_desc.c ****   * @param  speed : Current device speed
 352:Core/Src/usbd_desc.c ****   * @param  length : Pointer to data length variable
 353:Core/Src/usbd_desc.c ****   * @retval Pointer to descriptor buffer
 354:Core/Src/usbd_desc.c ****   */
 355:Core/Src/usbd_desc.c **** uint8_t * USBD_FS_InterfaceStrDescriptor(USBD_SpeedTypeDef speed, uint16_t *length)
 356:Core/Src/usbd_desc.c **** {
 357:Core/Src/usbd_desc.c ****   if(speed == 0)
 358:Core/Src/usbd_desc.c ****   {
 359:Core/Src/usbd_desc.c ****     USBD_GetString((uint8_t *)USBD_INTERFACE_STRING_FS, USBD_StrDesc, length);
 360:Core/Src/usbd_desc.c ****   }
 361:Core/Src/usbd_desc.c ****   else
 362:Core/Src/usbd_desc.c ****   {
 363:Core/Src/usbd_desc.c ****     USBD_GetString((uint8_t *)USBD_INTERFACE_STRING_FS, USBD_StrDesc, length);
 364:Core/Src/usbd_desc.c ****   }
 365:Core/Src/usbd_desc.c ****   return USBD_StrDesc;
 366:Core/Src/usbd_desc.c **** }
 367:Core/Src/usbd_desc.c **** 
ARM GAS  /var/folders/jr/lt9tb7vj2871x9rxdxc0hz4h0000gn/T//ccSlGsO7.s 			page 9


 368:Core/Src/usbd_desc.c **** #if (USBD_LPM_ENABLED == 1)
 369:Core/Src/usbd_desc.c **** /**
 370:Core/Src/usbd_desc.c ****   * @brief  Return the BOS descriptor
 371:Core/Src/usbd_desc.c ****   * @param  speed : Current device speed
 372:Core/Src/usbd_desc.c ****   * @param  length : Pointer to data length variable
 373:Core/Src/usbd_desc.c ****   * @retval Pointer to descriptor buffer
 374:Core/Src/usbd_desc.c ****   */
 375:Core/Src/usbd_desc.c **** uint8_t * USBD_FS_USR_BOSDescriptor(USBD_SpeedTypeDef speed, uint16_t *length)
 376:Core/Src/usbd_desc.c **** {
 377:Core/Src/usbd_desc.c ****   UNUSED(speed);
 378:Core/Src/usbd_desc.c ****   *length = sizeof(USBD_FS_BOSDesc);
 379:Core/Src/usbd_desc.c ****   return (uint8_t*)USBD_FS_BOSDesc;
 380:Core/Src/usbd_desc.c **** }
 381:Core/Src/usbd_desc.c **** #endif /* (USBD_LPM_ENABLED == 1) */
 382:Core/Src/usbd_desc.c **** 
 383:Core/Src/usbd_desc.c **** /**
 384:Core/Src/usbd_desc.c ****   * @brief  Create the serial number string descriptor 
 385:Core/Src/usbd_desc.c ****   * @param  None 
 386:Core/Src/usbd_desc.c ****   * @retval None
 387:Core/Src/usbd_desc.c ****   */
 388:Core/Src/usbd_desc.c **** static void Get_SerialNum(void)
 389:Core/Src/usbd_desc.c **** {
 390:Core/Src/usbd_desc.c ****   uint32_t deviceserial0, deviceserial1, deviceserial2;
 391:Core/Src/usbd_desc.c **** 
 392:Core/Src/usbd_desc.c ****   deviceserial0 = *(uint32_t *) DEVICE_ID1;
 393:Core/Src/usbd_desc.c ****   deviceserial1 = *(uint32_t *) DEVICE_ID2;
 394:Core/Src/usbd_desc.c ****   deviceserial2 = *(uint32_t *) DEVICE_ID3;
 395:Core/Src/usbd_desc.c **** 
 396:Core/Src/usbd_desc.c ****   deviceserial0 += deviceserial2;
 397:Core/Src/usbd_desc.c **** 
 398:Core/Src/usbd_desc.c ****   if (deviceserial0 != 0)
 399:Core/Src/usbd_desc.c ****   {
 400:Core/Src/usbd_desc.c ****     IntToUnicode(deviceserial0, &USBD_StringSerial[2], 8);
 401:Core/Src/usbd_desc.c ****     IntToUnicode(deviceserial1, &USBD_StringSerial[18], 4);
 402:Core/Src/usbd_desc.c ****   }
 403:Core/Src/usbd_desc.c **** }
 404:Core/Src/usbd_desc.c **** 
 405:Core/Src/usbd_desc.c **** /**
 406:Core/Src/usbd_desc.c ****   * @brief  Convert Hex 32Bits value into char 
 407:Core/Src/usbd_desc.c ****   * @param  value: value to convert
 408:Core/Src/usbd_desc.c ****   * @param  pbuf: pointer to the buffer 
 409:Core/Src/usbd_desc.c ****   * @param  len: buffer length
 410:Core/Src/usbd_desc.c ****   * @retval None
 411:Core/Src/usbd_desc.c ****   */
 412:Core/Src/usbd_desc.c **** static void IntToUnicode(uint32_t value, uint8_t * pbuf, uint8_t len)
 413:Core/Src/usbd_desc.c **** {
  95              		.loc 1 413 1 is_stmt 1 view -0
  96              		.cfi_startproc
  97              		@ args = 0, pretend = 0, frame = 0
  98              		@ frame_needed = 0, uses_anonymous_args = 0
 414:Core/Src/usbd_desc.c ****   uint8_t idx = 0;
  99              		.loc 1 414 3 view .LVU15
 415:Core/Src/usbd_desc.c **** 
 416:Core/Src/usbd_desc.c ****   for (idx = 0; idx < len; idx++)
 100              		.loc 1 416 3 view .LVU16
 101              		.loc 1 416 12 is_stmt 0 view .LVU17
 102 0000 0023     		movs	r3, #0
ARM GAS  /var/folders/jr/lt9tb7vj2871x9rxdxc0hz4h0000gn/T//ccSlGsO7.s 			page 10


 103              	.LVL5:
 104              		.loc 1 416 21 is_stmt 1 view .LVU18
 105 0002 9342     		cmp	r3, r2
 106 0004 1ED2     		bcs	.L15
 413:Core/Src/usbd_desc.c ****   uint8_t idx = 0;
 107              		.loc 1 413 1 is_stmt 0 view .LVU19
 108 0006 00B5     		push	{lr}
 109              	.LCFI0:
 110              		.cfi_def_cfa_offset 4
 111              		.cfi_offset 14, -4
 112 0008 10E0     		b	.L11
 113              	.L9:
 417:Core/Src/usbd_desc.c ****   {
 418:Core/Src/usbd_desc.c ****     if (((value >> 28)) < 0xA)
 419:Core/Src/usbd_desc.c ****     {
 420:Core/Src/usbd_desc.c ****       pbuf[2 * idx] = (value >> 28) + '0';
 421:Core/Src/usbd_desc.c ****     }
 422:Core/Src/usbd_desc.c ****     else
 423:Core/Src/usbd_desc.c ****     {
 424:Core/Src/usbd_desc.c ****       pbuf[2 * idx] = (value >> 28) + 'A' - 10;
 114              		.loc 1 424 7 is_stmt 1 view .LVU20
 115              		.loc 1 424 43 is_stmt 0 view .LVU21
 116 000a 0CF1370C 		add	ip, ip, #55
 117              		.loc 1 424 21 view .LVU22
 118 000e 01F813C0 		strb	ip, [r1, r3, lsl #1]
 119              	.L10:
 425:Core/Src/usbd_desc.c ****     }
 426:Core/Src/usbd_desc.c **** 
 427:Core/Src/usbd_desc.c ****     value = value << 4;
 120              		.loc 1 427 5 is_stmt 1 discriminator 2 view .LVU23
 121              		.loc 1 427 11 is_stmt 0 discriminator 2 view .LVU24
 122 0012 0001     		lsls	r0, r0, #4
 123              	.LVL6:
 428:Core/Src/usbd_desc.c **** 
 429:Core/Src/usbd_desc.c ****     pbuf[2 * idx + 1] = 0;
 124              		.loc 1 429 5 is_stmt 1 discriminator 2 view .LVU25
 125              		.loc 1 429 12 is_stmt 0 discriminator 2 view .LVU26
 126 0014 4FEA430C 		lsl	ip, r3, #1
 127              		.loc 1 429 9 discriminator 2 view .LVU27
 128 0018 0CF1010C 		add	ip, ip, #1
 129              		.loc 1 429 23 discriminator 2 view .LVU28
 130 001c 4FF0000E 		mov	lr, #0
 131 0020 01F80CE0 		strb	lr, [r1, ip]
 416:Core/Src/usbd_desc.c ****   {
 132              		.loc 1 416 31 is_stmt 1 discriminator 2 view .LVU29
 133 0024 0133     		adds	r3, r3, #1
 134              	.LVL7:
 416:Core/Src/usbd_desc.c ****   {
 135              		.loc 1 416 31 is_stmt 0 discriminator 2 view .LVU30
 136 0026 DBB2     		uxtb	r3, r3
 137              	.LVL8:
 416:Core/Src/usbd_desc.c ****   {
 138              		.loc 1 416 21 is_stmt 1 discriminator 2 view .LVU31
 139 0028 9342     		cmp	r3, r2
 140 002a 09D2     		bcs	.L16
 141              	.L11:
 418:Core/Src/usbd_desc.c ****     {
ARM GAS  /var/folders/jr/lt9tb7vj2871x9rxdxc0hz4h0000gn/T//ccSlGsO7.s 			page 11


 142              		.loc 1 418 5 view .LVU32
 418:Core/Src/usbd_desc.c ****     {
 143              		.loc 1 418 17 is_stmt 0 view .LVU33
 144 002c 4FEA107C 		lsr	ip, r0, #28
 418:Core/Src/usbd_desc.c ****     {
 145              		.loc 1 418 8 view .LVU34
 146 0030 B0F1204F 		cmp	r0, #-1610612736
 147 0034 E9D2     		bcs	.L9
 420:Core/Src/usbd_desc.c ****     }
 148              		.loc 1 420 7 is_stmt 1 view .LVU35
 420:Core/Src/usbd_desc.c ****     }
 149              		.loc 1 420 37 is_stmt 0 view .LVU36
 150 0036 0CF1300C 		add	ip, ip, #48
 420:Core/Src/usbd_desc.c ****     }
 151              		.loc 1 420 21 view .LVU37
 152 003a 01F813C0 		strb	ip, [r1, r3, lsl #1]
 153 003e E8E7     		b	.L10
 154              	.L16:
 430:Core/Src/usbd_desc.c ****   }
 431:Core/Src/usbd_desc.c **** }
 155              		.loc 1 431 1 view .LVU38
 156 0040 5DF804FB 		ldr	pc, [sp], #4
 157              	.L15:
 158              	.LCFI1:
 159              		.cfi_def_cfa_offset 0
 160              		.cfi_restore 14
 161              		.loc 1 431 1 view .LVU39
 162 0044 7047     		bx	lr
 163              		.cfi_endproc
 164              	.LFE141:
 166              		.section	.text.Get_SerialNum,"ax",%progbits
 167              		.align	1
 168              		.syntax unified
 169              		.thumb
 170              		.thumb_func
 172              	Get_SerialNum:
 173              	.LFB140:
 389:Core/Src/usbd_desc.c ****   uint32_t deviceserial0, deviceserial1, deviceserial2;
 174              		.loc 1 389 1 is_stmt 1 view -0
 175              		.cfi_startproc
 176              		@ args = 0, pretend = 0, frame = 0
 177              		@ frame_needed = 0, uses_anonymous_args = 0
 178 0000 38B5     		push	{r3, r4, r5, lr}
 179              	.LCFI2:
 180              		.cfi_def_cfa_offset 16
 181              		.cfi_offset 3, -16
 182              		.cfi_offset 4, -12
 183              		.cfi_offset 5, -8
 184              		.cfi_offset 14, -4
 390:Core/Src/usbd_desc.c **** 
 185              		.loc 1 390 3 view .LVU41
 392:Core/Src/usbd_desc.c ****   deviceserial1 = *(uint32_t *) DEVICE_ID2;
 186              		.loc 1 392 3 view .LVU42
 392:Core/Src/usbd_desc.c ****   deviceserial1 = *(uint32_t *) DEVICE_ID2;
 187              		.loc 1 392 17 is_stmt 0 view .LVU43
 188 0002 0B4B     		ldr	r3, .L21
 189 0004 D3F8100A 		ldr	r0, [r3, #2576]
ARM GAS  /var/folders/jr/lt9tb7vj2871x9rxdxc0hz4h0000gn/T//ccSlGsO7.s 			page 12


 190              	.LVL9:
 393:Core/Src/usbd_desc.c ****   deviceserial2 = *(uint32_t *) DEVICE_ID3;
 191              		.loc 1 393 3 is_stmt 1 view .LVU44
 393:Core/Src/usbd_desc.c ****   deviceserial2 = *(uint32_t *) DEVICE_ID3;
 192              		.loc 1 393 17 is_stmt 0 view .LVU45
 193 0008 D3F8144A 		ldr	r4, [r3, #2580]
 194              	.LVL10:
 394:Core/Src/usbd_desc.c **** 
 195              		.loc 1 394 3 is_stmt 1 view .LVU46
 394:Core/Src/usbd_desc.c **** 
 196              		.loc 1 394 17 is_stmt 0 view .LVU47
 197 000c D3F8183A 		ldr	r3, [r3, #2584]
 198              	.LVL11:
 396:Core/Src/usbd_desc.c **** 
 199              		.loc 1 396 3 is_stmt 1 view .LVU48
 398:Core/Src/usbd_desc.c ****   {
 200              		.loc 1 398 3 view .LVU49
 398:Core/Src/usbd_desc.c ****   {
 201              		.loc 1 398 6 is_stmt 0 view .LVU50
 202 0010 C018     		adds	r0, r0, r3
 203              	.LVL12:
 398:Core/Src/usbd_desc.c ****   {
 204              		.loc 1 398 6 view .LVU51
 205 0012 00D1     		bne	.L20
 206              	.LVL13:
 207              	.L17:
 403:Core/Src/usbd_desc.c **** 
 208              		.loc 1 403 1 view .LVU52
 209 0014 38BD     		pop	{r3, r4, r5, pc}
 210              	.LVL14:
 211              	.L20:
 400:Core/Src/usbd_desc.c ****     IntToUnicode(deviceserial1, &USBD_StringSerial[18], 4);
 212              		.loc 1 400 5 is_stmt 1 view .LVU53
 213 0016 074D     		ldr	r5, .L21+4
 214 0018 0822     		movs	r2, #8
 215 001a A91C     		adds	r1, r5, #2
 216 001c FFF7FEFF 		bl	IntToUnicode
 217              	.LVL15:
 401:Core/Src/usbd_desc.c ****   }
 218              		.loc 1 401 5 view .LVU54
 219 0020 0422     		movs	r2, #4
 220 0022 05F11201 		add	r1, r5, #18
 221 0026 2046     		mov	r0, r4
 222 0028 FFF7FEFF 		bl	IntToUnicode
 223              	.LVL16:
 403:Core/Src/usbd_desc.c **** 
 224              		.loc 1 403 1 is_stmt 0 view .LVU55
 225 002c F2E7     		b	.L17
 226              	.L22:
 227 002e 00BF     		.align	2
 228              	.L21:
 229 0030 0070FF1F 		.word	536834048
 230 0034 00000000 		.word	.LANCHOR2
 231              		.cfi_endproc
 232              	.LFE140:
 234              		.section	.text.USBD_FS_SerialStrDescriptor,"ax",%progbits
 235              		.align	1
ARM GAS  /var/folders/jr/lt9tb7vj2871x9rxdxc0hz4h0000gn/T//ccSlGsO7.s 			page 13


 236              		.global	USBD_FS_SerialStrDescriptor
 237              		.syntax unified
 238              		.thumb
 239              		.thumb_func
 241              	USBD_FS_SerialStrDescriptor:
 242              	.LVL17:
 243              	.LFB137:
 317:Core/Src/usbd_desc.c ****   UNUSED(speed);
 244              		.loc 1 317 1 is_stmt 1 view -0
 245              		.cfi_startproc
 246              		@ args = 0, pretend = 0, frame = 0
 247              		@ frame_needed = 0, uses_anonymous_args = 0
 317:Core/Src/usbd_desc.c ****   UNUSED(speed);
 248              		.loc 1 317 1 is_stmt 0 view .LVU57
 249 0000 08B5     		push	{r3, lr}
 250              	.LCFI3:
 251              		.cfi_def_cfa_offset 8
 252              		.cfi_offset 3, -8
 253              		.cfi_offset 14, -4
 318:Core/Src/usbd_desc.c ****   *length = USB_SIZ_STRING_SERIAL;
 254              		.loc 1 318 3 is_stmt 1 view .LVU58
 319:Core/Src/usbd_desc.c **** 
 255              		.loc 1 319 3 view .LVU59
 319:Core/Src/usbd_desc.c **** 
 256              		.loc 1 319 11 is_stmt 0 view .LVU60
 257 0002 1A23     		movs	r3, #26
 258 0004 0B80     		strh	r3, [r1]	@ movhi
 323:Core/Src/usbd_desc.c ****   /* USER CODE BEGIN USBD_FS_SerialStrDescriptor */
 259              		.loc 1 323 3 is_stmt 1 view .LVU61
 260 0006 FFF7FEFF 		bl	Get_SerialNum
 261              	.LVL18:
 327:Core/Src/usbd_desc.c **** }
 262              		.loc 1 327 3 view .LVU62
 328:Core/Src/usbd_desc.c **** 
 263              		.loc 1 328 1 is_stmt 0 view .LVU63
 264 000a 0148     		ldr	r0, .L25
 265 000c 08BD     		pop	{r3, pc}
 266              	.L26:
 267 000e 00BF     		.align	2
 268              	.L25:
 269 0010 00000000 		.word	.LANCHOR2
 270              		.cfi_endproc
 271              	.LFE137:
 273              		.section	.rodata.USBD_FS_ProductStrDescriptor.str1.4,"aMS",%progbits,1
 274              		.align	2
 275              	.LC0:
 276 0000 46465420 		.ascii	"FFT Live Prototype\000"
 276      4C697665 
 276      2050726F 
 276      746F7479 
 276      706500
 277              		.section	.text.USBD_FS_ProductStrDescriptor,"ax",%progbits
 278              		.align	1
 279              		.global	USBD_FS_ProductStrDescriptor
 280              		.syntax unified
 281              		.thumb
 282              		.thumb_func
ARM GAS  /var/folders/jr/lt9tb7vj2871x9rxdxc0hz4h0000gn/T//ccSlGsO7.s 			page 14


 284              	USBD_FS_ProductStrDescriptor:
 285              	.LVL19:
 286              	.LFB135:
 285:Core/Src/usbd_desc.c ****   if(speed == 0)
 287              		.loc 1 285 1 is_stmt 1 view -0
 288              		.cfi_startproc
 289              		@ args = 0, pretend = 0, frame = 0
 290              		@ frame_needed = 0, uses_anonymous_args = 0
 285:Core/Src/usbd_desc.c ****   if(speed == 0)
 291              		.loc 1 285 1 is_stmt 0 view .LVU65
 292 0000 08B5     		push	{r3, lr}
 293              	.LCFI4:
 294              		.cfi_def_cfa_offset 8
 295              		.cfi_offset 3, -8
 296              		.cfi_offset 14, -4
 297 0002 0A46     		mov	r2, r1
 286:Core/Src/usbd_desc.c ****   {
 298              		.loc 1 286 3 is_stmt 1 view .LVU66
 286:Core/Src/usbd_desc.c ****   {
 299              		.loc 1 286 5 is_stmt 0 view .LVU67
 300 0004 28B9     		cbnz	r0, .L28
 288:Core/Src/usbd_desc.c ****   }
 301              		.loc 1 288 5 is_stmt 1 view .LVU68
 302 0006 0549     		ldr	r1, .L31
 303              	.LVL20:
 288:Core/Src/usbd_desc.c ****   }
 304              		.loc 1 288 5 is_stmt 0 view .LVU69
 305 0008 0548     		ldr	r0, .L31+4
 306              	.LVL21:
 288:Core/Src/usbd_desc.c ****   }
 307              		.loc 1 288 5 view .LVU70
 308 000a FFF7FEFF 		bl	USBD_GetString
 309              	.LVL22:
 310              	.L29:
 294:Core/Src/usbd_desc.c **** }
 311              		.loc 1 294 3 is_stmt 1 view .LVU71
 295:Core/Src/usbd_desc.c **** 
 312              		.loc 1 295 1 is_stmt 0 view .LVU72
 313 000e 0348     		ldr	r0, .L31
 314 0010 08BD     		pop	{r3, pc}
 315              	.LVL23:
 316              	.L28:
 292:Core/Src/usbd_desc.c ****   }
 317              		.loc 1 292 5 is_stmt 1 view .LVU73
 318 0012 0249     		ldr	r1, .L31
 319              	.LVL24:
 292:Core/Src/usbd_desc.c ****   }
 320              		.loc 1 292 5 is_stmt 0 view .LVU74
 321 0014 0248     		ldr	r0, .L31+4
 322              	.LVL25:
 292:Core/Src/usbd_desc.c ****   }
 323              		.loc 1 292 5 view .LVU75
 324 0016 FFF7FEFF 		bl	USBD_GetString
 325              	.LVL26:
 292:Core/Src/usbd_desc.c ****   }
 326              		.loc 1 292 5 view .LVU76
 327 001a F8E7     		b	.L29
ARM GAS  /var/folders/jr/lt9tb7vj2871x9rxdxc0hz4h0000gn/T//ccSlGsO7.s 			page 15


 328              	.L32:
 329              		.align	2
 330              	.L31:
 331 001c 00000000 		.word	.LANCHOR3
 332 0020 00000000 		.word	.LC0
 333              		.cfi_endproc
 334              	.LFE135:
 336              		.section	.rodata.USBD_FS_ManufacturerStrDescriptor.str1.4,"aMS",%progbits,1
 337              		.align	2
 338              	.LC1:
 339 0000 53616D20 		.ascii	"Sam Kent\000"
 339      4B656E74 
 339      00
 340              		.section	.text.USBD_FS_ManufacturerStrDescriptor,"ax",%progbits
 341              		.align	1
 342              		.global	USBD_FS_ManufacturerStrDescriptor
 343              		.syntax unified
 344              		.thumb
 345              		.thumb_func
 347              	USBD_FS_ManufacturerStrDescriptor:
 348              	.LVL27:
 349              	.LFB136:
 304:Core/Src/usbd_desc.c ****   UNUSED(speed);
 350              		.loc 1 304 1 is_stmt 1 view -0
 351              		.cfi_startproc
 352              		@ args = 0, pretend = 0, frame = 0
 353              		@ frame_needed = 0, uses_anonymous_args = 0
 304:Core/Src/usbd_desc.c ****   UNUSED(speed);
 354              		.loc 1 304 1 is_stmt 0 view .LVU78
 355 0000 10B5     		push	{r4, lr}
 356              	.LCFI5:
 357              		.cfi_def_cfa_offset 8
 358              		.cfi_offset 4, -8
 359              		.cfi_offset 14, -4
 360 0002 0A46     		mov	r2, r1
 305:Core/Src/usbd_desc.c ****   USBD_GetString((uint8_t *)USBD_MANUFACTURER_STRING, USBD_StrDesc, length);
 361              		.loc 1 305 3 is_stmt 1 view .LVU79
 306:Core/Src/usbd_desc.c ****   return USBD_StrDesc;
 362              		.loc 1 306 3 view .LVU80
 363 0004 034C     		ldr	r4, .L35
 364 0006 2146     		mov	r1, r4
 365              	.LVL28:
 306:Core/Src/usbd_desc.c ****   return USBD_StrDesc;
 366              		.loc 1 306 3 is_stmt 0 view .LVU81
 367 0008 0348     		ldr	r0, .L35+4
 368              	.LVL29:
 306:Core/Src/usbd_desc.c ****   return USBD_StrDesc;
 369              		.loc 1 306 3 view .LVU82
 370 000a FFF7FEFF 		bl	USBD_GetString
 371              	.LVL30:
 307:Core/Src/usbd_desc.c **** }
 372              		.loc 1 307 3 is_stmt 1 view .LVU83
 308:Core/Src/usbd_desc.c **** 
 373              		.loc 1 308 1 is_stmt 0 view .LVU84
 374 000e 2046     		mov	r0, r4
 375 0010 10BD     		pop	{r4, pc}
 376              	.L36:
ARM GAS  /var/folders/jr/lt9tb7vj2871x9rxdxc0hz4h0000gn/T//ccSlGsO7.s 			page 16


 377 0012 00BF     		.align	2
 378              	.L35:
 379 0014 00000000 		.word	.LANCHOR3
 380 0018 00000000 		.word	.LC1
 381              		.cfi_endproc
 382              	.LFE136:
 384              		.section	.rodata.USBD_FS_ConfigStrDescriptor.str1.4,"aMS",%progbits,1
 385              		.align	2
 386              	.LC2:
 387 0000 41554449 		.ascii	"AUDIO Config\000"
 387      4F20436F 
 387      6E666967 
 387      00
 388              		.section	.text.USBD_FS_ConfigStrDescriptor,"ax",%progbits
 389              		.align	1
 390              		.global	USBD_FS_ConfigStrDescriptor
 391              		.syntax unified
 392              		.thumb
 393              		.thumb_func
 395              	USBD_FS_ConfigStrDescriptor:
 396              	.LVL31:
 397              	.LFB138:
 337:Core/Src/usbd_desc.c ****   if(speed == USBD_SPEED_HIGH)
 398              		.loc 1 337 1 is_stmt 1 view -0
 399              		.cfi_startproc
 400              		@ args = 0, pretend = 0, frame = 0
 401              		@ frame_needed = 0, uses_anonymous_args = 0
 337:Core/Src/usbd_desc.c ****   if(speed == USBD_SPEED_HIGH)
 402              		.loc 1 337 1 is_stmt 0 view .LVU86
 403 0000 08B5     		push	{r3, lr}
 404              	.LCFI6:
 405              		.cfi_def_cfa_offset 8
 406              		.cfi_offset 3, -8
 407              		.cfi_offset 14, -4
 408 0002 0A46     		mov	r2, r1
 338:Core/Src/usbd_desc.c ****   {
 409              		.loc 1 338 3 is_stmt 1 view .LVU87
 338:Core/Src/usbd_desc.c ****   {
 410              		.loc 1 338 5 is_stmt 0 view .LVU88
 411 0004 28B9     		cbnz	r0, .L38
 340:Core/Src/usbd_desc.c ****   }
 412              		.loc 1 340 5 is_stmt 1 view .LVU89
 413 0006 0549     		ldr	r1, .L41
 414              	.LVL32:
 340:Core/Src/usbd_desc.c ****   }
 415              		.loc 1 340 5 is_stmt 0 view .LVU90
 416 0008 0548     		ldr	r0, .L41+4
 417              	.LVL33:
 340:Core/Src/usbd_desc.c ****   }
 418              		.loc 1 340 5 view .LVU91
 419 000a FFF7FEFF 		bl	USBD_GetString
 420              	.LVL34:
 421              	.L39:
 346:Core/Src/usbd_desc.c **** }
 422              		.loc 1 346 3 is_stmt 1 view .LVU92
 347:Core/Src/usbd_desc.c **** 
 423              		.loc 1 347 1 is_stmt 0 view .LVU93
ARM GAS  /var/folders/jr/lt9tb7vj2871x9rxdxc0hz4h0000gn/T//ccSlGsO7.s 			page 17


 424 000e 0348     		ldr	r0, .L41
 425 0010 08BD     		pop	{r3, pc}
 426              	.LVL35:
 427              	.L38:
 344:Core/Src/usbd_desc.c ****   }
 428              		.loc 1 344 5 is_stmt 1 view .LVU94
 429 0012 0249     		ldr	r1, .L41
 430              	.LVL36:
 344:Core/Src/usbd_desc.c ****   }
 431              		.loc 1 344 5 is_stmt 0 view .LVU95
 432 0014 0248     		ldr	r0, .L41+4
 433              	.LVL37:
 344:Core/Src/usbd_desc.c ****   }
 434              		.loc 1 344 5 view .LVU96
 435 0016 FFF7FEFF 		bl	USBD_GetString
 436              	.LVL38:
 344:Core/Src/usbd_desc.c ****   }
 437              		.loc 1 344 5 view .LVU97
 438 001a F8E7     		b	.L39
 439              	.L42:
 440              		.align	2
 441              	.L41:
 442 001c 00000000 		.word	.LANCHOR3
 443 0020 00000000 		.word	.LC2
 444              		.cfi_endproc
 445              	.LFE138:
 447              		.section	.rodata.USBD_FS_InterfaceStrDescriptor.str1.4,"aMS",%progbits,1
 448              		.align	2
 449              	.LC3:
 450 0000 41554449 		.ascii	"AUDIO Interface\000"
 450      4F20496E 
 450      74657266 
 450      61636500 
 451              		.section	.text.USBD_FS_InterfaceStrDescriptor,"ax",%progbits
 452              		.align	1
 453              		.global	USBD_FS_InterfaceStrDescriptor
 454              		.syntax unified
 455              		.thumb
 456              		.thumb_func
 458              	USBD_FS_InterfaceStrDescriptor:
 459              	.LVL39:
 460              	.LFB139:
 356:Core/Src/usbd_desc.c ****   if(speed == 0)
 461              		.loc 1 356 1 is_stmt 1 view -0
 462              		.cfi_startproc
 463              		@ args = 0, pretend = 0, frame = 0
 464              		@ frame_needed = 0, uses_anonymous_args = 0
 356:Core/Src/usbd_desc.c ****   if(speed == 0)
 465              		.loc 1 356 1 is_stmt 0 view .LVU99
 466 0000 08B5     		push	{r3, lr}
 467              	.LCFI7:
 468              		.cfi_def_cfa_offset 8
 469              		.cfi_offset 3, -8
 470              		.cfi_offset 14, -4
 471 0002 0A46     		mov	r2, r1
 357:Core/Src/usbd_desc.c ****   {
 472              		.loc 1 357 3 is_stmt 1 view .LVU100
ARM GAS  /var/folders/jr/lt9tb7vj2871x9rxdxc0hz4h0000gn/T//ccSlGsO7.s 			page 18


 357:Core/Src/usbd_desc.c ****   {
 473              		.loc 1 357 5 is_stmt 0 view .LVU101
 474 0004 28B9     		cbnz	r0, .L44
 359:Core/Src/usbd_desc.c ****   }
 475              		.loc 1 359 5 is_stmt 1 view .LVU102
 476 0006 0549     		ldr	r1, .L47
 477              	.LVL40:
 359:Core/Src/usbd_desc.c ****   }
 478              		.loc 1 359 5 is_stmt 0 view .LVU103
 479 0008 0548     		ldr	r0, .L47+4
 480              	.LVL41:
 359:Core/Src/usbd_desc.c ****   }
 481              		.loc 1 359 5 view .LVU104
 482 000a FFF7FEFF 		bl	USBD_GetString
 483              	.LVL42:
 484              	.L45:
 365:Core/Src/usbd_desc.c **** }
 485              		.loc 1 365 3 is_stmt 1 view .LVU105
 366:Core/Src/usbd_desc.c **** 
 486              		.loc 1 366 1 is_stmt 0 view .LVU106
 487 000e 0348     		ldr	r0, .L47
 488 0010 08BD     		pop	{r3, pc}
 489              	.LVL43:
 490              	.L44:
 363:Core/Src/usbd_desc.c ****   }
 491              		.loc 1 363 5 is_stmt 1 view .LVU107
 492 0012 0249     		ldr	r1, .L47
 493              	.LVL44:
 363:Core/Src/usbd_desc.c ****   }
 494              		.loc 1 363 5 is_stmt 0 view .LVU108
 495 0014 0248     		ldr	r0, .L47+4
 496              	.LVL45:
 363:Core/Src/usbd_desc.c ****   }
 497              		.loc 1 363 5 view .LVU109
 498 0016 FFF7FEFF 		bl	USBD_GetString
 499              	.LVL46:
 363:Core/Src/usbd_desc.c ****   }
 500              		.loc 1 363 5 view .LVU110
 501 001a F8E7     		b	.L45
 502              	.L48:
 503              		.align	2
 504              	.L47:
 505 001c 00000000 		.word	.LANCHOR3
 506 0020 00000000 		.word	.LC3
 507              		.cfi_endproc
 508              	.LFE139:
 510              		.global	USBD_StringSerial
 511              		.global	USBD_StrDesc
 512              		.global	USBD_LangIDDesc
 513              		.global	USBD_FS_DeviceDesc
 514              		.global	FS_Desc
 515              		.section	.bss.USBD_StrDesc,"aw",%nobits
 516              		.align	2
 517              		.set	.LANCHOR3,. + 0
 520              	USBD_StrDesc:
 521 0000 00000000 		.space	512
 521      00000000 
ARM GAS  /var/folders/jr/lt9tb7vj2871x9rxdxc0hz4h0000gn/T//ccSlGsO7.s 			page 19


 521      00000000 
 521      00000000 
 521      00000000 
 522              		.section	.data.FS_Desc,"aw"
 523              		.align	2
 526              	FS_Desc:
 527 0000 00000000 		.word	USBD_FS_DeviceDescriptor
 528 0004 00000000 		.word	USBD_FS_LangIDStrDescriptor
 529 0008 00000000 		.word	USBD_FS_ManufacturerStrDescriptor
 530 000c 00000000 		.word	USBD_FS_ProductStrDescriptor
 531 0010 00000000 		.word	USBD_FS_SerialStrDescriptor
 532 0014 00000000 		.word	USBD_FS_ConfigStrDescriptor
 533 0018 00000000 		.word	USBD_FS_InterfaceStrDescriptor
 534              		.section	.data.USBD_FS_DeviceDesc,"aw"
 535              		.align	2
 536              		.set	.LANCHOR0,. + 0
 539              	USBD_FS_DeviceDesc:
 540 0000 12010002 		.ascii	"\022\001\000\002\000\000\000@\203\004@W\000\002\001"
 540      00000040 
 540      83044057 
 540      000201
 541 000f 020301   		.ascii	"\002\003\001"
 542              		.section	.data.USBD_LangIDDesc,"aw"
 543              		.align	2
 544              		.set	.LANCHOR1,. + 0
 547              	USBD_LangIDDesc:
 548 0000 04030904 		.ascii	"\004\003\011\004"
 549              		.section	.data.USBD_StringSerial,"aw"
 550              		.align	2
 551              		.set	.LANCHOR2,. + 0
 554              	USBD_StringSerial:
 555 0000 1A0300   		.ascii	"\032\003\000"
 556 0003 00000000 		.space	23
 556      00000000 
 556      00000000 
 556      00000000 
 556      00000000 
 557              		.text
 558              	.Letext0:
 559              		.file 2 "/Applications/ARM/arm-none-eabi/include/machine/_default_types.h"
 560              		.file 3 "/Applications/ARM/arm-none-eabi/include/sys/_stdint.h"
 561              		.file 4 "Middlewares/ST/STM32_USB_Device_Library/Core/Inc/usbd_def.h"
 562              		.file 5 "Core/Inc/usbd_desc.h"
 563              		.file 6 "Middlewares/ST/STM32_USB_Device_Library/Core/Inc/usbd_ctlreq.h"
ARM GAS  /var/folders/jr/lt9tb7vj2871x9rxdxc0hz4h0000gn/T//ccSlGsO7.s 			page 20


DEFINED SYMBOLS
                            *ABS*:0000000000000000 usbd_desc.c
/var/folders/jr/lt9tb7vj2871x9rxdxc0hz4h0000gn/T//ccSlGsO7.s:20     .text.USBD_FS_DeviceDescriptor:0000000000000000 $t
/var/folders/jr/lt9tb7vj2871x9rxdxc0hz4h0000gn/T//ccSlGsO7.s:26     .text.USBD_FS_DeviceDescriptor:0000000000000000 USBD_FS_DeviceDescriptor
/var/folders/jr/lt9tb7vj2871x9rxdxc0hz4h0000gn/T//ccSlGsO7.s:49     .text.USBD_FS_DeviceDescriptor:0000000000000008 $d
/var/folders/jr/lt9tb7vj2871x9rxdxc0hz4h0000gn/T//ccSlGsO7.s:54     .text.USBD_FS_LangIDStrDescriptor:0000000000000000 $t
/var/folders/jr/lt9tb7vj2871x9rxdxc0hz4h0000gn/T//ccSlGsO7.s:60     .text.USBD_FS_LangIDStrDescriptor:0000000000000000 USBD_FS_LangIDStrDescriptor
/var/folders/jr/lt9tb7vj2871x9rxdxc0hz4h0000gn/T//ccSlGsO7.s:82     .text.USBD_FS_LangIDStrDescriptor:0000000000000008 $d
/var/folders/jr/lt9tb7vj2871x9rxdxc0hz4h0000gn/T//ccSlGsO7.s:87     .text.IntToUnicode:0000000000000000 $t
/var/folders/jr/lt9tb7vj2871x9rxdxc0hz4h0000gn/T//ccSlGsO7.s:92     .text.IntToUnicode:0000000000000000 IntToUnicode
/var/folders/jr/lt9tb7vj2871x9rxdxc0hz4h0000gn/T//ccSlGsO7.s:167    .text.Get_SerialNum:0000000000000000 $t
/var/folders/jr/lt9tb7vj2871x9rxdxc0hz4h0000gn/T//ccSlGsO7.s:172    .text.Get_SerialNum:0000000000000000 Get_SerialNum
/var/folders/jr/lt9tb7vj2871x9rxdxc0hz4h0000gn/T//ccSlGsO7.s:229    .text.Get_SerialNum:0000000000000030 $d
/var/folders/jr/lt9tb7vj2871x9rxdxc0hz4h0000gn/T//ccSlGsO7.s:235    .text.USBD_FS_SerialStrDescriptor:0000000000000000 $t
/var/folders/jr/lt9tb7vj2871x9rxdxc0hz4h0000gn/T//ccSlGsO7.s:241    .text.USBD_FS_SerialStrDescriptor:0000000000000000 USBD_FS_SerialStrDescriptor
/var/folders/jr/lt9tb7vj2871x9rxdxc0hz4h0000gn/T//ccSlGsO7.s:269    .text.USBD_FS_SerialStrDescriptor:0000000000000010 $d
/var/folders/jr/lt9tb7vj2871x9rxdxc0hz4h0000gn/T//ccSlGsO7.s:274    .rodata.USBD_FS_ProductStrDescriptor.str1.4:0000000000000000 $d
/var/folders/jr/lt9tb7vj2871x9rxdxc0hz4h0000gn/T//ccSlGsO7.s:278    .text.USBD_FS_ProductStrDescriptor:0000000000000000 $t
/var/folders/jr/lt9tb7vj2871x9rxdxc0hz4h0000gn/T//ccSlGsO7.s:284    .text.USBD_FS_ProductStrDescriptor:0000000000000000 USBD_FS_ProductStrDescriptor
/var/folders/jr/lt9tb7vj2871x9rxdxc0hz4h0000gn/T//ccSlGsO7.s:331    .text.USBD_FS_ProductStrDescriptor:000000000000001c $d
/var/folders/jr/lt9tb7vj2871x9rxdxc0hz4h0000gn/T//ccSlGsO7.s:337    .rodata.USBD_FS_ManufacturerStrDescriptor.str1.4:0000000000000000 $d
/var/folders/jr/lt9tb7vj2871x9rxdxc0hz4h0000gn/T//ccSlGsO7.s:341    .text.USBD_FS_ManufacturerStrDescriptor:0000000000000000 $t
/var/folders/jr/lt9tb7vj2871x9rxdxc0hz4h0000gn/T//ccSlGsO7.s:347    .text.USBD_FS_ManufacturerStrDescriptor:0000000000000000 USBD_FS_ManufacturerStrDescriptor
/var/folders/jr/lt9tb7vj2871x9rxdxc0hz4h0000gn/T//ccSlGsO7.s:379    .text.USBD_FS_ManufacturerStrDescriptor:0000000000000014 $d
/var/folders/jr/lt9tb7vj2871x9rxdxc0hz4h0000gn/T//ccSlGsO7.s:385    .rodata.USBD_FS_ConfigStrDescriptor.str1.4:0000000000000000 $d
/var/folders/jr/lt9tb7vj2871x9rxdxc0hz4h0000gn/T//ccSlGsO7.s:389    .text.USBD_FS_ConfigStrDescriptor:0000000000000000 $t
/var/folders/jr/lt9tb7vj2871x9rxdxc0hz4h0000gn/T//ccSlGsO7.s:395    .text.USBD_FS_ConfigStrDescriptor:0000000000000000 USBD_FS_ConfigStrDescriptor
/var/folders/jr/lt9tb7vj2871x9rxdxc0hz4h0000gn/T//ccSlGsO7.s:442    .text.USBD_FS_ConfigStrDescriptor:000000000000001c $d
/var/folders/jr/lt9tb7vj2871x9rxdxc0hz4h0000gn/T//ccSlGsO7.s:448    .rodata.USBD_FS_InterfaceStrDescriptor.str1.4:0000000000000000 $d
/var/folders/jr/lt9tb7vj2871x9rxdxc0hz4h0000gn/T//ccSlGsO7.s:452    .text.USBD_FS_InterfaceStrDescriptor:0000000000000000 $t
/var/folders/jr/lt9tb7vj2871x9rxdxc0hz4h0000gn/T//ccSlGsO7.s:458    .text.USBD_FS_InterfaceStrDescriptor:0000000000000000 USBD_FS_InterfaceStrDescriptor
/var/folders/jr/lt9tb7vj2871x9rxdxc0hz4h0000gn/T//ccSlGsO7.s:505    .text.USBD_FS_InterfaceStrDescriptor:000000000000001c $d
/var/folders/jr/lt9tb7vj2871x9rxdxc0hz4h0000gn/T//ccSlGsO7.s:554    .data.USBD_StringSerial:0000000000000000 USBD_StringSerial
/var/folders/jr/lt9tb7vj2871x9rxdxc0hz4h0000gn/T//ccSlGsO7.s:520    .bss.USBD_StrDesc:0000000000000000 USBD_StrDesc
/var/folders/jr/lt9tb7vj2871x9rxdxc0hz4h0000gn/T//ccSlGsO7.s:547    .data.USBD_LangIDDesc:0000000000000000 USBD_LangIDDesc
/var/folders/jr/lt9tb7vj2871x9rxdxc0hz4h0000gn/T//ccSlGsO7.s:539    .data.USBD_FS_DeviceDesc:0000000000000000 USBD_FS_DeviceDesc
/var/folders/jr/lt9tb7vj2871x9rxdxc0hz4h0000gn/T//ccSlGsO7.s:526    .data.FS_Desc:0000000000000000 FS_Desc
/var/folders/jr/lt9tb7vj2871x9rxdxc0hz4h0000gn/T//ccSlGsO7.s:516    .bss.USBD_StrDesc:0000000000000000 $d
/var/folders/jr/lt9tb7vj2871x9rxdxc0hz4h0000gn/T//ccSlGsO7.s:523    .data.FS_Desc:0000000000000000 $d
/var/folders/jr/lt9tb7vj2871x9rxdxc0hz4h0000gn/T//ccSlGsO7.s:535    .data.USBD_FS_DeviceDesc:0000000000000000 $d
/var/folders/jr/lt9tb7vj2871x9rxdxc0hz4h0000gn/T//ccSlGsO7.s:543    .data.USBD_LangIDDesc:0000000000000000 $d
/var/folders/jr/lt9tb7vj2871x9rxdxc0hz4h0000gn/T//ccSlGsO7.s:550    .data.USBD_StringSerial:0000000000000000 $d

UNDEFINED SYMBOLS
USBD_GetString
